[0.009s] Invoking command in '/home/pz10on/Work/ws02_tools/build/pz_car': /usr/bin/cmake /home/pz10on/Work/ws02_tools/src/pz_car -DCMAKE_INSTALL_PREFIX=/home/pz10on/Work/ws02_tools/install/pz_car
[0.017s] -- Found ament_cmake: 1.3.5 (/opt/ros/humble/share/ament_cmake/cmake)
[0.111s] -- Found rosidl_default_generators: 1.2.0 (/opt/ros/humble/share/rosidl_default_generators/cmake)
[0.112s] -- Using all available rosidl_typesupport_c: rosidl_typesupport_fastrtps_c;rosidl_typesupport_introspection_c
[0.114s] -- Found rosidl_adapter: 3.1.5 (/opt/ros/humble/share/rosidl_adapter/cmake)
[0.134s] -- Using all available rosidl_typesupport_cpp: rosidl_typesupport_fastrtps_cpp;rosidl_typesupport_introspection_cpp
[0.184s] Error parsing '/home/pz10on/Work/ws02_tools/src/pz_car/package.xml':
[0.215s] Traceback (most recent call last):
[0.215s]   File "/opt/ros/humble/share/ament_cmake_core/cmake/core/package_xml_2_cmake.py", line 150, in <module>
[0.215s]     main()
[0.215s]   File "/opt/ros/humble/share/ament_cmake_core/cmake/core/package_xml_2_cmake.py", line 53, in main
[0.215s]     raise e
[0.215s]   File "/opt/ros/humble/share/ament_cmake_core/cmake/core/package_xml_2_cmake.py", line 49, in main
[0.215s]     package = parse_package_string(
[0.215s]   File "/usr/lib/python3/dist-packages/catkin_pkg/package.py", line 786, in parse_package_string
[0.222s]     raise InvalidPackage('Error(s):%s' % (''.join(['\n- %s' % e for e in errors])), filename)
[0.222s] catkin_pkg.package.InvalidPackage: Error(s) in package '/home/pz10on/Work/ws02_tools/src/pz_car/package.xml':
[0.222s] Error(s):
[0.222s] - The manifest of package "pz_car" (with format version 3) must not contain the following tags: build_type
[0.233s] [31mCMake Error at /opt/ros/humble/share/ament_cmake_core/cmake/core/ament_package_xml.cmake:95 (message):
[0.233s]   execute_process(/usr/bin/python3.10
[0.233s]   /opt/ros/humble/share/ament_cmake_core/cmake/core/package_xml_2_cmake.py
[0.233s]   /home/pz10on/Work/ws02_tools/src/pz_car/package.xml
[0.233s]   /home/pz10on/Work/ws02_tools/build/pz_car/ament_cmake_core/package.cmake)
[0.233s]   returned error code 1
[0.234s] Call Stack (most recent call first):
[0.234s]   /opt/ros/humble/share/ament_cmake_core/cmake/core/ament_package_xml.cmake:49 (_ament_package_xml)
[0.234s]   /opt/ros/humble/share/ament_cmake_core/cmake/core/ament_package.cmake:63 (ament_package_xml)
[0.234s]   CMakeLists.txt:11 (ament_package)
[0.234s] 
[0.234s] [0m
[0.234s] -- Configuring incomplete, errors occurred!
[0.234s] See also "/home/pz10on/Work/ws02_tools/build/pz_car/CMakeFiles/CMakeOutput.log".
[0.236s] Invoked command in '/home/pz10on/Work/ws02_tools/build/pz_car' returned '1': /usr/bin/cmake /home/pz10on/Work/ws02_tools/src/pz_car -DCMAKE_INSTALL_PREFIX=/home/pz10on/Work/ws02_tools/install/pz_car
