[0.009s] Invoking command in '/home/pz10on/Work/ws02_tools/build/kruisee_lidar': CMAKE_PREFIX_PATH=/opt/ros/humble /usr/bin/cmake --build /home/pz10on/Work/ws02_tools/build/kruisee_lidar -- -j12 -l12
[0.042s] [35m[1mConsolidate compiler generated dependencies of target sdk_core[0m
[0.070s] [ 94%] Built target sdk_core
[0.079s] [35m[1mConsolidate compiler generated dependencies of target kruisee_lidar_node[0m
[0.091s] [100%] Built target kruisee_lidar_node
[0.099s] Invoked command in '/home/pz10on/Work/ws02_tools/build/kruisee_lidar' returned '0': CMAKE_PREFIX_PATH=/opt/ros/humble /usr/bin/cmake --build /home/pz10on/Work/ws02_tools/build/kruisee_lidar -- -j12 -l12
[0.123s] Invoking command in '/home/pz10on/Work/ws02_tools/build/kruisee_lidar': CMAKE_PREFIX_PATH=/opt/ros/humble /usr/bin/cmake --install /home/pz10on/Work/ws02_tools/build/kruisee_lidar
[0.128s] -- Install configuration: ""
[0.128s] -- Up-to-date: /home/pz10on/Work/ws02_tools/install/kruisee_lidar/share/ament_index/resource_index/package_run_dependencies/kruisee_lidar
[0.128s] -- Up-to-date: /home/pz10on/Work/ws02_tools/install/kruisee_lidar/share/ament_index/resource_index/parent_prefix_path/kruisee_lidar
[0.128s] -- Up-to-date: /home/pz10on/Work/ws02_tools/install/kruisee_lidar/share/kruisee_lidar/environment/ament_prefix_path.sh
[0.128s] -- Up-to-date: /home/pz10on/Work/ws02_tools/install/kruisee_lidar/share/kruisee_lidar/environment/ament_prefix_path.dsv
[0.128s] -- Up-to-date: /home/pz10on/Work/ws02_tools/install/kruisee_lidar/share/kruisee_lidar/environment/path.sh
[0.128s] -- Up-to-date: /home/pz10on/Work/ws02_tools/install/kruisee_lidar/share/kruisee_lidar/environment/path.dsv
[0.128s] -- Up-to-date: /home/pz10on/Work/ws02_tools/install/kruisee_lidar/share/kruisee_lidar/local_setup.bash
[0.129s] -- Up-to-date: /home/pz10on/Work/ws02_tools/install/kruisee_lidar/share/kruisee_lidar/local_setup.sh
[0.129s] -- Up-to-date: /home/pz10on/Work/ws02_tools/install/kruisee_lidar/share/kruisee_lidar/local_setup.zsh
[0.129s] -- Up-to-date: /home/pz10on/Work/ws02_tools/install/kruisee_lidar/share/kruisee_lidar/local_setup.dsv
[0.129s] -- Installing: /home/pz10on/Work/ws02_tools/install/kruisee_lidar/share/kruisee_lidar/package.dsv
[0.129s] -- Up-to-date: /home/pz10on/Work/ws02_tools/install/kruisee_lidar/share/ament_index/resource_index/packages/kruisee_lidar
[0.129s] -- Up-to-date: /home/pz10on/Work/ws02_tools/install/kruisee_lidar/share/kruisee_lidar/cmake/kruisee_lidarConfig.cmake
[0.129s] -- Up-to-date: /home/pz10on/Work/ws02_tools/install/kruisee_lidar/share/kruisee_lidar/cmake/kruisee_lidarConfig-version.cmake
[0.129s] -- Up-to-date: /home/pz10on/Work/ws02_tools/install/kruisee_lidar/share/kruisee_lidar/package.xml
[0.129s] -- Up-to-date: /home/pz10on/Work/ws02_tools/install/kruisee_lidar/lib/kruisee_lidar/kruisee_lidar_node
[0.129s] -- Up-to-date: /home/pz10on/Work/ws02_tools/install/kruisee_lidar/share/kruisee_lidar/launch
[0.129s] -- Up-to-date: /home/pz10on/Work/ws02_tools/install/kruisee_lidar/share/kruisee_lidar/launch/kruisee_lidar.xml
[0.129s] -- Up-to-date: /home/pz10on/Work/ws02_tools/install/kruisee_lidar/share/kruisee_lidar/launch/kruisee_lidar.yaml
[0.129s] -- Up-to-date: /home/pz10on/Work/ws02_tools/install/kruisee_lidar/share/kruisee_lidar/config
[0.129s] -- Up-to-date: /home/pz10on/Work/ws02_tools/install/kruisee_lidar/share/kruisee_lidar/config/lidar.lua
[0.129s] -- Up-to-date: /home/pz10on/Work/ws02_tools/install/kruisee_lidar/share/kruisee_lidar/config/protocol.lua
[0.129s] -- Up-to-date: /home/pz10on/Work/ws02_tools/install/kruisee_lidar/share/kruisee_lidar/config/pose.lua
[0.130s] -- Up-to-date: /home/pz10on/Work/ws02_tools/install/kruisee_lidar/share/kruisee_lidar/config/kruisee_lidar.rviz
[0.130s] -- Up-to-date: /home/pz10on/Work/ws02_tools/install/kruisee_lidar/share/kruisee_lidar/config/kruisee_lidar_0.lua
[0.130s] -- Up-to-date: /home/pz10on/Work/ws02_tools/install/kruisee_lidar/share/kruisee_lidar/config/filters.lua
[0.130s] -- Up-to-date: /home/pz10on/Work/ws02_tools/install/kruisee_lidar/share/kruisee_lidar/config/kruisee_lidar_1.lua
[0.130s] -- Up-to-date: /home/pz10on/Work/ws02_tools/install/kruisee_lidar/share/kruisee_lidar/config/kruisee_lidar_t.lua
[0.130s] -- Up-to-date: /home/pz10on/Work/ws02_tools/install/kruisee_lidar/lib/libsdk_core.so
[0.130s] -- Up-to-date: /home/pz10on/Work/ws02_tools/install/kruisee_lidar/include
[0.130s] -- Up-to-date: /home/pz10on/Work/ws02_tools/install/kruisee_lidar/include/common
[0.130s] -- Up-to-date: /home/pz10on/Work/ws02_tools/install/kruisee_lidar/include/common/scripts.h
[0.130s] -- Up-to-date: /home/pz10on/Work/ws02_tools/install/kruisee_lidar/include/common/loader.h
[0.131s] -- Up-to-date: /home/pz10on/Work/ws02_tools/install/kruisee_lidar/include/common/configurator.h
[0.131s] -- Up-to-date: /home/pz10on/Work/ws02_tools/install/kruisee_lidar/include/filters
[0.131s] -- Up-to-date: /home/pz10on/Work/ws02_tools/install/kruisee_lidar/include/filters/smoother.h
[0.131s] -- Up-to-date: /home/pz10on/Work/ws02_tools/install/kruisee_lidar/include/filters/outlierfilter.h
[0.132s] -- Up-to-date: /home/pz10on/Work/ws02_tools/install/kruisee_lidar/include/filters/point2d.h
[0.132s] -- Up-to-date: /home/pz10on/Work/ws02_tools/install/kruisee_lidar/include/filters/trailingfilter.h
[0.132s] -- Up-to-date: /home/pz10on/Work/ws02_tools/install/kruisee_lidar/include/filters/ismoother.h
[0.132s] -- Up-to-date: /home/pz10on/Work/ws02_tools/install/kruisee_lidar/include/sdkcore.h
[0.132s] -- Up-to-date: /home/pz10on/Work/ws02_tools/install/kruisee_lidar/include/drivers
[0.132s] -- Up-to-date: /home/pz10on/Work/ws02_tools/install/kruisee_lidar/include/drivers/ethernet.h
[0.133s] -- Up-to-date: /home/pz10on/Work/ws02_tools/install/kruisee_lidar/include/drivers/msg.h
[0.133s] -- Up-to-date: /home/pz10on/Work/ws02_tools/install/kruisee_lidar/include/drivers/iworker.h
[0.133s] -- Up-to-date: /home/pz10on/Work/ws02_tools/install/kruisee_lidar/include/drivers/lidar.h
[0.133s] -- Up-to-date: /home/pz10on/Work/ws02_tools/install/kruisee_lidar/include/drivers/uart.h
[0.133s] -- Up-to-date: /home/pz10on/Work/ws02_tools/install/kruisee_lidar/include/drivers/message.h
[0.133s] -- Up-to-date: /home/pz10on/Work/ws02_tools/install/kruisee_lidar/include/drivers/protocol.h
[0.133s] -- Up-to-date: /home/pz10on/Work/ws02_tools/install/kruisee_lidar/config
[0.134s] -- Up-to-date: /home/pz10on/Work/ws02_tools/install/kruisee_lidar/config/lidar.lua
[0.134s] -- Up-to-date: /home/pz10on/Work/ws02_tools/install/kruisee_lidar/config/protocol.lua
[0.134s] -- Up-to-date: /home/pz10on/Work/ws02_tools/install/kruisee_lidar/config/pose.lua
[0.134s] -- Up-to-date: /home/pz10on/Work/ws02_tools/install/kruisee_lidar/config/kruisee_lidar.rviz
[0.134s] -- Up-to-date: /home/pz10on/Work/ws02_tools/install/kruisee_lidar/config/kruisee_lidar_0.lua
[0.135s] -- Up-to-date: /home/pz10on/Work/ws02_tools/install/kruisee_lidar/config/filters.lua
[0.135s] -- Up-to-date: /home/pz10on/Work/ws02_tools/install/kruisee_lidar/config/kruisee_lidar_1.lua
[0.135s] -- Up-to-date: /home/pz10on/Work/ws02_tools/install/kruisee_lidar/config/kruisee_lidar_t.lua
[0.135s] Invoked command in '/home/pz10on/Work/ws02_tools/build/kruisee_lidar' returned '0': CMAKE_PREFIX_PATH=/opt/ros/humble /usr/bin/cmake --install /home/pz10on/Work/ws02_tools/build/kruisee_lidar
