[35m[1mConsolidate compiler generated dependencies of target demo01_writer.cpp[0m
[35m[1mConsolidate compiler generated dependencies of target demo02_read.cpp[0m
[ 50%] Built target demo02_read.cpp
[100%] Built target demo01_writer.cpp
-- Install configuration: ""
-- Up-to-date: /home/pz10on/Work/ws02_tools/install/cpp02_rosbag2/lib/cpp02_rosbag2/demo01_writer.cpp
-- Up-to-date: /home/pz10on/Work/ws02_tools/install/cpp02_rosbag2/lib/cpp02_rosbag2/demo02_read.cpp
-- Up-to-date: /home/pz10on/Work/ws02_tools/install/cpp02_rosbag2/share/ament_index/resource_index/package_run_dependencies/cpp02_rosbag2
-- Up-to-date: /home/pz10on/Work/ws02_tools/install/cpp02_rosbag2/share/ament_index/resource_index/parent_prefix_path/cpp02_rosbag2
-- Up-to-date: /home/pz10on/Work/ws02_tools/install/cpp02_rosbag2/share/cpp02_rosbag2/environment/ament_prefix_path.sh
-- Up-to-date: /home/pz10on/Work/ws02_tools/install/cpp02_rosbag2/share/cpp02_rosbag2/environment/ament_prefix_path.dsv
-- Up-to-date: /home/pz10on/Work/ws02_tools/install/cpp02_rosbag2/share/cpp02_rosbag2/environment/path.sh
-- Up-to-date: /home/pz10on/Work/ws02_tools/install/cpp02_rosbag2/share/cpp02_rosbag2/environment/path.dsv
-- Up-to-date: /home/pz10on/Work/ws02_tools/install/cpp02_rosbag2/share/cpp02_rosbag2/local_setup.bash
-- Up-to-date: /home/pz10on/Work/ws02_tools/install/cpp02_rosbag2/share/cpp02_rosbag2/local_setup.sh
-- Up-to-date: /home/pz10on/Work/ws02_tools/install/cpp02_rosbag2/share/cpp02_rosbag2/local_setup.zsh
-- Up-to-date: /home/pz10on/Work/ws02_tools/install/cpp02_rosbag2/share/cpp02_rosbag2/local_setup.dsv
-- Installing: /home/pz10on/Work/ws02_tools/install/cpp02_rosbag2/share/cpp02_rosbag2/package.dsv
-- Up-to-date: /home/pz10on/Work/ws02_tools/install/cpp02_rosbag2/share/ament_index/resource_index/packages/cpp02_rosbag2
-- Up-to-date: /home/pz10on/Work/ws02_tools/install/cpp02_rosbag2/share/cpp02_rosbag2/cmake/cpp02_rosbag2Config.cmake
-- Up-to-date: /home/pz10on/Work/ws02_tools/install/cpp02_rosbag2/share/cpp02_rosbag2/cmake/cpp02_rosbag2Config-version.cmake
-- Up-to-date: /home/pz10on/Work/ws02_tools/install/cpp02_rosbag2/share/cpp02_rosbag2/package.xml
