[0.013s] Invoking command in '/home/pz10on/Work/ws02_tools/build/cpp02_rosbag2': CMAKE_PREFIX_PATH=/opt/ros/humble /usr/bin/cmake --build /home/pz10on/Work/ws02_tools/build/cpp02_rosbag2 -- -j12 -l12
[0.041s] [35m[1mConsolidate compiler generated dependencies of target demo01_writer.cpp[0m
[0.041s] [35m[1mConsolidate compiler generated dependencies of target demo02_read.cpp[0m
[0.054s] [ 50%] Built target demo02_read.cpp
[0.054s] [100%] Built target demo01_writer.cpp
[0.061s] Invoked command in '/home/pz10on/Work/ws02_tools/build/cpp02_rosbag2' returned '0': CMAKE_PREFIX_PATH=/opt/ros/humble /usr/bin/cmake --build /home/pz10on/Work/ws02_tools/build/cpp02_rosbag2 -- -j12 -l12
[0.078s] Invoking command in '/home/pz10on/Work/ws02_tools/build/cpp02_rosbag2': CMAKE_PREFIX_PATH=/opt/ros/humble /usr/bin/cmake --install /home/pz10on/Work/ws02_tools/build/cpp02_rosbag2
[0.083s] -- Install configuration: ""
[0.083s] -- Up-to-date: /home/pz10on/Work/ws02_tools/install/cpp02_rosbag2/lib/cpp02_rosbag2/demo01_writer.cpp
[0.083s] -- Up-to-date: /home/pz10on/Work/ws02_tools/install/cpp02_rosbag2/lib/cpp02_rosbag2/demo02_read.cpp
[0.083s] -- Up-to-date: /home/pz10on/Work/ws02_tools/install/cpp02_rosbag2/share/ament_index/resource_index/package_run_dependencies/cpp02_rosbag2
[0.083s] -- Up-to-date: /home/pz10on/Work/ws02_tools/install/cpp02_rosbag2/share/ament_index/resource_index/parent_prefix_path/cpp02_rosbag2
[0.083s] -- Up-to-date: /home/pz10on/Work/ws02_tools/install/cpp02_rosbag2/share/cpp02_rosbag2/environment/ament_prefix_path.sh
[0.083s] -- Up-to-date: /home/pz10on/Work/ws02_tools/install/cpp02_rosbag2/share/cpp02_rosbag2/environment/ament_prefix_path.dsv
[0.084s] -- Up-to-date: /home/pz10on/Work/ws02_tools/install/cpp02_rosbag2/share/cpp02_rosbag2/environment/path.sh
[0.084s] -- Up-to-date: /home/pz10on/Work/ws02_tools/install/cpp02_rosbag2/share/cpp02_rosbag2/environment/path.dsv
[0.084s] -- Up-to-date: /home/pz10on/Work/ws02_tools/install/cpp02_rosbag2/share/cpp02_rosbag2/local_setup.bash
[0.084s] -- Up-to-date: /home/pz10on/Work/ws02_tools/install/cpp02_rosbag2/share/cpp02_rosbag2/local_setup.sh
[0.084s] -- Up-to-date: /home/pz10on/Work/ws02_tools/install/cpp02_rosbag2/share/cpp02_rosbag2/local_setup.zsh
[0.084s] -- Up-to-date: /home/pz10on/Work/ws02_tools/install/cpp02_rosbag2/share/cpp02_rosbag2/local_setup.dsv
[0.084s] -- Installing: /home/pz10on/Work/ws02_tools/install/cpp02_rosbag2/share/cpp02_rosbag2/package.dsv
[0.084s] -- Up-to-date: /home/pz10on/Work/ws02_tools/install/cpp02_rosbag2/share/ament_index/resource_index/packages/cpp02_rosbag2
[0.084s] -- Up-to-date: /home/pz10on/Work/ws02_tools/install/cpp02_rosbag2/share/cpp02_rosbag2/cmake/cpp02_rosbag2Config.cmake
[0.084s] -- Up-to-date: /home/pz10on/Work/ws02_tools/install/cpp02_rosbag2/share/cpp02_rosbag2/cmake/cpp02_rosbag2Config-version.cmake
[0.084s] -- Up-to-date: /home/pz10on/Work/ws02_tools/install/cpp02_rosbag2/share/cpp02_rosbag2/package.xml
[0.086s] Invoked command in '/home/pz10on/Work/ws02_tools/build/cpp02_rosbag2' returned '0': CMAKE_PREFIX_PATH=/opt/ros/humble /usr/bin/cmake --install /home/pz10on/Work/ws02_tools/build/cpp02_rosbag2
