[0.009s] Invoking command in '/home/pz10on/Work/ws02_tools/build/pz_car': /usr/bin/cmake /home/pz10on/Work/ws02_tools/src/pz_car -DCMAKE_INSTALL_PREFIX=/home/pz10on/Work/ws02_tools/install/pz_car
[0.017s] -- Found ament_cmake: 1.3.5 (/opt/ros/humble/share/ament_cmake/cmake)
[0.110s] -- Found rosidl_default_generators: 1.2.0 (/opt/ros/humble/share/rosidl_default_generators/cmake)
[0.112s] -- Using all available rosidl_typesupport_c: rosidl_typesupport_fastrtps_c;rosidl_typesupport_introspection_c
[0.116s] -- Found rosidl_adapter: 3.1.5 (/opt/ros/humble/share/rosidl_adapter/cmake)
[0.140s] -- Using all available rosidl_typesupport_cpp: rosidl_typesupport_fastrtps_cpp;rosidl_typesupport_introspection_cpp
[0.167s] [31mCMake Error at CMakeLists.txt:9 (find_package):
[0.167s]   By not providing "Findgazebo.cmake" in CMAKE_MODULE_PATH this project has
[0.167s]   asked CMake to find a package configuration file provided by "gazebo", but
[0.167s]   CMake did not find one.
[0.167s] 
[0.167s]   Could not find a package configuration file provided by "gazebo" with any
[0.167s]   of the following names:
[0.167s] 
[0.167s]     gazeboConfig.cmake
[0.167s]     gazebo-config.cmake
[0.167s] 
[0.167s]   Add the installation prefix of "gazebo" to CMAKE_PREFIX_PATH or set
[0.167s]   "gazebo_DIR" to a directory containing one of the above files.  If "gazebo"
[0.167s]   provides a separate development package or SDK, be sure it has been
[0.167s]   installed.
[0.167s] 
[0.168s] [0m
[0.168s] -- Configuring incomplete, errors occurred!
[0.168s] See also "/home/pz10on/Work/ws02_tools/build/pz_car/CMakeFiles/CMakeOutput.log".
[0.170s] Invoked command in '/home/pz10on/Work/ws02_tools/build/pz_car' returned '1': /usr/bin/cmake /home/pz10on/Work/ws02_tools/src/pz_car -DCMAKE_INSTALL_PREFIX=/home/pz10on/Work/ws02_tools/install/pz_car
