[0.239s] DEBUG:colcon:Command line arguments: ['/usr/bin/colcon', 'build', '--packages-select', 'cpp02_rosbag2']
[0.239s] DEBUG:colcon:Parsed command line arguments: Namespace(log_base=None, log_level=None, verb_name='build', build_base='build', install_base='install', merge_install=False, symlink_install=False, test_result_base=None, continue_on_error=False, executor='parallel', parallel_workers=12, event_handlers=None, ignore_user_meta=False, metas=['./colcon.meta'], base_paths=['.'], packages_ignore=None, packages_ignore_regex=None, paths=None, packages_up_to=None, packages_up_to_regex=None, packages_above=None, packages_above_and_dependencies=None, packages_above_depth=None, packages_select_by_dep=None, packages_skip_by_dep=None, packages_skip_up_to=None, packages_select_build_failed=False, packages_skip_build_finished=False, packages_select_test_failures=False, packages_skip_test_passed=False, packages_select=['cpp02_rosbag2'], packages_skip=None, packages_select_regex=None, packages_skip_regex=None, packages_start=None, packages_end=None, allow_overriding=[], cmake_args=None, cmake_target=None, cmake_target_skip_unavailable=False, cmake_clean_cache=False, cmake_clean_first=False, cmake_force_configure=False, ament_cmake_args=None, catkin_cmake_args=None, catkin_skip_building_tests=False, verb_parser=<colcon_defaults.argument_parser.defaults.DefaultArgumentsDecorator object at 0x7f1bc40bde40>, verb_extension=<colcon_core.verb.build.BuildVerb object at 0x7f1bc4928640>, main=<bound method BuildVerb.main of <colcon_core.verb.build.BuildVerb object at 0x7f1bc4928640>>)
[0.267s] Level 1:colcon.colcon_core.package_discovery:discover_packages(colcon_meta) check parameters
[0.268s] Level 1:colcon.colcon_core.package_discovery:discover_packages(recursive) check parameters
[0.268s] Level 1:colcon.colcon_core.package_discovery:discover_packages(ignore) check parameters
[0.268s] Level 1:colcon.colcon_core.package_discovery:discover_packages(path) check parameters
[0.268s] Level 1:colcon.colcon_core.package_discovery:discover_packages(colcon_meta) discover
[0.268s] Level 1:colcon.colcon_core.package_discovery:discover_packages(recursive) discover
[0.268s] INFO:colcon.colcon_core.package_discovery:Crawling recursively for packages in '/home/pz10on/Work/ws02_tools'
[0.268s] Level 1:colcon.colcon_core.package_identification:_identify(.) by extensions ['ignore', 'ignore_ament_install']
[0.268s] Level 1:colcon.colcon_core.package_identification:_identify(.) by extension 'ignore'
[0.268s] Level 1:colcon.colcon_core.package_identification:_identify(.) by extension 'ignore_ament_install'
[0.268s] Level 1:colcon.colcon_core.package_identification:_identify(.) by extensions ['colcon_pkg']
[0.268s] Level 1:colcon.colcon_core.package_identification:_identify(.) by extension 'colcon_pkg'
[0.268s] Level 1:colcon.colcon_core.package_identification:_identify(.) by extensions ['colcon_meta']
[0.268s] Level 1:colcon.colcon_core.package_identification:_identify(.) by extension 'colcon_meta'
[0.268s] Level 1:colcon.colcon_core.package_identification:_identify(.) by extensions ['ros']
[0.268s] Level 1:colcon.colcon_core.package_identification:_identify(.) by extension 'ros'
[0.275s] Level 1:colcon.colcon_core.package_identification:_identify(.) by extensions ['cmake', 'python']
[0.275s] Level 1:colcon.colcon_core.package_identification:_identify(.) by extension 'cmake'
[0.275s] Level 1:colcon.colcon_core.package_identification:_identify(.) by extension 'python'
[0.275s] Level 1:colcon.colcon_core.package_identification:_identify(.) by extensions ['python_setup_py']
[0.275s] Level 1:colcon.colcon_core.package_identification:_identify(.) by extension 'python_setup_py'
[0.275s] Level 1:colcon.colcon_core.package_identification:_identify(build) by extensions ['ignore', 'ignore_ament_install']
[0.276s] Level 1:colcon.colcon_core.package_identification:_identify(build) by extension 'ignore'
[0.276s] Level 1:colcon.colcon_core.package_identification:_identify(build) ignored
[0.276s] Level 1:colcon.colcon_core.package_identification:_identify(install) by extensions ['ignore', 'ignore_ament_install']
[0.276s] Level 1:colcon.colcon_core.package_identification:_identify(install) by extension 'ignore'
[0.276s] Level 1:colcon.colcon_core.package_identification:_identify(install) ignored
[0.276s] Level 1:colcon.colcon_core.package_identification:_identify(log) by extensions ['ignore', 'ignore_ament_install']
[0.276s] Level 1:colcon.colcon_core.package_identification:_identify(log) by extension 'ignore'
[0.276s] Level 1:colcon.colcon_core.package_identification:_identify(log) ignored
[0.276s] Level 1:colcon.colcon_core.package_identification:_identify(my_bag) by extensions ['ignore', 'ignore_ament_install']
[0.276s] Level 1:colcon.colcon_core.package_identification:_identify(my_bag) by extension 'ignore'
[0.276s] Level 1:colcon.colcon_core.package_identification:_identify(my_bag) by extension 'ignore_ament_install'
[0.276s] Level 1:colcon.colcon_core.package_identification:_identify(my_bag) by extensions ['colcon_pkg']
[0.276s] Level 1:colcon.colcon_core.package_identification:_identify(my_bag) by extension 'colcon_pkg'
[0.276s] Level 1:colcon.colcon_core.package_identification:_identify(my_bag) by extensions ['colcon_meta']
[0.276s] Level 1:colcon.colcon_core.package_identification:_identify(my_bag) by extension 'colcon_meta'
[0.276s] Level 1:colcon.colcon_core.package_identification:_identify(my_bag) by extensions ['ros']
[0.276s] Level 1:colcon.colcon_core.package_identification:_identify(my_bag) by extension 'ros'
[0.276s] Level 1:colcon.colcon_core.package_identification:_identify(my_bag) by extensions ['cmake', 'python']
[0.276s] Level 1:colcon.colcon_core.package_identification:_identify(my_bag) by extension 'cmake'
[0.276s] Level 1:colcon.colcon_core.package_identification:_identify(my_bag) by extension 'python'
[0.276s] Level 1:colcon.colcon_core.package_identification:_identify(my_bag) by extensions ['python_setup_py']
[0.276s] Level 1:colcon.colcon_core.package_identification:_identify(my_bag) by extension 'python_setup_py'
[0.276s] Level 1:colcon.colcon_core.package_identification:_identify(src) by extensions ['ignore', 'ignore_ament_install']
[0.276s] Level 1:colcon.colcon_core.package_identification:_identify(src) by extension 'ignore'
[0.276s] Level 1:colcon.colcon_core.package_identification:_identify(src) by extension 'ignore_ament_install'
[0.276s] Level 1:colcon.colcon_core.package_identification:_identify(src) by extensions ['colcon_pkg']
[0.276s] Level 1:colcon.colcon_core.package_identification:_identify(src) by extension 'colcon_pkg'
[0.276s] Level 1:colcon.colcon_core.package_identification:_identify(src) by extensions ['colcon_meta']
[0.277s] Level 1:colcon.colcon_core.package_identification:_identify(src) by extension 'colcon_meta'
[0.277s] Level 1:colcon.colcon_core.package_identification:_identify(src) by extensions ['ros']
[0.277s] Level 1:colcon.colcon_core.package_identification:_identify(src) by extension 'ros'
[0.277s] Level 1:colcon.colcon_core.package_identification:_identify(src) by extensions ['cmake', 'python']
[0.277s] Level 1:colcon.colcon_core.package_identification:_identify(src) by extension 'cmake'
[0.277s] Level 1:colcon.colcon_core.package_identification:_identify(src) by extension 'python'
[0.277s] Level 1:colcon.colcon_core.package_identification:_identify(src) by extensions ['python_setup_py']
[0.277s] Level 1:colcon.colcon_core.package_identification:_identify(src) by extension 'python_setup_py'
[0.277s] Level 1:colcon.colcon_core.package_identification:_identify(src/cpp01_launch) by extensions ['ignore', 'ignore_ament_install']
[0.277s] Level 1:colcon.colcon_core.package_identification:_identify(src/cpp01_launch) by extension 'ignore'
[0.277s] Level 1:colcon.colcon_core.package_identification:_identify(src/cpp01_launch) by extension 'ignore_ament_install'
[0.277s] Level 1:colcon.colcon_core.package_identification:_identify(src/cpp01_launch) by extensions ['colcon_pkg']
[0.277s] Level 1:colcon.colcon_core.package_identification:_identify(src/cpp01_launch) by extension 'colcon_pkg'
[0.277s] Level 1:colcon.colcon_core.package_identification:_identify(src/cpp01_launch) by extensions ['colcon_meta']
[0.277s] Level 1:colcon.colcon_core.package_identification:_identify(src/cpp01_launch) by extension 'colcon_meta'
[0.277s] Level 1:colcon.colcon_core.package_identification:_identify(src/cpp01_launch) by extensions ['ros']
[0.277s] Level 1:colcon.colcon_core.package_identification:_identify(src/cpp01_launch) by extension 'ros'
[0.279s] DEBUG:colcon.colcon_core.package_identification:Package 'src/cpp01_launch' with type 'ros.ament_cmake' and name 'cpp01_launch'
[0.279s] Level 1:colcon.colcon_core.package_identification:_identify(src/cpp02_rosbag2) by extensions ['ignore', 'ignore_ament_install']
[0.279s] Level 1:colcon.colcon_core.package_identification:_identify(src/cpp02_rosbag2) by extension 'ignore'
[0.279s] Level 1:colcon.colcon_core.package_identification:_identify(src/cpp02_rosbag2) by extension 'ignore_ament_install'
[0.279s] Level 1:colcon.colcon_core.package_identification:_identify(src/cpp02_rosbag2) by extensions ['colcon_pkg']
[0.279s] Level 1:colcon.colcon_core.package_identification:_identify(src/cpp02_rosbag2) by extension 'colcon_pkg'
[0.279s] Level 1:colcon.colcon_core.package_identification:_identify(src/cpp02_rosbag2) by extensions ['colcon_meta']
[0.279s] Level 1:colcon.colcon_core.package_identification:_identify(src/cpp02_rosbag2) by extension 'colcon_meta'
[0.279s] Level 1:colcon.colcon_core.package_identification:_identify(src/cpp02_rosbag2) by extensions ['ros']
[0.279s] Level 1:colcon.colcon_core.package_identification:_identify(src/cpp02_rosbag2) by extension 'ros'
[0.280s] DEBUG:colcon.colcon_core.package_identification:Package 'src/cpp02_rosbag2' with type 'ros.ament_cmake' and name 'cpp02_rosbag2'
[0.280s] Level 1:colcon.colcon_core.package_discovery:discover_packages(recursive) using defaults
[0.280s] Level 1:colcon.colcon_core.package_discovery:discover_packages(ignore) discover
[0.280s] Level 1:colcon.colcon_core.package_discovery:discover_packages(ignore) using defaults
[0.280s] Level 1:colcon.colcon_core.package_discovery:discover_packages(path) discover
[0.280s] Level 1:colcon.colcon_core.package_discovery:discover_packages(path) using defaults
[0.298s] INFO:colcon.colcon_core.package_selection:Skipping not selected package 'cpp01_launch' in 'src/cpp01_launch'
[0.298s] Level 1:colcon.colcon_core.package_discovery:discover_packages(prefix_path) check parameters
[0.298s] Level 1:colcon.colcon_core.package_discovery:discover_packages(prefix_path) discover
[0.301s] DEBUG:colcon.colcon_installed_package_information.package_discovery:Found 3 installed packages in /home/pz10on/Work/ws02_tools/install
[0.302s] DEBUG:colcon.colcon_installed_package_information.package_discovery:Found 277 installed packages in /opt/ros/humble
[0.303s] Level 1:colcon.colcon_core.package_discovery:discover_packages(prefix_path) using defaults
[0.338s] Level 5:colcon.colcon_core.verb:set package 'cpp02_rosbag2' build argument 'cmake_args' from command line to 'None'
[0.338s] Level 5:colcon.colcon_core.verb:set package 'cpp02_rosbag2' build argument 'cmake_target' from command line to 'None'
[0.338s] Level 5:colcon.colcon_core.verb:set package 'cpp02_rosbag2' build argument 'cmake_target_skip_unavailable' from command line to 'False'
[0.338s] Level 5:colcon.colcon_core.verb:set package 'cpp02_rosbag2' build argument 'cmake_clean_cache' from command line to 'False'
[0.338s] Level 5:colcon.colcon_core.verb:set package 'cpp02_rosbag2' build argument 'cmake_clean_first' from command line to 'False'
[0.338s] Level 5:colcon.colcon_core.verb:set package 'cpp02_rosbag2' build argument 'cmake_force_configure' from command line to 'False'
[0.338s] Level 5:colcon.colcon_core.verb:set package 'cpp02_rosbag2' build argument 'ament_cmake_args' from command line to 'None'
[0.338s] Level 5:colcon.colcon_core.verb:set package 'cpp02_rosbag2' build argument 'catkin_cmake_args' from command line to 'None'
[0.338s] Level 5:colcon.colcon_core.verb:set package 'cpp02_rosbag2' build argument 'catkin_skip_building_tests' from command line to 'False'
[0.338s] DEBUG:colcon.colcon_core.verb:Building package 'cpp02_rosbag2' with the following arguments: {'ament_cmake_args': None, 'build_base': '/home/pz10on/Work/ws02_tools/build/cpp02_rosbag2', 'catkin_cmake_args': None, 'catkin_skip_building_tests': False, 'cmake_args': None, 'cmake_clean_cache': False, 'cmake_clean_first': False, 'cmake_force_configure': False, 'cmake_target': None, 'cmake_target_skip_unavailable': False, 'install_base': '/home/pz10on/Work/ws02_tools/install/cpp02_rosbag2', 'merge_install': False, 'path': '/home/pz10on/Work/ws02_tools/src/cpp02_rosbag2', 'symlink_install': False, 'test_result_base': None}
[0.338s] INFO:colcon.colcon_core.executor:Executing jobs using 'parallel' executor
[0.340s] DEBUG:colcon.colcon_parallel_executor.executor.parallel:run_until_complete
[0.341s] INFO:colcon.colcon_ros.task.ament_cmake.build:Building ROS package in '/home/pz10on/Work/ws02_tools/src/cpp02_rosbag2' with build type 'ament_cmake'
[0.341s] INFO:colcon.colcon_cmake.task.cmake.build:Building CMake package in '/home/pz10on/Work/ws02_tools/src/cpp02_rosbag2'
[0.344s] INFO:colcon.colcon_core.plugin_system:Skipping extension 'colcon_core.shell.bat': Not used on non-Windows systems
[0.345s] INFO:colcon.colcon_core.shell:Skip shell extension 'powershell' for command environment: Not usable outside of PowerShell
[0.345s] DEBUG:colcon.colcon_core.shell:Skip shell extension 'dsv' for command environment
[0.351s] DEBUG:colcon.colcon_core.event_handler.log_command:Invoking command in '/home/pz10on/Work/ws02_tools/build/cpp02_rosbag2': CMAKE_PREFIX_PATH=${CMAKE_PREFIX_PATH}:/home/pz10on/Work/ws02_tools/install/py01_launch:/opt/ros/humble /usr/bin/cmake --build /home/pz10on/Work/ws02_tools/build/cpp02_rosbag2 -- -j12 -l12
[6.651s] DEBUG:colcon.colcon_core.event_handler.log_command:Invoked command in '/home/pz10on/Work/ws02_tools/build/cpp02_rosbag2' returned '0': CMAKE_PREFIX_PATH=${CMAKE_PREFIX_PATH}:/home/pz10on/Work/ws02_tools/install/py01_launch:/opt/ros/humble /usr/bin/cmake --build /home/pz10on/Work/ws02_tools/build/cpp02_rosbag2 -- -j12 -l12
[6.676s] DEBUG:colcon.colcon_core.event_handler.log_command:Invoking command in '/home/pz10on/Work/ws02_tools/build/cpp02_rosbag2': CMAKE_PREFIX_PATH=${CMAKE_PREFIX_PATH}:/home/pz10on/Work/ws02_tools/install/py01_launch:/opt/ros/humble /usr/bin/cmake --install /home/pz10on/Work/ws02_tools/build/cpp02_rosbag2
[6.685s] Level 1:colcon.colcon_core.environment:create_environment_scripts_only(cpp02_rosbag2)
[6.686s] DEBUG:colcon.colcon_core.event_handler.log_command:Invoked command in '/home/pz10on/Work/ws02_tools/build/cpp02_rosbag2' returned '0': CMAKE_PREFIX_PATH=${CMAKE_PREFIX_PATH}:/home/pz10on/Work/ws02_tools/install/py01_launch:/opt/ros/humble /usr/bin/cmake --install /home/pz10on/Work/ws02_tools/build/cpp02_rosbag2
[6.690s] Level 1:colcon.colcon_core.environment:checking '/home/pz10on/Work/ws02_tools/install/cpp02_rosbag2' for CMake module files
[6.691s] Level 1:colcon.colcon_core.environment:checking '/home/pz10on/Work/ws02_tools/install/cpp02_rosbag2' for CMake config files
[6.691s] Level 1:colcon.colcon_core.shell:create_environment_hook('cpp02_rosbag2', 'cmake_prefix_path')
[6.692s] INFO:colcon.colcon_core.shell:Creating environment hook '/home/pz10on/Work/ws02_tools/install/cpp02_rosbag2/share/cpp02_rosbag2/hook/cmake_prefix_path.ps1'
[6.692s] INFO:colcon.colcon_core.shell:Creating environment descriptor '/home/pz10on/Work/ws02_tools/install/cpp02_rosbag2/share/cpp02_rosbag2/hook/cmake_prefix_path.dsv'
[6.693s] INFO:colcon.colcon_core.shell:Creating environment hook '/home/pz10on/Work/ws02_tools/install/cpp02_rosbag2/share/cpp02_rosbag2/hook/cmake_prefix_path.sh'
[6.694s] Level 1:colcon.colcon_core.environment:checking '/home/pz10on/Work/ws02_tools/install/cpp02_rosbag2/lib'
[6.694s] Level 1:colcon.colcon_core.environment:checking '/home/pz10on/Work/ws02_tools/install/cpp02_rosbag2/bin'
[6.694s] Level 1:colcon.colcon_core.environment:checking '/home/pz10on/Work/ws02_tools/install/cpp02_rosbag2/lib/pkgconfig/cpp02_rosbag2.pc'
[6.694s] Level 1:colcon.colcon_core.environment:checking '/home/pz10on/Work/ws02_tools/install/cpp02_rosbag2/lib/python3.10/site-packages'
[6.694s] Level 1:colcon.colcon_core.environment:checking '/home/pz10on/Work/ws02_tools/install/cpp02_rosbag2/bin'
[6.695s] INFO:colcon.colcon_core.shell:Creating package script '/home/pz10on/Work/ws02_tools/install/cpp02_rosbag2/share/cpp02_rosbag2/package.ps1'
[6.696s] INFO:colcon.colcon_core.shell:Creating package descriptor '/home/pz10on/Work/ws02_tools/install/cpp02_rosbag2/share/cpp02_rosbag2/package.dsv'
[6.696s] INFO:colcon.colcon_core.shell:Creating package script '/home/pz10on/Work/ws02_tools/install/cpp02_rosbag2/share/cpp02_rosbag2/package.sh'
[6.697s] INFO:colcon.colcon_core.shell:Creating package script '/home/pz10on/Work/ws02_tools/install/cpp02_rosbag2/share/cpp02_rosbag2/package.bash'
[6.697s] INFO:colcon.colcon_core.shell:Creating package script '/home/pz10on/Work/ws02_tools/install/cpp02_rosbag2/share/cpp02_rosbag2/package.zsh'
[6.698s] Level 1:colcon.colcon_core.environment:create_file_with_runtime_dependencies(/home/pz10on/Work/ws02_tools/install/cpp02_rosbag2/share/colcon-core/packages/cpp02_rosbag2)
[6.716s] Level 1:colcon.colcon_core.environment:create_environment_scripts_only(cpp02_rosbag2)
[6.717s] Level 1:colcon.colcon_core.environment:checking '/home/pz10on/Work/ws02_tools/install/cpp02_rosbag2' for CMake module files
[6.718s] Level 1:colcon.colcon_core.environment:checking '/home/pz10on/Work/ws02_tools/install/cpp02_rosbag2' for CMake config files
[6.718s] Level 1:colcon.colcon_core.shell:create_environment_hook('cpp02_rosbag2', 'cmake_prefix_path')
[6.719s] INFO:colcon.colcon_core.shell:Creating environment hook '/home/pz10on/Work/ws02_tools/install/cpp02_rosbag2/share/cpp02_rosbag2/hook/cmake_prefix_path.ps1'
[6.719s] INFO:colcon.colcon_core.shell:Creating environment descriptor '/home/pz10on/Work/ws02_tools/install/cpp02_rosbag2/share/cpp02_rosbag2/hook/cmake_prefix_path.dsv'
[6.719s] INFO:colcon.colcon_core.shell:Creating environment hook '/home/pz10on/Work/ws02_tools/install/cpp02_rosbag2/share/cpp02_rosbag2/hook/cmake_prefix_path.sh'
[6.720s] Level 1:colcon.colcon_core.environment:checking '/home/pz10on/Work/ws02_tools/install/cpp02_rosbag2/lib'
[6.720s] Level 1:colcon.colcon_core.environment:checking '/home/pz10on/Work/ws02_tools/install/cpp02_rosbag2/bin'
[6.720s] Level 1:colcon.colcon_core.environment:checking '/home/pz10on/Work/ws02_tools/install/cpp02_rosbag2/lib/pkgconfig/cpp02_rosbag2.pc'
[6.720s] Level 1:colcon.colcon_core.environment:checking '/home/pz10on/Work/ws02_tools/install/cpp02_rosbag2/lib/python3.10/site-packages'
[6.720s] Level 1:colcon.colcon_core.environment:checking '/home/pz10on/Work/ws02_tools/install/cpp02_rosbag2/bin'
[6.721s] INFO:colcon.colcon_core.shell:Creating package script '/home/pz10on/Work/ws02_tools/install/cpp02_rosbag2/share/cpp02_rosbag2/package.ps1'
[6.721s] INFO:colcon.colcon_core.shell:Creating package descriptor '/home/pz10on/Work/ws02_tools/install/cpp02_rosbag2/share/cpp02_rosbag2/package.dsv'
[6.721s] INFO:colcon.colcon_core.shell:Creating package script '/home/pz10on/Work/ws02_tools/install/cpp02_rosbag2/share/cpp02_rosbag2/package.sh'
[6.722s] INFO:colcon.colcon_core.shell:Creating package script '/home/pz10on/Work/ws02_tools/install/cpp02_rosbag2/share/cpp02_rosbag2/package.bash'
[6.722s] INFO:colcon.colcon_core.shell:Creating package script '/home/pz10on/Work/ws02_tools/install/cpp02_rosbag2/share/cpp02_rosbag2/package.zsh'
[6.722s] Level 1:colcon.colcon_core.environment:create_file_with_runtime_dependencies(/home/pz10on/Work/ws02_tools/install/cpp02_rosbag2/share/colcon-core/packages/cpp02_rosbag2)
[6.722s] DEBUG:colcon.colcon_parallel_executor.executor.parallel:closing loop
[6.722s] DEBUG:colcon.colcon_parallel_executor.executor.parallel:loop closed
[6.723s] DEBUG:colcon.colcon_parallel_executor.executor.parallel:run_until_complete finished with '0'
[6.723s] DEBUG:colcon.colcon_core.event_reactor:joining thread
[6.727s] INFO:colcon.colcon_core.plugin_system:Skipping extension 'colcon_notification.desktop_notification.terminal_notifier': Not used on non-Darwin systems
[6.727s] INFO:colcon.colcon_core.plugin_system:Skipping extension 'colcon_notification.desktop_notification.win32': Not used on non-Windows systems
[6.727s] INFO:colcon.colcon_notification.desktop_notification:Sending desktop notification using 'notify2'
[6.736s] DEBUG:colcon.colcon_core.event_reactor:joined thread
[6.737s] INFO:colcon.colcon_core.shell:Creating prefix script '/home/pz10on/Work/ws02_tools/install/local_setup.ps1'
[6.738s] INFO:colcon.colcon_core.shell:Creating prefix util module '/home/pz10on/Work/ws02_tools/install/_local_setup_util_ps1.py'
[6.739s] INFO:colcon.colcon_core.shell:Creating prefix chain script '/home/pz10on/Work/ws02_tools/install/setup.ps1'
[6.740s] INFO:colcon.colcon_core.shell:Creating prefix script '/home/pz10on/Work/ws02_tools/install/local_setup.sh'
[6.741s] INFO:colcon.colcon_core.shell:Creating prefix util module '/home/pz10on/Work/ws02_tools/install/_local_setup_util_sh.py'
[6.741s] INFO:colcon.colcon_core.shell:Creating prefix chain script '/home/pz10on/Work/ws02_tools/install/setup.sh'
[6.742s] INFO:colcon.colcon_core.shell:Creating prefix script '/home/pz10on/Work/ws02_tools/install/local_setup.bash'
[6.743s] INFO:colcon.colcon_core.shell:Creating prefix chain script '/home/pz10on/Work/ws02_tools/install/setup.bash'
[6.744s] INFO:colcon.colcon_core.shell:Creating prefix script '/home/pz10on/Work/ws02_tools/install/local_setup.zsh'
[6.744s] INFO:colcon.colcon_core.shell:Creating prefix chain script '/home/pz10on/Work/ws02_tools/install/setup.zsh'
