[0.011s] Invoking command in '/home/pz10on/Work/ws02_tools/build/cpp01_launch': CMAKE_PREFIX_PATH=${CMAKE_PREFIX_PATH}:/home/pz10on/Work/ws02_tools/install/py01_launch:/opt/ros/humble /usr/bin/cmake --build /home/pz10on/Work/ws02_tools/build/cpp01_launch -- -j12 -l12
[0.039s] Invoked command in '/home/pz10on/Work/ws02_tools/build/cpp01_launch' returned '0': CMAKE_PREFIX_PATH=${CMAKE_PREFIX_PATH}:/home/pz10on/Work/ws02_tools/install/py01_launch:/opt/ros/humble /usr/bin/cmake --build /home/pz10on/Work/ws02_tools/build/cpp01_launch -- -j12 -l12
[0.060s] Invoking command in '/home/pz10on/Work/ws02_tools/build/cpp01_launch': CMAKE_PREFIX_PATH=${CMAKE_PREFIX_PATH}:/home/pz10on/Work/ws02_tools/install/py01_launch:/opt/ros/humble /usr/bin/cmake --install /home/pz10on/Work/ws02_tools/build/cpp01_launch
[0.065s] -- Install configuration: ""
[0.065s] -- Up-to-date: /home/pz10on/Work/ws02_tools/install/cpp01_launch/share/cpp01_launch/launch
[0.065s] -- Installing: /home/pz10on/Work/ws02_tools/install/cpp01_launch/share/cpp01_launch/launch/py02_node_launch.py
[0.065s] -- Up-to-date: /home/pz10on/Work/ws02_tools/install/cpp01_launch/share/cpp01_launch/launch/py01_exer01_launch.py
[0.065s] -- Up-to-date: /home/pz10on/Work/ws02_tools/install/cpp01_launch/share/ament_index/resource_index/package_run_dependencies/cpp01_launch
[0.065s] -- Up-to-date: /home/pz10on/Work/ws02_tools/install/cpp01_launch/share/ament_index/resource_index/parent_prefix_path/cpp01_launch
[0.065s] -- Up-to-date: /home/pz10on/Work/ws02_tools/install/cpp01_launch/share/cpp01_launch/environment/ament_prefix_path.sh
[0.065s] -- Up-to-date: /home/pz10on/Work/ws02_tools/install/cpp01_launch/share/cpp01_launch/environment/ament_prefix_path.dsv
[0.065s] -- Up-to-date: /home/pz10on/Work/ws02_tools/install/cpp01_launch/share/cpp01_launch/environment/path.sh
[0.065s] -- Up-to-date: /home/pz10on/Work/ws02_tools/install/cpp01_launch/share/cpp01_launch/environment/path.dsv
[0.065s] -- Up-to-date: /home/pz10on/Work/ws02_tools/install/cpp01_launch/share/cpp01_launch/local_setup.bash
[0.065s] -- Up-to-date: /home/pz10on/Work/ws02_tools/install/cpp01_launch/share/cpp01_launch/local_setup.sh
[0.065s] -- Up-to-date: /home/pz10on/Work/ws02_tools/install/cpp01_launch/share/cpp01_launch/local_setup.zsh
[0.065s] -- Up-to-date: /home/pz10on/Work/ws02_tools/install/cpp01_launch/share/cpp01_launch/local_setup.dsv
[0.065s] -- Installing: /home/pz10on/Work/ws02_tools/install/cpp01_launch/share/cpp01_launch/package.dsv
[0.065s] -- Up-to-date: /home/pz10on/Work/ws02_tools/install/cpp01_launch/share/ament_index/resource_index/packages/cpp01_launch
[0.065s] -- Up-to-date: /home/pz10on/Work/ws02_tools/install/cpp01_launch/share/cpp01_launch/cmake/cpp01_launchConfig.cmake
[0.065s] -- Up-to-date: /home/pz10on/Work/ws02_tools/install/cpp01_launch/share/cpp01_launch/cmake/cpp01_launchConfig-version.cmake
[0.066s] -- Up-to-date: /home/pz10on/Work/ws02_tools/install/cpp01_launch/share/cpp01_launch/package.xml
[0.067s] Invoked command in '/home/pz10on/Work/ws02_tools/build/cpp01_launch' returned '0': CMAKE_PREFIX_PATH=${CMAKE_PREFIX_PATH}:/home/pz10on/Work/ws02_tools/install/py01_launch:/opt/ros/humble /usr/bin/cmake --install /home/pz10on/Work/ws02_tools/build/cpp01_launch
