[0.014s] Invoking command in '/home/pz10on/Work/ws02_tools/build/cpp01_launch': CMAKE_PREFIX_PATH=/opt/ros/humble /usr/bin/cmake /home/pz10on/Work/ws02_tools/src/cpp01_launch -DCMAKE_INSTALL_PREFIX=/home/pz10on/Work/ws02_tools/install/cpp01_launch
[0.072s] -- The C compiler identification is GNU 11.4.0
[0.111s] -- The CXX compiler identification is GNU 11.4.0
[0.117s] -- Detecting C compiler ABI info
[0.165s] -- Detecting C compiler ABI info - done
[0.169s] -- Check for working C compiler: /usr/bin/cc - skipped
[0.170s] -- Detecting C compile features
[0.170s] -- Detecting C compile features - done
[0.172s] -- Detecting CXX compiler ABI info
[0.227s] -- Detecting CXX compiler ABI info - done
[0.232s] -- Check for working CXX compiler: /usr/bin/c++ - skipped
[0.232s] -- Detecting CXX compile features
[0.232s] -- Detecting CXX compile features - done
[0.235s] -- Found ament_cmake: 1.3.5 (/opt/ros/humble/share/ament_cmake/cmake)
[0.353s] -- Found Python3: /usr/bin/python3.10 (found version "3.10.12") found components: Interpreter 
[0.426s] -- Found rclcpp: 16.0.5 (/opt/ros/humble/share/rclcpp/cmake)
[0.459s] -- Found rosidl_generator_c: 3.1.5 (/opt/ros/humble/share/rosidl_generator_c/cmake)
[0.463s] -- Found rosidl_adapter: 3.1.5 (/opt/ros/humble/share/rosidl_adapter/cmake)
[0.470s] -- Found rosidl_generator_cpp: 3.1.5 (/opt/ros/humble/share/rosidl_generator_cpp/cmake)
[0.483s] -- Using all available rosidl_typesupport_c: rosidl_typesupport_fastrtps_c;rosidl_typesupport_introspection_c
[0.499s] -- Using all available rosidl_typesupport_cpp: rosidl_typesupport_fastrtps_cpp;rosidl_typesupport_introspection_cpp
[0.556s] -- Found rmw_implementation_cmake: 6.1.1 (/opt/ros/humble/share/rmw_implementation_cmake/cmake)
[0.558s] -- Found rmw_fastrtps_cpp: 6.2.3 (/opt/ros/humble/share/rmw_fastrtps_cpp/cmake)
[0.633s] -- Found OpenSSL: /usr/lib/x86_64-linux-gnu/libcrypto.so (found version "3.0.2")  
[0.651s] -- Found FastRTPS: /opt/ros/humble/include  
[0.681s] -- Using RMW implementation 'rmw_fastrtps_cpp' as default
[0.687s] -- Looking for pthread.h
[0.736s] -- Looking for pthread.h - found
[0.737s] -- Performing Test CMAKE_HAVE_LIBC_PTHREAD
[0.785s] -- Performing Test CMAKE_HAVE_LIBC_PTHREAD - Success
[0.786s] -- Found Threads: TRUE  
[0.896s] -- Found ament_lint_auto: 0.12.7 (/opt/ros/humble/share/ament_lint_auto/cmake)
[0.952s] -- Added test 'lint_cmake' to check CMake code style
[0.952s] -- Added test 'xmllint' to check XML markup files
[0.953s] -- Configuring done
[0.956s] -- Generating done
[0.957s] -- Build files have been written to: /home/pz10on/Work/ws02_tools/build/cpp01_launch
[0.964s] Invoked command in '/home/pz10on/Work/ws02_tools/build/cpp01_launch' returned '0': CMAKE_PREFIX_PATH=/opt/ros/humble /usr/bin/cmake /home/pz10on/Work/ws02_tools/src/cpp01_launch -DCMAKE_INSTALL_PREFIX=/home/pz10on/Work/ws02_tools/install/cpp01_launch
[0.966s] Invoking command in '/home/pz10on/Work/ws02_tools/build/cpp01_launch': CMAKE_PREFIX_PATH=/opt/ros/humble /usr/bin/cmake --build /home/pz10on/Work/ws02_tools/build/cpp01_launch -- -j12 -l12
[0.992s] Invoked command in '/home/pz10on/Work/ws02_tools/build/cpp01_launch' returned '0': CMAKE_PREFIX_PATH=/opt/ros/humble /usr/bin/cmake --build /home/pz10on/Work/ws02_tools/build/cpp01_launch -- -j12 -l12
[1.013s] Invoking command in '/home/pz10on/Work/ws02_tools/build/cpp01_launch': CMAKE_PREFIX_PATH=/opt/ros/humble /usr/bin/cmake --install /home/pz10on/Work/ws02_tools/build/cpp01_launch
[1.019s] -- Install configuration: ""
[1.019s] -- Installing: /home/pz10on/Work/ws02_tools/install/cpp01_launch/share/cpp01_launch/launch
[1.019s] -- Installing: /home/pz10on/Work/ws02_tools/install/cpp01_launch/share/ament_index/resource_index/package_run_dependencies/cpp01_launch
[1.019s] -- Installing: /home/pz10on/Work/ws02_tools/install/cpp01_launch/share/ament_index/resource_index/parent_prefix_path/cpp01_launch
[1.019s] -- Installing: /home/pz10on/Work/ws02_tools/install/cpp01_launch/share/cpp01_launch/environment/ament_prefix_path.sh
[1.019s] -- Installing: /home/pz10on/Work/ws02_tools/install/cpp01_launch/share/cpp01_launch/environment/ament_prefix_path.dsv
[1.019s] -- Installing: /home/pz10on/Work/ws02_tools/install/cpp01_launch/share/cpp01_launch/environment/path.sh
[1.019s] -- Installing: /home/pz10on/Work/ws02_tools/install/cpp01_launch/share/cpp01_launch/environment/path.dsv
[1.020s] -- Installing: /home/pz10on/Work/ws02_tools/install/cpp01_launch/share/cpp01_launch/local_setup.bash
[1.020s] -- Installing: /home/pz10on/Work/ws02_tools/install/cpp01_launch/share/cpp01_launch/local_setup.sh
[1.020s] -- Installing: /home/pz10on/Work/ws02_tools/install/cpp01_launch/share/cpp01_launch/local_setup.zsh
[1.020s] -- Installing: /home/pz10on/Work/ws02_tools/install/cpp01_launch/share/cpp01_launch/local_setup.dsv
[1.020s] -- Installing: /home/pz10on/Work/ws02_tools/install/cpp01_launch/share/cpp01_launch/package.dsv
[1.020s] -- Installing: /home/pz10on/Work/ws02_tools/install/cpp01_launch/share/ament_index/resource_index/packages/cpp01_launch
[1.020s] -- Installing: /home/pz10on/Work/ws02_tools/install/cpp01_launch/share/cpp01_launch/cmake/cpp01_launchConfig.cmake
[1.020s] -- Installing: /home/pz10on/Work/ws02_tools/install/cpp01_launch/share/cpp01_launch/cmake/cpp01_launchConfig-version.cmake
[1.020s] -- Installing: /home/pz10on/Work/ws02_tools/install/cpp01_launch/share/cpp01_launch/package.xml
[1.024s] Invoked command in '/home/pz10on/Work/ws02_tools/build/cpp01_launch' returned '0': CMAKE_PREFIX_PATH=/opt/ros/humble /usr/bin/cmake --install /home/pz10on/Work/ws02_tools/build/cpp01_launch
