[0.014s] Invoking command in '/home/pz10on/Work/ws02_tools/build/cpp04_tf_listener': CMAKE_PREFIX_PATH=${CMAKE_PREFIX_PATH}:/home/pz10on/Work/ws02_tools/install/py01_launch:/opt/ros/humble /usr/bin/cmake --build /home/pz10on/Work/ws02_tools/build/cpp04_tf_listener -- -j12 -l12
[0.046s] [35m[1mConsolidate compiler generated dependencies of target demo01_tf_listener[0m
[0.059s] [ 50%] [32mBuilding CXX object CMakeFiles/demo01_tf_listener.dir/src/demo01_tf_listener.cpp.o[0m
[5.801s] [100%] [32m[1mLinking CXX executable demo01_tf_listener[0m
[6.090s] [100%] Built target demo01_tf_listener
[6.097s] Invoked command in '/home/pz10on/Work/ws02_tools/build/cpp04_tf_listener' returned '0': CMAKE_PREFIX_PATH=${CMAKE_PREFIX_PATH}:/home/pz10on/Work/ws02_tools/install/py01_launch:/opt/ros/humble /usr/bin/cmake --build /home/pz10on/Work/ws02_tools/build/cpp04_tf_listener -- -j12 -l12
[6.119s] Invoking command in '/home/pz10on/Work/ws02_tools/build/cpp04_tf_listener': CMAKE_PREFIX_PATH=${CMAKE_PREFIX_PATH}:/home/pz10on/Work/ws02_tools/install/py01_launch:/opt/ros/humble /usr/bin/cmake --install /home/pz10on/Work/ws02_tools/build/cpp04_tf_listener
[6.124s] -- Install configuration: ""
[6.124s] -- Installing: /home/pz10on/Work/ws02_tools/install/cpp04_tf_listener/lib/cpp04_tf_listener/demo01_tf_listener
[6.127s] -- Set runtime path of "/home/pz10on/Work/ws02_tools/install/cpp04_tf_listener/lib/cpp04_tf_listener/demo01_tf_listener" to ""
[6.127s] -- Up-to-date: /home/pz10on/Work/ws02_tools/install/cpp04_tf_listener/share/ament_index/resource_index/package_run_dependencies/cpp04_tf_listener
[6.127s] -- Up-to-date: /home/pz10on/Work/ws02_tools/install/cpp04_tf_listener/share/ament_index/resource_index/parent_prefix_path/cpp04_tf_listener
[6.127s] -- Up-to-date: /home/pz10on/Work/ws02_tools/install/cpp04_tf_listener/share/cpp04_tf_listener/environment/ament_prefix_path.sh
[6.127s] -- Up-to-date: /home/pz10on/Work/ws02_tools/install/cpp04_tf_listener/share/cpp04_tf_listener/environment/ament_prefix_path.dsv
[6.127s] -- Up-to-date: /home/pz10on/Work/ws02_tools/install/cpp04_tf_listener/share/cpp04_tf_listener/environment/path.sh
[6.127s] -- Up-to-date: /home/pz10on/Work/ws02_tools/install/cpp04_tf_listener/share/cpp04_tf_listener/environment/path.dsv
[6.127s] -- Up-to-date: /home/pz10on/Work/ws02_tools/install/cpp04_tf_listener/share/cpp04_tf_listener/local_setup.bash
[6.127s] -- Up-to-date: /home/pz10on/Work/ws02_tools/install/cpp04_tf_listener/share/cpp04_tf_listener/local_setup.sh
[6.127s] -- Up-to-date: /home/pz10on/Work/ws02_tools/install/cpp04_tf_listener/share/cpp04_tf_listener/local_setup.zsh
[6.128s] -- Up-to-date: /home/pz10on/Work/ws02_tools/install/cpp04_tf_listener/share/cpp04_tf_listener/local_setup.dsv
[6.128s] -- Installing: /home/pz10on/Work/ws02_tools/install/cpp04_tf_listener/share/cpp04_tf_listener/package.dsv
[6.128s] -- Up-to-date: /home/pz10on/Work/ws02_tools/install/cpp04_tf_listener/share/ament_index/resource_index/packages/cpp04_tf_listener
[6.128s] -- Up-to-date: /home/pz10on/Work/ws02_tools/install/cpp04_tf_listener/share/cpp04_tf_listener/cmake/cpp04_tf_listenerConfig.cmake
[6.128s] -- Up-to-date: /home/pz10on/Work/ws02_tools/install/cpp04_tf_listener/share/cpp04_tf_listener/cmake/cpp04_tf_listenerConfig-version.cmake
[6.128s] -- Up-to-date: /home/pz10on/Work/ws02_tools/install/cpp04_tf_listener/share/cpp04_tf_listener/package.xml
[6.129s] Invoked command in '/home/pz10on/Work/ws02_tools/build/cpp04_tf_listener' returned '0': CMAKE_PREFIX_PATH=${CMAKE_PREFIX_PATH}:/home/pz10on/Work/ws02_tools/install/py01_launch:/opt/ros/humble /usr/bin/cmake --install /home/pz10on/Work/ws02_tools/build/cpp04_tf_listener
