[0.011s] Invoking command in '/home/pz10on/Work/ws02_tools/build/cpp06_urdf': CMAKE_PREFIX_PATH=${CMAKE_PREFIX_PATH}:/home/pz10on/Work/ws02_tools/install/py01_launch:/opt/ros/humble /usr/bin/cmake --build /home/pz10on/Work/ws02_tools/build/cpp06_urdf -- -j12 -l12
[0.037s] Invoked command in '/home/pz10on/Work/ws02_tools/build/cpp06_urdf' returned '0': CMAKE_PREFIX_PATH=${CMAKE_PREFIX_PATH}:/home/pz10on/Work/ws02_tools/install/py01_launch:/opt/ros/humble /usr/bin/cmake --build /home/pz10on/Work/ws02_tools/build/cpp06_urdf -- -j12 -l12
[0.056s] Invoking command in '/home/pz10on/Work/ws02_tools/build/cpp06_urdf': CMAKE_PREFIX_PATH=${CMAKE_PREFIX_PATH}:/home/pz10on/Work/ws02_tools/install/py01_launch:/opt/ros/humble /usr/bin/cmake --install /home/pz10on/Work/ws02_tools/build/cpp06_urdf
[0.061s] -- Install configuration: ""
[0.061s] -- Up-to-date: /home/pz10on/Work/ws02_tools/install/cpp06_urdf/share/cpp06_urdf/launch
[0.061s] -- Up-to-date: /home/pz10on/Work/ws02_tools/install/cpp06_urdf/share/cpp06_urdf/launch/display.launch.py
[0.061s] -- Up-to-date: /home/pz10on/Work/ws02_tools/install/cpp06_urdf/share/cpp06_urdf/rviz
[0.061s] -- Up-to-date: /home/pz10on/Work/ws02_tools/install/cpp06_urdf/share/cpp06_urdf/rviz/urdf.rviz
[0.061s] -- Up-to-date: /home/pz10on/Work/ws02_tools/install/cpp06_urdf/share/cpp06_urdf/urdf
[0.061s] -- Up-to-date: /home/pz10on/Work/ws02_tools/install/cpp06_urdf/share/cpp06_urdf/urdf/urdf
[0.061s] -- Up-to-date: /home/pz10on/Work/ws02_tools/install/cpp06_urdf/share/cpp06_urdf/urdf/urdf/demo01_helloworld.urdf
[0.061s] -- Installing: /home/pz10on/Work/ws02_tools/install/cpp06_urdf/share/cpp06_urdf/urdf/urdf/pz_car.urdf
[0.061s] -- Up-to-date: /home/pz10on/Work/ws02_tools/install/cpp06_urdf/share/cpp06_urdf/urdf/xacro
[0.061s] -- Up-to-date: /home/pz10on/Work/ws02_tools/install/cpp06_urdf/share/cpp06_urdf/urdf/xacro/car.urdf.xacro
[0.061s] -- Up-to-date: /home/pz10on/Work/ws02_tools/install/cpp06_urdf/share/cpp06_urdf/urdf/xacro/demo01_helloworld.urdf.xacro
[0.061s] -- Up-to-date: /home/pz10on/Work/ws02_tools/install/cpp06_urdf/share/cpp06_urdf/urdf/xacro/car_laser.urdf.xacro
[0.061s] -- Up-to-date: /home/pz10on/Work/ws02_tools/install/cpp06_urdf/share/cpp06_urdf/urdf/xacro/car_base.urdf.xacro
[0.061s] -- Up-to-date: /home/pz10on/Work/ws02_tools/install/cpp06_urdf/share/cpp06_urdf/meshes
[0.061s] -- Up-to-date: /home/pz10on/Work/ws02_tools/install/cpp06_urdf/share/cpp06_urdf/meshes/rf_wheel_link.STL
[0.062s] -- Up-to-date: /home/pz10on/Work/ws02_tools/install/cpp06_urdf/share/cpp06_urdf/meshes/lf_wheel_link.STL
[0.062s] -- Up-to-date: /home/pz10on/Work/ws02_tools/install/cpp06_urdf/share/cpp06_urdf/meshes/laser_link.STL
[0.062s] -- Up-to-date: /home/pz10on/Work/ws02_tools/install/cpp06_urdf/share/cpp06_urdf/meshes/rb_wheel_link.STL
[0.062s] -- Up-to-date: /home/pz10on/Work/ws02_tools/install/cpp06_urdf/share/cpp06_urdf/meshes/lb_wheel_link.STL
[0.062s] -- Up-to-date: /home/pz10on/Work/ws02_tools/install/cpp06_urdf/share/cpp06_urdf/meshes/base_link.STL
[0.062s] -- Up-to-date: /home/pz10on/Work/ws02_tools/install/cpp06_urdf/share/cpp06_urdf/config
[0.062s] -- Up-to-date: /home/pz10on/Work/ws02_tools/install/cpp06_urdf/share/cpp06_urdf/config/joint_names_pz_car.yaml
[0.062s] -- Up-to-date: /home/pz10on/Work/ws02_tools/install/cpp06_urdf/share/ament_index/resource_index/package_run_dependencies/cpp06_urdf
[0.062s] -- Up-to-date: /home/pz10on/Work/ws02_tools/install/cpp06_urdf/share/ament_index/resource_index/parent_prefix_path/cpp06_urdf
[0.062s] -- Up-to-date: /home/pz10on/Work/ws02_tools/install/cpp06_urdf/share/cpp06_urdf/environment/ament_prefix_path.sh
[0.062s] -- Up-to-date: /home/pz10on/Work/ws02_tools/install/cpp06_urdf/share/cpp06_urdf/environment/ament_prefix_path.dsv
[0.062s] -- Up-to-date: /home/pz10on/Work/ws02_tools/install/cpp06_urdf/share/cpp06_urdf/environment/path.sh
[0.062s] -- Up-to-date: /home/pz10on/Work/ws02_tools/install/cpp06_urdf/share/cpp06_urdf/environment/path.dsv
[0.063s] -- Up-to-date: /home/pz10on/Work/ws02_tools/install/cpp06_urdf/share/cpp06_urdf/local_setup.bash
[0.063s] -- Up-to-date: /home/pz10on/Work/ws02_tools/install/cpp06_urdf/share/cpp06_urdf/local_setup.sh
[0.063s] -- Up-to-date: /home/pz10on/Work/ws02_tools/install/cpp06_urdf/share/cpp06_urdf/local_setup.zsh
[0.063s] -- Up-to-date: /home/pz10on/Work/ws02_tools/install/cpp06_urdf/share/cpp06_urdf/local_setup.dsv
[0.064s] -- Installing: /home/pz10on/Work/ws02_tools/install/cpp06_urdf/share/cpp06_urdf/package.dsv
[0.064s] -- Up-to-date: /home/pz10on/Work/ws02_tools/install/cpp06_urdf/share/ament_index/resource_index/packages/cpp06_urdf
[0.064s] -- Up-to-date: /home/pz10on/Work/ws02_tools/install/cpp06_urdf/share/cpp06_urdf/cmake/cpp06_urdfConfig.cmake
[0.065s] -- Up-to-date: /home/pz10on/Work/ws02_tools/install/cpp06_urdf/share/cpp06_urdf/cmake/cpp06_urdfConfig-version.cmake
[0.065s] -- Up-to-date: /home/pz10on/Work/ws02_tools/install/cpp06_urdf/share/cpp06_urdf/package.xml
[0.065s] Invoked command in '/home/pz10on/Work/ws02_tools/build/cpp06_urdf' returned '0': CMAKE_PREFIX_PATH=${CMAKE_PREFIX_PATH}:/home/pz10on/Work/ws02_tools/install/py01_launch:/opt/ros/humble /usr/bin/cmake --install /home/pz10on/Work/ws02_tools/build/cpp06_urdf
