[0.011s] Invoking command in '/home/pz10on/Work/ws02_tools/build/cpp01_launch': CMAKE_PREFIX_PATH=${CMAKE_PREFIX_PATH}:/home/pz10on/Work/ws02_tools/install/py01_launch:/opt/ros/humble /usr/bin/cmake --build /home/pz10on/Work/ws02_tools/build/cpp01_launch -- -j12 -l12
[0.028s] -- Found ament_cmake: 1.3.5 (/opt/ros/humble/share/ament_cmake/cmake)
[0.127s] -- Found rclcpp: 16.0.5 (/opt/ros/humble/share/rclcpp/cmake)
[0.146s] -- Found rosidl_generator_c: 3.1.5 (/opt/ros/humble/share/rosidl_generator_c/cmake)
[0.148s] -- Found rosidl_adapter: 3.1.5 (/opt/ros/humble/share/rosidl_adapter/cmake)
[0.152s] -- Found rosidl_generator_cpp: 3.1.5 (/opt/ros/humble/share/rosidl_generator_cpp/cmake)
[0.159s] -- Using all available rosidl_typesupport_c: rosidl_typesupport_fastrtps_c;rosidl_typesupport_introspection_c
[0.169s] -- Using all available rosidl_typesupport_cpp: rosidl_typesupport_fastrtps_cpp;rosidl_typesupport_introspection_cpp
[0.207s] -- Found rmw_implementation_cmake: 6.1.1 (/opt/ros/humble/share/rmw_implementation_cmake/cmake)
[0.208s] -- Found rmw_fastrtps_cpp: 6.2.3 (/opt/ros/humble/share/rmw_fastrtps_cpp/cmake)
[0.285s] -- Using RMW implementation 'rmw_fastrtps_cpp' as default
[0.388s] -- Found ament_lint_auto: 0.12.7 (/opt/ros/humble/share/ament_lint_auto/cmake)
[0.436s] -- Added test 'flake8' to check Python code syntax and style conventions
[0.436s] -- Added test 'lint_cmake' to check CMake code style
[0.436s] -- Added test 'pep257' to check Python code against some of the docstring style conventions in PEP 257
[0.437s] -- Added test 'xmllint' to check XML markup files
[0.437s] -- Configuring done
[0.440s] -- Generating done
[0.441s] -- Build files have been written to: /home/pz10on/Work/ws02_tools/build/cpp01_launch
[0.460s] Invoked command in '/home/pz10on/Work/ws02_tools/build/cpp01_launch' returned '0': CMAKE_PREFIX_PATH=${CMAKE_PREFIX_PATH}:/home/pz10on/Work/ws02_tools/install/py01_launch:/opt/ros/humble /usr/bin/cmake --build /home/pz10on/Work/ws02_tools/build/cpp01_launch -- -j12 -l12
[0.481s] Invoking command in '/home/pz10on/Work/ws02_tools/build/cpp01_launch': CMAKE_PREFIX_PATH=${CMAKE_PREFIX_PATH}:/home/pz10on/Work/ws02_tools/install/py01_launch:/opt/ros/humble /usr/bin/cmake --install /home/pz10on/Work/ws02_tools/build/cpp01_launch
[0.486s] -- Install configuration: ""
[0.486s] -- Up-to-date: /home/pz10on/Work/ws02_tools/install/cpp01_launch/share/cpp01_launch/launch
[0.486s] -- Installing: /home/pz10on/Work/ws02_tools/install/cpp01_launch/share/cpp01_launch/launch/py02_node_launch.py
[0.486s] -- Up-to-date: /home/pz10on/Work/ws02_tools/install/cpp01_launch/share/cpp01_launch/launch/py01_exer01_launch.py
[0.486s] -- Installing: /home/pz10on/Work/ws02_tools/install/cpp01_launch/share/ament_index/resource_index/package_run_dependencies/cpp01_launch
[0.486s] -- Installing: /home/pz10on/Work/ws02_tools/install/cpp01_launch/share/ament_index/resource_index/parent_prefix_path/cpp01_launch
[0.486s] -- Up-to-date: /home/pz10on/Work/ws02_tools/install/cpp01_launch/share/cpp01_launch/environment/ament_prefix_path.sh
[0.486s] -- Installing: /home/pz10on/Work/ws02_tools/install/cpp01_launch/share/cpp01_launch/environment/ament_prefix_path.dsv
[0.486s] -- Up-to-date: /home/pz10on/Work/ws02_tools/install/cpp01_launch/share/cpp01_launch/environment/path.sh
[0.486s] -- Installing: /home/pz10on/Work/ws02_tools/install/cpp01_launch/share/cpp01_launch/environment/path.dsv
[0.486s] -- Up-to-date: /home/pz10on/Work/ws02_tools/install/cpp01_launch/share/cpp01_launch/local_setup.bash
[0.486s] -- Up-to-date: /home/pz10on/Work/ws02_tools/install/cpp01_launch/share/cpp01_launch/local_setup.sh
[0.486s] -- Up-to-date: /home/pz10on/Work/ws02_tools/install/cpp01_launch/share/cpp01_launch/local_setup.zsh
[0.486s] -- Installing: /home/pz10on/Work/ws02_tools/install/cpp01_launch/share/cpp01_launch/local_setup.dsv
[0.486s] -- Installing: /home/pz10on/Work/ws02_tools/install/cpp01_launch/share/cpp01_launch/package.dsv
[0.487s] -- Up-to-date: /home/pz10on/Work/ws02_tools/install/cpp01_launch/share/ament_index/resource_index/packages/cpp01_launch
[0.487s] -- Up-to-date: /home/pz10on/Work/ws02_tools/install/cpp01_launch/share/cpp01_launch/cmake/cpp01_launchConfig.cmake
[0.487s] -- Up-to-date: /home/pz10on/Work/ws02_tools/install/cpp01_launch/share/cpp01_launch/cmake/cpp01_launchConfig-version.cmake
[0.487s] -- Installing: /home/pz10on/Work/ws02_tools/install/cpp01_launch/share/cpp01_launch/package.xml
[0.488s] Invoked command in '/home/pz10on/Work/ws02_tools/build/cpp01_launch' returned '0': CMAKE_PREFIX_PATH=${CMAKE_PREFIX_PATH}:/home/pz10on/Work/ws02_tools/install/py01_launch:/opt/ros/humble /usr/bin/cmake --install /home/pz10on/Work/ws02_tools/build/cpp01_launch
