[0.010s] Invoking command in '/home/pz10on/Work/ws02_tools/build/cpp03_tf_broadcaster': CMAKE_PREFIX_PATH=${CMAKE_PREFIX_PATH}:/home/pz10on/Work/ws02_tools/install/py01_launch:/opt/ros/humble /usr/bin/cmake --build /home/pz10on/Work/ws02_tools/build/cpp03_tf_broadcaster -- -j12 -l12
[0.040s] [35m[1mConsolidate compiler generated dependencies of target demo03_point_tf_broadcaster[0m
[0.048s] [ 66%] Built target demo02_dynamic_tf_broadcaster
[0.049s] [ 66%] Built target demo01_static_tf_broadcaster
[0.051s] [ 83%] [32mBuilding CXX object CMakeFiles/demo03_point_tf_broadcaster.dir/src/demo03_point_tf_broadcaster.cpp.o[0m
[3.098s] [100%] [32m[1mLinking CXX executable demo03_point_tf_broadcaster[0m
[3.259s] [100%] Built target demo03_point_tf_broadcaster
[3.268s] Invoked command in '/home/pz10on/Work/ws02_tools/build/cpp03_tf_broadcaster' returned '0': CMAKE_PREFIX_PATH=${CMAKE_PREFIX_PATH}:/home/pz10on/Work/ws02_tools/install/py01_launch:/opt/ros/humble /usr/bin/cmake --build /home/pz10on/Work/ws02_tools/build/cpp03_tf_broadcaster -- -j12 -l12
[3.295s] Invoking command in '/home/pz10on/Work/ws02_tools/build/cpp03_tf_broadcaster': CMAKE_PREFIX_PATH=${CMAKE_PREFIX_PATH}:/home/pz10on/Work/ws02_tools/install/py01_launch:/opt/ros/humble /usr/bin/cmake --install /home/pz10on/Work/ws02_tools/build/cpp03_tf_broadcaster
[3.300s] -- Install configuration: ""
[3.300s] -- Up-to-date: /home/pz10on/Work/ws02_tools/install/cpp03_tf_broadcaster/lib/cpp03_tf_broadcaster/demo01_static_tf_broadcaster
[3.300s] -- Installing: /home/pz10on/Work/ws02_tools/install/cpp03_tf_broadcaster/lib/cpp03_tf_broadcaster/demo02_dynamic_tf_broadcaster
[3.303s] -- Set runtime path of "/home/pz10on/Work/ws02_tools/install/cpp03_tf_broadcaster/lib/cpp03_tf_broadcaster/demo02_dynamic_tf_broadcaster" to ""
[3.303s] -- Installing: /home/pz10on/Work/ws02_tools/install/cpp03_tf_broadcaster/lib/cpp03_tf_broadcaster/demo03_point_tf_broadcaster
[3.304s] -- Set runtime path of "/home/pz10on/Work/ws02_tools/install/cpp03_tf_broadcaster/lib/cpp03_tf_broadcaster/demo03_point_tf_broadcaster" to ""
[3.304s] -- Up-to-date: /home/pz10on/Work/ws02_tools/install/cpp03_tf_broadcaster/share/ament_index/resource_index/package_run_dependencies/cpp03_tf_broadcaster
[3.304s] -- Installing: /home/pz10on/Work/ws02_tools/install/cpp03_tf_broadcaster/share/ament_index/resource_index/parent_prefix_path/cpp03_tf_broadcaster
[3.304s] -- Up-to-date: /home/pz10on/Work/ws02_tools/install/cpp03_tf_broadcaster/share/cpp03_tf_broadcaster/environment/ament_prefix_path.sh
[3.304s] -- Installing: /home/pz10on/Work/ws02_tools/install/cpp03_tf_broadcaster/share/cpp03_tf_broadcaster/environment/ament_prefix_path.dsv
[3.304s] -- Up-to-date: /home/pz10on/Work/ws02_tools/install/cpp03_tf_broadcaster/share/cpp03_tf_broadcaster/environment/path.sh
[3.304s] -- Installing: /home/pz10on/Work/ws02_tools/install/cpp03_tf_broadcaster/share/cpp03_tf_broadcaster/environment/path.dsv
[3.304s] -- Up-to-date: /home/pz10on/Work/ws02_tools/install/cpp03_tf_broadcaster/share/cpp03_tf_broadcaster/local_setup.bash
[3.304s] -- Up-to-date: /home/pz10on/Work/ws02_tools/install/cpp03_tf_broadcaster/share/cpp03_tf_broadcaster/local_setup.sh
[3.304s] -- Up-to-date: /home/pz10on/Work/ws02_tools/install/cpp03_tf_broadcaster/share/cpp03_tf_broadcaster/local_setup.zsh
[3.304s] -- Installing: /home/pz10on/Work/ws02_tools/install/cpp03_tf_broadcaster/share/cpp03_tf_broadcaster/local_setup.dsv
[3.305s] -- Installing: /home/pz10on/Work/ws02_tools/install/cpp03_tf_broadcaster/share/cpp03_tf_broadcaster/package.dsv
[3.305s] -- Up-to-date: /home/pz10on/Work/ws02_tools/install/cpp03_tf_broadcaster/share/ament_index/resource_index/packages/cpp03_tf_broadcaster
[3.305s] -- Up-to-date: /home/pz10on/Work/ws02_tools/install/cpp03_tf_broadcaster/share/cpp03_tf_broadcaster/cmake/cpp03_tf_broadcasterConfig.cmake
[3.305s] -- Up-to-date: /home/pz10on/Work/ws02_tools/install/cpp03_tf_broadcaster/share/cpp03_tf_broadcaster/cmake/cpp03_tf_broadcasterConfig-version.cmake
[3.305s] -- Up-to-date: /home/pz10on/Work/ws02_tools/install/cpp03_tf_broadcaster/share/cpp03_tf_broadcaster/package.xml
[3.307s] Invoked command in '/home/pz10on/Work/ws02_tools/build/cpp03_tf_broadcaster' returned '0': CMAKE_PREFIX_PATH=${CMAKE_PREFIX_PATH}:/home/pz10on/Work/ws02_tools/install/py01_launch:/opt/ros/humble /usr/bin/cmake --install /home/pz10on/Work/ws02_tools/build/cpp03_tf_broadcaster
