[0.011s] Invoking command in '/home/pz10on/Work/ws02_tools/build/Pz_Car': /usr/bin/cmake /home/pz10on/Work/ws02_tools/src/Pz_Car -DCATKIN_INSTALL_INTO_PREFIX_ROOT=0 -DCMAKE_INSTALL_PREFIX=/home/pz10on/Work/ws02_tools/install/Pz_Car
[0.016s] [0mCMake Deprecation Warning at CMakeLists.txt:1 (cmake_minimum_required):
[0.016s]   Compatibility with CMake < 2.8.12 will be removed from a future version of
[0.016s]   CMake.
[0.016s] 
[0.016s]   Update the VERSION argument <min> value or use a ...<max> suffix to tell
[0.016s]   CMake that the project does not need compatibility with older versions.
[0.016s] 
[0.016s] [0m
[0.071s] -- The C compiler identification is GNU 11.4.0
[0.123s] -- The CXX compiler identification is GNU 11.4.0
[0.129s] -- Detecting C compiler ABI info
[0.175s] -- Detecting C compiler ABI info - done
[0.181s] -- Check for working C compiler: /usr/bin/cc - skipped
[0.181s] -- Detecting C compile features
[0.181s] -- Detecting C compile features - done
[0.184s] -- Detecting CXX compiler ABI info
[0.237s] -- Detecting CXX compiler ABI info - done
[0.242s] -- Check for working CXX compiler: /usr/bin/c++ - skipped
[0.242s] -- Detecting CXX compile features
[0.242s] -- Detecting CXX compile features - done
[0.249s] -- Configuring incomplete, errors occurred!
[0.249s] See also "/home/pz10on/Work/ws02_tools/build/Pz_Car/CMakeFiles/CMakeOutput.log".
[0.249s] [31mCMake Error at CMakeLists.txt:5 (find_package):
[0.249s]   By not providing "Findcatkin.cmake" in CMAKE_MODULE_PATH this project has
[0.249s]   asked CMake to find a package configuration file provided by "catkin", but
[0.249s]   CMake did not find one.
[0.249s] 
[0.250s]   Could not find a package configuration file provided by "catkin" with any
[0.250s]   of the following names:
[0.250s] 
[0.250s]     catkinConfig.cmake
[0.250s]     catkin-config.cmake
[0.250s] 
[0.250s]   Add the installation prefix of "catkin" to CMAKE_PREFIX_PATH or set
[0.250s]   "catkin_DIR" to a directory containing one of the above files.  If "catkin"
[0.250s]   provides a separate development package or SDK, be sure it has been
[0.250s]   installed.
[0.250s] 
[0.250s] [0m
[0.251s] Invoked command in '/home/pz10on/Work/ws02_tools/build/Pz_Car' returned '1': /usr/bin/cmake /home/pz10on/Work/ws02_tools/src/Pz_Car -DCATKIN_INSTALL_INTO_PREFIX_ROOT=0 -DCMAKE_INSTALL_PREFIX=/home/pz10on/Work/ws02_tools/install/Pz_Car
