[0.011s] Invoking command in '/home/pz10on/Work/ws02_tools/build/cpp04_tf_listener': CMAKE_PREFIX_PATH=/opt/ros/humble /usr/bin/cmake --build /home/pz10on/Work/ws02_tools/build/cpp04_tf_listener -- -j12 -l12
[0.046s] [35m[1mConsolidate compiler generated dependencies of target demo02_msg_filter[0m
[0.046s] [35m[1mConsolidate compiler generated dependencies of target demo01_tf_listener[0m
[0.059s] [ 25%] [32mBuilding CXX object CMakeFiles/demo02_msg_filter.dir/src/demo02_msg_filter.cpp.o[0m
[0.059s] [ 75%] Built target demo01_tf_listener
[7.070s] [100%] [32m[1mLinking CXX executable demo02_msg_filter[0m
[7.492s] [100%] Built target demo02_msg_filter
[7.501s] Invoked command in '/home/pz10on/Work/ws02_tools/build/cpp04_tf_listener' returned '0': CMAKE_PREFIX_PATH=/opt/ros/humble /usr/bin/cmake --build /home/pz10on/Work/ws02_tools/build/cpp04_tf_listener -- -j12 -l12
[7.525s] Invoking command in '/home/pz10on/Work/ws02_tools/build/cpp04_tf_listener': CMAKE_PREFIX_PATH=/opt/ros/humble /usr/bin/cmake --install /home/pz10on/Work/ws02_tools/build/cpp04_tf_listener
[7.530s] -- Install configuration: ""
[7.530s] -- Up-to-date: /home/pz10on/Work/ws02_tools/install/cpp04_tf_listener/lib/cpp04_tf_listener/demo01_tf_listener
[7.530s] -- Installing: /home/pz10on/Work/ws02_tools/install/cpp04_tf_listener/lib/cpp04_tf_listener/demo02_msg_filter
[7.534s] -- Set runtime path of "/home/pz10on/Work/ws02_tools/install/cpp04_tf_listener/lib/cpp04_tf_listener/demo02_msg_filter" to ""
[7.534s] -- Up-to-date: /home/pz10on/Work/ws02_tools/install/cpp04_tf_listener/share/ament_index/resource_index/package_run_dependencies/cpp04_tf_listener
[7.534s] -- Up-to-date: /home/pz10on/Work/ws02_tools/install/cpp04_tf_listener/share/ament_index/resource_index/parent_prefix_path/cpp04_tf_listener
[7.534s] -- Up-to-date: /home/pz10on/Work/ws02_tools/install/cpp04_tf_listener/share/cpp04_tf_listener/environment/ament_prefix_path.sh
[7.534s] -- Up-to-date: /home/pz10on/Work/ws02_tools/install/cpp04_tf_listener/share/cpp04_tf_listener/environment/ament_prefix_path.dsv
[7.534s] -- Up-to-date: /home/pz10on/Work/ws02_tools/install/cpp04_tf_listener/share/cpp04_tf_listener/environment/path.sh
[7.534s] -- Up-to-date: /home/pz10on/Work/ws02_tools/install/cpp04_tf_listener/share/cpp04_tf_listener/environment/path.dsv
[7.534s] -- Up-to-date: /home/pz10on/Work/ws02_tools/install/cpp04_tf_listener/share/cpp04_tf_listener/local_setup.bash
[7.534s] -- Up-to-date: /home/pz10on/Work/ws02_tools/install/cpp04_tf_listener/share/cpp04_tf_listener/local_setup.sh
[7.534s] -- Up-to-date: /home/pz10on/Work/ws02_tools/install/cpp04_tf_listener/share/cpp04_tf_listener/local_setup.zsh
[7.534s] -- Up-to-date: /home/pz10on/Work/ws02_tools/install/cpp04_tf_listener/share/cpp04_tf_listener/local_setup.dsv
[7.534s] -- Installing: /home/pz10on/Work/ws02_tools/install/cpp04_tf_listener/share/cpp04_tf_listener/package.dsv
[7.534s] -- Up-to-date: /home/pz10on/Work/ws02_tools/install/cpp04_tf_listener/share/ament_index/resource_index/packages/cpp04_tf_listener
[7.534s] -- Up-to-date: /home/pz10on/Work/ws02_tools/install/cpp04_tf_listener/share/cpp04_tf_listener/cmake/cpp04_tf_listenerConfig.cmake
[7.534s] -- Up-to-date: /home/pz10on/Work/ws02_tools/install/cpp04_tf_listener/share/cpp04_tf_listener/cmake/cpp04_tf_listenerConfig-version.cmake
[7.534s] -- Up-to-date: /home/pz10on/Work/ws02_tools/install/cpp04_tf_listener/share/cpp04_tf_listener/package.xml
[7.536s] Invoked command in '/home/pz10on/Work/ws02_tools/build/cpp04_tf_listener' returned '0': CMAKE_PREFIX_PATH=/opt/ros/humble /usr/bin/cmake --install /home/pz10on/Work/ws02_tools/build/cpp04_tf_listener
