[0.011s] Invoking command in '/home/pz10on/Work/ws02_tools/build/cpp06_urdf': CMAKE_PREFIX_PATH=${CMAKE_PREFIX_PATH}:/home/pz10on/Work/ws02_tools/install/py01_launch:/opt/ros/humble /usr/bin/cmake --build /home/pz10on/Work/ws02_tools/build/cpp06_urdf -- -j12 -l12
[0.027s] -- Found ament_cmake: 1.3.5 (/opt/ros/humble/share/ament_cmake/cmake)
[0.122s] -- Found ament_lint_auto: 0.12.7 (/opt/ros/humble/share/ament_lint_auto/cmake)
[0.165s] -- Added test 'flake8' to check Python code syntax and style conventions
[0.165s] -- Added test 'lint_cmake' to check CMake code style
[0.165s] -- Added test 'pep257' to check Python code against some of the docstring style conventions in PEP 257
[0.166s] -- Added test 'xmllint' to check XML markup files
[0.166s] -- Configuring done
[0.168s] -- Generating done
[0.169s] -- Build files have been written to: /home/pz10on/Work/ws02_tools/build/cpp06_urdf
[0.183s] Invoked command in '/home/pz10on/Work/ws02_tools/build/cpp06_urdf' returned '0': CMAKE_PREFIX_PATH=${CMAKE_PREFIX_PATH}:/home/pz10on/Work/ws02_tools/install/py01_launch:/opt/ros/humble /usr/bin/cmake --build /home/pz10on/Work/ws02_tools/build/cpp06_urdf -- -j12 -l12
[0.203s] Invoking command in '/home/pz10on/Work/ws02_tools/build/cpp06_urdf': CMAKE_PREFIX_PATH=${CMAKE_PREFIX_PATH}:/home/pz10on/Work/ws02_tools/install/py01_launch:/opt/ros/humble /usr/bin/cmake --install /home/pz10on/Work/ws02_tools/build/cpp06_urdf
[0.208s] -- Install configuration: ""
[0.208s] -- Up-to-date: /home/pz10on/Work/ws02_tools/install/cpp06_urdf/share/cpp06_urdf/launch
[0.208s] -- Up-to-date: /home/pz10on/Work/ws02_tools/install/cpp06_urdf/share/cpp06_urdf/launch/display.launch.py
[0.209s] -- Up-to-date: /home/pz10on/Work/ws02_tools/install/cpp06_urdf/share/cpp06_urdf/rviz
[0.209s] -- Up-to-date: /home/pz10on/Work/ws02_tools/install/cpp06_urdf/share/cpp06_urdf/rviz/urdf.rviz
[0.209s] -- Up-to-date: /home/pz10on/Work/ws02_tools/install/cpp06_urdf/share/cpp06_urdf/urdf
[0.209s] -- Up-to-date: /home/pz10on/Work/ws02_tools/install/cpp06_urdf/share/cpp06_urdf/urdf/urdf
[0.209s] -- Installing: /home/pz10on/Work/ws02_tools/install/cpp06_urdf/share/cpp06_urdf/urdf/urdf/Pz_Car.urdf
[0.209s] -- Up-to-date: /home/pz10on/Work/ws02_tools/install/cpp06_urdf/share/cpp06_urdf/urdf/urdf/Pz_Car.csv
[0.209s] -- Up-to-date: /home/pz10on/Work/ws02_tools/install/cpp06_urdf/share/cpp06_urdf/urdf/urdf/demo01_helloworld.urdf
[0.209s] -- Up-to-date: /home/pz10on/Work/ws02_tools/install/cpp06_urdf/share/cpp06_urdf/urdf/xacro
[0.209s] -- Up-to-date: /home/pz10on/Work/ws02_tools/install/cpp06_urdf/share/cpp06_urdf/meshes
[0.209s] -- Up-to-date: /home/pz10on/Work/ws02_tools/install/cpp06_urdf/share/cpp06_urdf/meshes/rf_wheel_link.STL
[0.209s] -- Up-to-date: /home/pz10on/Work/ws02_tools/install/cpp06_urdf/share/cpp06_urdf/meshes/lf_wheel_link.STL
[0.209s] -- Up-to-date: /home/pz10on/Work/ws02_tools/install/cpp06_urdf/share/cpp06_urdf/meshes/laser_link.STL
[0.209s] -- Up-to-date: /home/pz10on/Work/ws02_tools/install/cpp06_urdf/share/cpp06_urdf/meshes/rb_wheel_link.STL
[0.209s] -- Up-to-date: /home/pz10on/Work/ws02_tools/install/cpp06_urdf/share/cpp06_urdf/meshes/lb_wheel_link.STL
[0.209s] -- Up-to-date: /home/pz10on/Work/ws02_tools/install/cpp06_urdf/share/cpp06_urdf/meshes/base_link.STL
[0.209s] -- Installing: /home/pz10on/Work/ws02_tools/install/cpp06_urdf/share/cpp06_urdf/config
[0.209s] -- Installing: /home/pz10on/Work/ws02_tools/install/cpp06_urdf/share/cpp06_urdf/config/joint_names_Pz_Car.yaml
[0.209s] -- Up-to-date: /home/pz10on/Work/ws02_tools/install/cpp06_urdf/share/ament_index/resource_index/package_run_dependencies/cpp06_urdf
[0.210s] -- Installing: /home/pz10on/Work/ws02_tools/install/cpp06_urdf/share/ament_index/resource_index/parent_prefix_path/cpp06_urdf
[0.210s] -- Up-to-date: /home/pz10on/Work/ws02_tools/install/cpp06_urdf/share/cpp06_urdf/environment/ament_prefix_path.sh
[0.210s] -- Installing: /home/pz10on/Work/ws02_tools/install/cpp06_urdf/share/cpp06_urdf/environment/ament_prefix_path.dsv
[0.210s] -- Up-to-date: /home/pz10on/Work/ws02_tools/install/cpp06_urdf/share/cpp06_urdf/environment/path.sh
[0.210s] -- Installing: /home/pz10on/Work/ws02_tools/install/cpp06_urdf/share/cpp06_urdf/environment/path.dsv
[0.210s] -- Up-to-date: /home/pz10on/Work/ws02_tools/install/cpp06_urdf/share/cpp06_urdf/local_setup.bash
[0.210s] -- Up-to-date: /home/pz10on/Work/ws02_tools/install/cpp06_urdf/share/cpp06_urdf/local_setup.sh
[0.210s] -- Up-to-date: /home/pz10on/Work/ws02_tools/install/cpp06_urdf/share/cpp06_urdf/local_setup.zsh
[0.210s] -- Installing: /home/pz10on/Work/ws02_tools/install/cpp06_urdf/share/cpp06_urdf/local_setup.dsv
[0.210s] -- Installing: /home/pz10on/Work/ws02_tools/install/cpp06_urdf/share/cpp06_urdf/package.dsv
[0.210s] -- Up-to-date: /home/pz10on/Work/ws02_tools/install/cpp06_urdf/share/ament_index/resource_index/packages/cpp06_urdf
[0.210s] -- Up-to-date: /home/pz10on/Work/ws02_tools/install/cpp06_urdf/share/cpp06_urdf/cmake/cpp06_urdfConfig.cmake
[0.210s] -- Up-to-date: /home/pz10on/Work/ws02_tools/install/cpp06_urdf/share/cpp06_urdf/cmake/cpp06_urdfConfig-version.cmake
[0.210s] -- Up-to-date: /home/pz10on/Work/ws02_tools/install/cpp06_urdf/share/cpp06_urdf/package.xml
[0.211s] Invoked command in '/home/pz10on/Work/ws02_tools/build/cpp06_urdf' returned '0': CMAKE_PREFIX_PATH=${CMAKE_PREFIX_PATH}:/home/pz10on/Work/ws02_tools/install/py01_launch:/opt/ros/humble /usr/bin/cmake --install /home/pz10on/Work/ws02_tools/build/cpp06_urdf
