[0.012s] Invoking command in '/home/pz10on/Work/ws02_tools/build/cpp03_tf_broadcaster': CMAKE_PREFIX_PATH=${CMAKE_PREFIX_PATH}:/home/pz10on/Work/ws02_tools/install/py01_launch:/opt/ros/humble /usr/bin/cmake --build /home/pz10on/Work/ws02_tools/build/cpp03_tf_broadcaster -- -j12 -l12
[0.030s] -- Found ament_cmake: 1.3.5 (/opt/ros/humble/share/ament_cmake/cmake)
[0.131s] -- Found rclcpp: 16.0.5 (/opt/ros/humble/share/rclcpp/cmake)
[0.150s] -- Found rosidl_generator_c: 3.1.5 (/opt/ros/humble/share/rosidl_generator_c/cmake)
[0.151s] -- Found rosidl_adapter: 3.1.5 (/opt/ros/humble/share/rosidl_adapter/cmake)
[0.155s] -- Found rosidl_generator_cpp: 3.1.5 (/opt/ros/humble/share/rosidl_generator_cpp/cmake)
[0.162s] -- Using all available rosidl_typesupport_c: rosidl_typesupport_fastrtps_c;rosidl_typesupport_introspection_c
[0.173s] -- Using all available rosidl_typesupport_cpp: rosidl_typesupport_fastrtps_cpp;rosidl_typesupport_introspection_cpp
[0.211s] -- Found rmw_implementation_cmake: 6.1.1 (/opt/ros/humble/share/rmw_implementation_cmake/cmake)
[0.212s] -- Found rmw_fastrtps_cpp: 6.2.3 (/opt/ros/humble/share/rmw_fastrtps_cpp/cmake)
[0.287s] -- Using RMW implementation 'rmw_fastrtps_cpp' as default
[0.390s] -- Found tf2: 0.25.3 (/opt/ros/humble/share/tf2/cmake)
[0.430s] -- Found tf2_ros: 0.25.3 (/opt/ros/humble/share/tf2_ros/cmake)
[0.671s] -- Found turtlesim: 1.4.2 (/opt/ros/humble/share/turtlesim/cmake)
[0.716s] -- Found ament_lint_auto: 0.12.7 (/opt/ros/humble/share/ament_lint_auto/cmake)
[0.768s] -- Added test 'cppcheck' to perform static code analysis on C / C++ code
[0.768s] -- Configured cppcheck include dirs: $<BUILD_INTERFACE:/home/pz10on/Work/ws02_tools/src/cpp03_tf_broadcaster/include>
[0.768s] -- Configured cppcheck exclude dirs and/or files: 
[0.769s] -- Added test 'lint_cmake' to check CMake code style
[0.769s] -- Added test 'uncrustify' to check C / C++ code style
[0.769s] -- Configured uncrustify additional arguments: 
[0.770s] -- Added test 'xmllint' to check XML markup files
[0.770s] -- Configuring done
[0.783s] -- Generating done
[0.784s] -- Build files have been written to: /home/pz10on/Work/ws02_tools/build/cpp03_tf_broadcaster
[0.805s] [35m[1mConsolidate compiler generated dependencies of target demo01_static_tf_broadcaster[0m
[0.805s] [35m[1mConsolidate compiler generated dependencies of target demo02_dynamic_tf_broadcaster[0m
[0.813s] [ 16%] [32mBuilding CXX object CMakeFiles/demo03_point_tf_broadcaster.dir/src/demo03_point_tf_broadcaster.cpp.o[0m
[0.819s] [ 66%] [32mBuilding CXX object CMakeFiles/demo02_dynamic_tf_broadcaster.dir/src/demo02_dynamic_tf_broadcaster.cpp.o[0m
[0.819s] [ 66%] Built target demo01_static_tf_broadcaster
[2.764s] In file included from [01m[K/usr/include/c++/11/pstl/glue_algorithm_defs.h:13[m[K,
[2.764s]                  from [01m[K/usr/include/c++/11/algorithm:74[m[K,
[2.764s]                  from [01m[K/opt/ros/humble/include/rclcpp/rclcpp/executor.hpp:18[m[K,
[2.764s]                  from [01m[K/opt/ros/humble/include/rclcpp/rclcpp/executors/multi_threaded_executor.hpp:25[m[K,
[2.764s]                  from [01m[K/opt/ros/humble/include/rclcpp/rclcpp/executors.hpp:21[m[K,
[2.764s]                  from [01m[K/opt/ros/humble/include/rclcpp/rclcpp/rclcpp.hpp:155[m[K,
[2.764s]                  from [01m[K/home/pz10on/Work/ws02_tools/src/cpp03_tf_broadcaster/src/demo03_point_tf_broadcaster.cpp:15[m[K:
[2.764s] /usr/include/c++/11/functional: In instantiation of ‘[01m[Kstruct std::_Bind_check_arity<void (PointBroadcaster::*)(), PointBroadcaster*, const std::_Placeholder<1>&>[m[K’:
[2.764s] [01m[K/usr/include/c++/11/functional:768:12:[m[K   required from ‘[01m[Kstruct std::_Bind_helper<false, void (PointBroadcaster::*)(), PointBroadcaster*, const std::_Placeholder<1>&>[m[K’
[2.764s] [01m[K/usr/include/c++/11/functional:789:5:[m[K   required by substitution of ‘[01m[Ktemplate<class _Func, class ... _BoundArgs> typename std::_Bind_helper<std::__is_socketlike<_Func>::value, _Func, _BoundArgs ...>::type std::bind(_Func&&, _BoundArgs&& ...) [with _Func = void (PointBroadcaster::*)(); _BoundArgs = {PointBroadcaster*, const std::_Placeholder<1>&}][m[K’
[2.764s] [01m[K/home/pz10on/Work/ws02_tools/src/cpp03_tf_broadcaster/src/demo03_point_tf_broadcaster.cpp:26:50:[m[K   required from here
[2.764s] [01m[K/usr/include/c++/11/functional:756:21:[m[K [01;31m[Kerror: [m[Kstatic assertion failed: Wrong number of arguments for pointer-to-member
[2.765s]   755 |       static_assert(_Varargs::[01;31m[Kvalue[m[K
[2.765s]       |                               [01;31m[K~~~~~[m[K
[2.765s]   756 | [01;31m[K                    ? sizeof...(_BoundArgs) >= _Arity::value + 1[m[K
[2.765s]       |                     [01;31m[K^~~~~~~~~~~~~~~~~~~~~~~~~~~~~~~~~~~~~~~~~~~~[m[K
[2.765s]   757 | [01;31m[K                    : sizeof...(_BoundArgs) == _Arity::value + 1[m[K,
[2.765s]       |                     [01;31m[K~~~~~~~~~~~~~~~~~~~~~~~~~~~~~~~~~~~~~~~~~~~~[m[K
[2.765s] [01m[K/usr/include/c++/11/functional:756:21:[m[K [01;36m[Knote: [m[K‘[01m[K(false ? (2 >= (((long unsigned int)std::integral_constant<long unsigned int, 0>::value) + 1)) : (2 == (((long unsigned int)std::integral_constant<long unsigned int, 0>::value) + 1)))[m[K’ evaluates to false
[3.403s] In file included from [01m[K/opt/ros/humble/include/rclcpp/rclcpp/callback_group.hpp:30[m[K,
[3.403s]                  from [01m[K/opt/ros/humble/include/rclcpp/rclcpp/any_executable.hpp:20[m[K,
[3.404s]                  from [01m[K/opt/ros/humble/include/rclcpp/rclcpp/memory_strategy.hpp:25[m[K,
[3.404s]                  from [01m[K/opt/ros/humble/include/rclcpp/rclcpp/memory_strategies.hpp:18[m[K,
[3.404s]                  from [01m[K/opt/ros/humble/include/rclcpp/rclcpp/executor_options.hpp:20[m[K,
[3.404s]                  from [01m[K/opt/ros/humble/include/rclcpp/rclcpp/executor.hpp:37[m[K,
[3.404s]                  from [01m[K/opt/ros/humble/include/rclcpp/rclcpp/executors/multi_threaded_executor.hpp:25[m[K,
[3.404s]                  from [01m[K/opt/ros/humble/include/rclcpp/rclcpp/executors.hpp:21[m[K,
[3.404s]                  from [01m[K/opt/ros/humble/include/rclcpp/rclcpp/rclcpp.hpp:155[m[K,
[3.404s]                  from [01m[K/home/pz10on/Work/ws02_tools/src/cpp03_tf_broadcaster/src/demo03_point_tf_broadcaster.cpp:15[m[K:
[3.404s] /opt/ros/humble/include/rclcpp/rclcpp/timer.hpp: In instantiation of ‘[01m[Kvoid rclcpp::GenericTimer<FunctorT, <anonymous> >::execute_callback_delegate() [with CallbackT = std::_Bind<void (PointBroadcaster::*(PointBroadcaster*, std::_Placeholder<1>))()>; typename std::enable_if<rclcpp::function_traits::same_arguments<CallbackT, std::function<void()> >::value>::type* <anonymous> = 0; FunctorT = std::_Bind<void (PointBroadcaster::*(PointBroadcaster*, std::_Placeholder<1>))()>; typename std::enable_if<(rclcpp::function_traits::same_arguments<FunctorT, std::function<void()> >::value || rclcpp::function_traits::same_arguments<FunctorT, std::function<void(rclcpp::TimerBase&)> >::value)>::type* <anonymous> = 0][m[K’:
[3.404s] [01m[K/opt/ros/humble/include/rclcpp/rclcpp/timer.hpp:230:32:[m[K   required from ‘[01m[Kvoid rclcpp::GenericTimer<FunctorT, <anonymous> >::execute_callback() [with FunctorT = std::_Bind<void (PointBroadcaster::*(PointBroadcaster*, std::_Placeholder<1>))()>; typename std::enable_if<(rclcpp::function_traits::same_arguments<FunctorT, std::function<void()> >::value || rclcpp::function_traits::same_arguments<FunctorT, std::function<void(rclcpp::TimerBase&)> >::value)>::type* <anonymous> = 0][m[K’
[3.404s] [01m[K/opt/ros/humble/include/rclcpp/rclcpp/timer.hpp:227:3:[m[K   required from here
[3.404s] [01m[K/opt/ros/humble/include/rclcpp/rclcpp/timer.hpp:244:14:[m[K [01;31m[Kerror: [m[Kno match for call to ‘[01m[K(std::_Bind<void (PointBroadcaster::*(PointBroadcaster*, std::_Placeholder<1>))()>) ()[m[K’
[3.404s]   244 |     [01;31m[Kcallback_()[m[K;
[3.404s]       |     [01;31m[K~~~~~~~~~^~[m[K
[3.404s] In file included from [01m[K/usr/include/c++/11/pstl/glue_algorithm_defs.h:13[m[K,
[3.405s]                  from [01m[K/usr/include/c++/11/algorithm:74[m[K,
[3.405s]                  from [01m[K/opt/ros/humble/include/rclcpp/rclcpp/executor.hpp:18[m[K,
[3.405s]                  from [01m[K/opt/ros/humble/include/rclcpp/rclcpp/executors/multi_threaded_executor.hpp:25[m[K,
[3.405s]                  from [01m[K/opt/ros/humble/include/rclcpp/rclcpp/executors.hpp:21[m[K,
[3.405s]                  from [01m[K/opt/ros/humble/include/rclcpp/rclcpp/rclcpp.hpp:155[m[K,
[3.405s]                  from [01m[K/home/pz10on/Work/ws02_tools/src/cpp03_tf_broadcaster/src/demo03_point_tf_broadcaster.cpp:15[m[K:
[3.405s] [01m[K/usr/include/c++/11/functional:501:9:[m[K [01;36m[Knote: [m[Kcandidate: ‘[01m[Ktemplate<class ... _Args, class _Result> _Result std::_Bind<_Functor(_Bound_args ...)>::operator()(_Args&& ...) [with _Args = {_Args ...}; _Result = _Result; _Functor = void (PointBroadcaster::*)(); _Bound_args = {PointBroadcaster*, std::_Placeholder<1>}][m[K’
[3.405s]   501 |         [01;36m[Koperator[m[K()(_Args&&... __args)
[3.405s]       |         [01;36m[K^~~~~~~~[m[K
[3.405s] [01m[K/usr/include/c++/11/functional:501:9:[m[K [01;36m[Knote: [m[K  template argument deduction/substitution failed:
[3.405s] /usr/include/c++/11/functional: In substitution of ‘[01m[Ktemplate<class _Functor, class ... _Bound_args> template<class _Fn, class _CallArgs, class ... _BArgs> using _Res_type_impl = typename std::result_of<_Fn&(decltype (std::_Mu<typename std::remove_cv<_BArgs>::type, std::is_bind_expression<typename std::remove_cv<_BArgs>::type>::value, (std::is_placeholder<typename std::remove_cv<_BArgs>::type>::value > 0)>()(declval<_BArgs&>(), declval<_CallArgs&>()))&& ...)>::type [with _Fn = void (PointBroadcaster::*)(); _CallArgs = std::tuple<>; _BArgs = {PointBroadcaster*, std::_Placeholder<1>}; _Functor = void (PointBroadcaster::*)(); _Bound_args = {PointBroadcaster*, std::_Placeholder<1>}][m[K’:
[3.405s] [01m[K/usr/include/c++/11/functional:468:8:[m[K   required by substitution of ‘[01m[Ktemplate<class _Functor, class ... _Bound_args> template<class _CallArgs> using _Res_type = std::_Bind<_Functor(_Bound_args ...)>::_Res_type_impl<_Functor, _CallArgs, _Bound_args ...> [with _CallArgs = std::tuple<>; _Functor = void (PointBroadcaster::*)(); _Bound_args = {PointBroadcaster*, std::_Placeholder<1>}][m[K’
[3.405s] [01m[K/usr/include/c++/11/functional:498:9:[m[K   required from ‘[01m[Kvoid rclcpp::GenericTimer<FunctorT, <anonymous> >::execute_callback_delegate() [with CallbackT = std::_Bind<void (PointBroadcaster::*(PointBroadcaster*, std::_Placeholder<1>))()>; typename std::enable_if<rclcpp::function_traits::same_arguments<CallbackT, std::function<void()> >::value>::type* <anonymous> = 0; FunctorT = std::_Bind<void (PointBroadcaster::*(PointBroadcaster*, std::_Placeholder<1>))()>; typename std::enable_if<(rclcpp::function_traits::same_arguments<FunctorT, std::function<void()> >::value || rclcpp::function_traits::same_arguments<FunctorT, std::function<void(rclcpp::TimerBase&)> >::value)>::type* <anonymous> = 0][m[K’
[3.405s] [01m[K/opt/ros/humble/include/rclcpp/rclcpp/timer.hpp:230:32:[m[K   required from ‘[01m[Kvoid rclcpp::GenericTimer<FunctorT, <anonymous> >::execute_callback() [with FunctorT = std::_Bind<void (PointBroadcaster::*(PointBroadcaster*, std::_Placeholder<1>))()>; typename std::enable_if<(rclcpp::function_traits::same_arguments<FunctorT, std::function<void()> >::value || rclcpp::function_traits::same_arguments<FunctorT, std::function<void(rclcpp::TimerBase&)> >::value)>::type* <anonymous> = 0][m[K’
[3.405s] [01m[K/opt/ros/humble/include/rclcpp/rclcpp/timer.hpp:227:3:[m[K   required from here
[3.405s] [01m[K/usr/include/c++/11/functional:460:13:[m[K [01;31m[Kerror: [m[Kno match for call to ‘[01m[K(std::_Mu<std::_Placeholder<1>, false, true>) (std::_Placeholder<1>&, std::tuple<>&)[m[K’
[3.405s]   460 |             [01;31m[K_Mu<typename remove_cv<_BoundArg>::type>()[m[K(
[3.405s]       |             [01;31m[K^~~~~~~~~~~~~~~~~~~~~~~~~~~~~~~~~~~~~~~~~~[m[K
[3.405s] [01m[K/usr/include/c++/11/functional:363:9:[m[K [01;36m[Knote: [m[Kcandidate: ‘[01m[Ktemplate<class _Tuple> std::_Safe_tuple_element_t<(std::is_placeholder<_Tp>::value - 1), _Tuple>&& std::_Mu<_Arg, false, true>::operator()(const volatile _Arg&, _Tuple&) const volatile [with _Tuple = _Tuple; _Arg = std::_Placeholder<1>][m[K’
[3.405s]   363 |         [01;36m[Koperator[m[K()(const volatile _Arg&, _Tuple& __tuple) const volatile
[3.406s]       |         [01;36m[K^~~~~~~~[m[K
[3.406s] [01m[K/usr/include/c++/11/functional:363:9:[m[K [01;36m[Knote: [m[K  template argument deduction/substitution failed:
[3.406s] /usr/include/c++/11/functional: In substitution of ‘[01m[Ktemplate<long unsigned int __i, class _Tuple> using _Safe_tuple_element_t = typename std::enable_if<(__i < std::tuple_size<_Tuple>::value), std::tuple_element<__i, _Tuple> >::type::type [with long unsigned int __i = 0; _Tuple = std::tuple<>][m[K’:
[3.406s] [01m[K/usr/include/c++/11/functional:363:2:[m[K   required by substitution of ‘[01m[Ktemplate<class _Tuple> std::_Safe_tuple_element_t<0, _Tuple>&& std::_Mu<std::_Placeholder<1>, false, true>::operator()<_Tuple>(const volatile std::_Placeholder<1>&, _Tuple&) const volatile [with _Tuple = std::tuple<>][m[K’
[3.406s] [01m[K/usr/include/c++/11/functional:460:6:[m[K   required by substitution of ‘[01m[Ktemplate<class _Functor, class ... _Bound_args> template<class _Fn, class _CallArgs, class ... _BArgs> using _Res_type_impl = typename std::result_of<_Fn&(decltype (std::_Mu<typename std::remove_cv<_BArgs>::type, std::is_bind_expression<typename std::remove_cv<_BArgs>::type>::value, (std::is_placeholder<typename std::remove_cv<_BArgs>::type>::value > 0)>()(declval<_BArgs&>(), declval<_CallArgs&>()))&& ...)>::type [with _Fn = void (PointBroadcaster::*)(); _CallArgs = std::tuple<>; _BArgs = {PointBroadcaster*, std::_Placeholder<1>}; _Functor = void (PointBroadcaster::*)(); _Bound_args = {PointBroadcaster*, std::_Placeholder<1>}][m[K’
[3.406s] [01m[K/usr/include/c++/11/functional:468:8:[m[K   required by substitution of ‘[01m[Ktemplate<class _Functor, class ... _Bound_args> template<class _CallArgs> using _Res_type = std::_Bind<_Functor(_Bound_args ...)>::_Res_type_impl<_Functor, _CallArgs, _Bound_args ...> [with _CallArgs = std::tuple<>; _Functor = void (PointBroadcaster::*)(); _Bound_args = {PointBroadcaster*, std::_Placeholder<1>}][m[K’
[3.406s] [01m[K/usr/include/c++/11/functional:498:9:[m[K   required from ‘[01m[Kvoid rclcpp::GenericTimer<FunctorT, <anonymous> >::execute_callback_delegate() [with CallbackT = std::_Bind<void (PointBroadcaster::*(PointBroadcaster*, std::_Placeholder<1>))()>; typename std::enable_if<rclcpp::function_traits::same_arguments<CallbackT, std::function<void()> >::value>::type* <anonymous> = 0; FunctorT = std::_Bind<void (PointBroadcaster::*(PointBroadcaster*, std::_Placeholder<1>))()>; typename std::enable_if<(rclcpp::function_traits::same_arguments<FunctorT, std::function<void()> >::value || rclcpp::function_traits::same_arguments<FunctorT, std::function<void(rclcpp::TimerBase&)> >::value)>::type* <anonymous> = 0][m[K’
[3.406s] [01m[K/opt/ros/humble/include/rclcpp/rclcpp/timer.hpp:230:32:[m[K   required from ‘[01m[Kvoid rclcpp::GenericTimer<FunctorT, <anonymous> >::execute_callback() [with FunctorT = std::_Bind<void (PointBroadcaster::*(PointBroadcaster*, std::_Placeholder<1>))()>; typename std::enable_if<(rclcpp::function_traits::same_arguments<FunctorT, std::function<void()> >::value || rclcpp::function_traits::same_arguments<FunctorT, std::function<void(rclcpp::TimerBase&)> >::value)>::type* <anonymous> = 0][m[K’
[3.406s] [01m[K/opt/ros/humble/include/rclcpp/rclcpp/timer.hpp:227:3:[m[K   required from here
[3.406s] [01m[K/usr/include/c++/11/functional:274:11:[m[K [01;31m[Kerror: [m[Kno type named ‘[01m[Ktype[m[K’ in ‘[01m[Kstruct std::enable_if<false, std::tuple_element<0, std::tuple<> > >[m[K’
[3.406s]   274 |     using [01;31m[K_Safe_tuple_element_t[m[K
[3.406s]       |           [01;31m[K^~~~~~~~~~~~~~~~~~~~~[m[K
[3.406s] /opt/ros/humble/include/rclcpp/rclcpp/timer.hpp: In instantiation of ‘[01m[Kvoid rclcpp::GenericTimer<FunctorT, <anonymous> >::execute_callback_delegate() [with CallbackT = std::_Bind<void (PointBroadcaster::*(PointBroadcaster*, std::_Placeholder<1>))()>; typename std::enable_if<rclcpp::function_traits::same_arguments<CallbackT, std::function<void()> >::value>::type* <anonymous> = 0; FunctorT = std::_Bind<void (PointBroadcaster::*(PointBroadcaster*, std::_Placeholder<1>))()>; typename std::enable_if<(rclcpp::function_traits::same_arguments<FunctorT, std::function<void()> >::value || rclcpp::function_traits::same_arguments<FunctorT, std::function<void(rclcpp::TimerBase&)> >::value)>::type* <anonymous> = 0][m[K’:
[3.406s] [01m[K/opt/ros/humble/include/rclcpp/rclcpp/timer.hpp:230:32:[m[K   required from ‘[01m[Kvoid rclcpp::GenericTimer<FunctorT, <anonymous> >::execute_callback() [with FunctorT = std::_Bind<void (PointBroadcaster::*(PointBroadcaster*, std::_Placeholder<1>))()>; typename std::enable_if<(rclcpp::function_traits::same_arguments<FunctorT, std::function<void()> >::value || rclcpp::function_traits::same_arguments<FunctorT, std::function<void(rclcpp::TimerBase&)> >::value)>::type* <anonymous> = 0][m[K’
[3.406s] [01m[K/opt/ros/humble/include/rclcpp/rclcpp/timer.hpp:227:3:[m[K   required from here
[3.406s] [01m[K/usr/include/c++/11/functional:513:9:[m[K [01;36m[Knote: [m[Kcandidate: ‘[01m[Ktemplate<class ... _Args, class _Result> _Result std::_Bind<_Functor(_Bound_args ...)>::operator()(_Args&& ...) const [with _Args = {_Args ...}; _Result = _Result; _Functor = void (PointBroadcaster::*)(); _Bound_args = {PointBroadcaster*, std::_Placeholder<1>}][m[K’
[3.406s]   513 |         [01;36m[Koperator[m[K()(_Args&&... __args) const
[3.406s]       |         [01;36m[K^~~~~~~~[m[K
[3.406s] [01m[K/usr/include/c++/11/functional:513:9:[m[K [01;36m[Knote: [m[K  template argument deduction/substitution failed:
[3.407s] /usr/include/c++/11/functional: In substitution of ‘[01m[Ktemplate<class _Functor, class ... _Bound_args> template<class _Fn, class _CallArgs, class ... _BArgs> using _Res_type_impl = typename std::result_of<_Fn&(decltype (std::_Mu<typename std::remove_cv<_BArgs>::type, std::is_bind_expression<typename std::remove_cv<_BArgs>::type>::value, (std::is_placeholder<typename std::remove_cv<_BArgs>::type>::value > 0)>()(declval<_BArgs&>(), declval<_CallArgs&>()))&& ...)>::type [with _Fn = void (PointBroadcaster::* const)(); _CallArgs = std::tuple<>; _BArgs = {PointBroadcaster* const, const std::_Placeholder<1>}; _Functor = void (PointBroadcaster::*)(); _Bound_args = {PointBroadcaster*, std::_Placeholder<1>}][m[K’:
[3.407s] [01m[K/usr/include/c++/11/functional:475:8:[m[K   required by substitution of ‘[01m[Ktemplate<class _Functor, class ... _Bound_args> template<class _CallArgs, template<class _CallArgs, template<class> class __cv_quals> template<class _Functor, class ... _Bound_args> template<class> class __cv_quals> using _Res_type_cv = std::_Bind<_Functor(_Bound_args ...)>::_Res_type_impl<typename __cv_quals<typename std::enable_if<(bool)((std::tuple_size<_Tuple>::value + 1)), _Functor>::type>::type, _CallArgs, typename __cv_quals<_Bound_args>::type ...> [with _CallArgs = std::tuple<>; __cv_quals = std::add_const; _Functor = void (PointBroadcaster::*)(); _Bound_args = {PointBroadcaster*, std::_Placeholder<1>}][m[K’
[3.407s] [01m[K/usr/include/c++/11/functional:510:9:[m[K   required from ‘[01m[Kvoid rclcpp::GenericTimer<FunctorT, <anonymous> >::execute_callback_delegate() [with CallbackT = std::_Bind<void (PointBroadcaster::*(PointBroadcaster*, std::_Placeholder<1>))()>; typename std::enable_if<rclcpp::function_traits::same_arguments<CallbackT, std::function<void()> >::value>::type* <anonymous> = 0; FunctorT = std::_Bind<void (PointBroadcaster::*(PointBroadcaster*, std::_Placeholder<1>))()>; typename std::enable_if<(rclcpp::function_traits::same_arguments<FunctorT, std::function<void()> >::value || rclcpp::function_traits::same_arguments<FunctorT, std::function<void(rclcpp::TimerBase&)> >::value)>::type* <anonymous> = 0][m[K’
[3.407s] [01m[K/opt/ros/humble/include/rclcpp/rclcpp/timer.hpp:230:32:[m[K   required from ‘[01m[Kvoid rclcpp::GenericTimer<FunctorT, <anonymous> >::execute_callback() [with FunctorT = std::_Bind<void (PointBroadcaster::*(PointBroadcaster*, std::_Placeholder<1>))()>; typename std::enable_if<(rclcpp::function_traits::same_arguments<FunctorT, std::function<void()> >::value || rclcpp::function_traits::same_arguments<FunctorT, std::function<void(rclcpp::TimerBase&)> >::value)>::type* <anonymous> = 0][m[K’
[3.407s] [01m[K/opt/ros/humble/include/rclcpp/rclcpp/timer.hpp:227:3:[m[K   required from here
[3.407s] [01m[K/usr/include/c++/11/functional:460:13:[m[K [01;31m[Kerror: [m[Kno match for call to ‘[01m[K(std::_Mu<std::_Placeholder<1>, false, true>) (const std::_Placeholder<1>&, std::tuple<>&)[m[K’
[3.407s]   460 |             [01;31m[K_Mu<typename remove_cv<_BoundArg>::type>()[m[K(
[3.407s]       |             [01;31m[K^~~~~~~~~~~~~~~~~~~~~~~~~~~~~~~~~~~~~~~~~~[m[K
[3.407s] [01m[K/usr/include/c++/11/functional:363:9:[m[K [01;36m[Knote: [m[Kcandidate: ‘[01m[Ktemplate<class _Tuple> std::_Safe_tuple_element_t<(std::is_placeholder<_Tp>::value - 1), _Tuple>&& std::_Mu<_Arg, false, true>::operator()(const volatile _Arg&, _Tuple&) const volatile [with _Tuple = _Tuple; _Arg = std::_Placeholder<1>][m[K’
[3.407s]   363 |         [01;36m[Koperator[m[K()(const volatile _Arg&, _Tuple& __tuple) const volatile
[3.407s]       |         [01;36m[K^~~~~~~~[m[K
[3.407s] [01m[K/usr/include/c++/11/functional:363:9:[m[K [01;36m[Knote: [m[K  template argument deduction/substitution failed:
[3.407s] /opt/ros/humble/include/rclcpp/rclcpp/timer.hpp: In instantiation of ‘[01m[Kvoid rclcpp::GenericTimer<FunctorT, <anonymous> >::execute_callback_delegate() [with CallbackT = std::_Bind<void (PointBroadcaster::*(PointBroadcaster*, std::_Placeholder<1>))()>; typename std::enable_if<rclcpp::function_traits::same_arguments<CallbackT, std::function<void()> >::value>::type* <anonymous> = 0; FunctorT = std::_Bind<void (PointBroadcaster::*(PointBroadcaster*, std::_Placeholder<1>))()>; typename std::enable_if<(rclcpp::function_traits::same_arguments<FunctorT, std::function<void()> >::value || rclcpp::function_traits::same_arguments<FunctorT, std::function<void(rclcpp::TimerBase&)> >::value)>::type* <anonymous> = 0][m[K’:
[3.407s] [01m[K/opt/ros/humble/include/rclcpp/rclcpp/timer.hpp:230:32:[m[K   required from ‘[01m[Kvoid rclcpp::GenericTimer<FunctorT, <anonymous> >::execute_callback() [with FunctorT = std::_Bind<void (PointBroadcaster::*(PointBroadcaster*, std::_Placeholder<1>))()>; typename std::enable_if<(rclcpp::function_traits::same_arguments<FunctorT, std::function<void()> >::value || rclcpp::function_traits::same_arguments<FunctorT, std::function<void(rclcpp::TimerBase&)> >::value)>::type* <anonymous> = 0][m[K’
[3.407s] [01m[K/opt/ros/humble/include/rclcpp/rclcpp/timer.hpp:227:3:[m[K   required from here
[3.407s] [01m[K/usr/include/c++/11/functional:531:9:[m[K [01;36m[Knote: [m[Kcandidate: ‘[01m[Ktemplate<class ... _Args, class _Result> _Result std::_Bind<_Functor(_Bound_args ...)>::operator()(_Args&& ...) volatile [with _Args = {_Args ...}; _Result = _Result; _Functor = void (PointBroadcaster::*)(); _Bound_args = {PointBroadcaster*, std::_Placeholder<1>}][m[K’
[3.407s]   531 |         [01;36m[Koperator[m[K()(_Args&&... __args) volatile
[3.407s]       |         [01;36m[K^~~~~~~~[m[K
[3.407s] [01m[K/usr/include/c++/11/functional:531:9:[m[K [01;36m[Knote: [m[K  template argument deduction/substitution failed:
[3.408s] /usr/include/c++/11/functional: In substitution of ‘[01m[Ktemplate<class _Functor, class ... _Bound_args> template<class _Fn, class _CallArgs, class ... _BArgs> using _Res_type_impl = typename std::result_of<_Fn&(decltype (std::_Mu<typename std::remove_cv<_BArgs>::type, std::is_bind_expression<typename std::remove_cv<_BArgs>::type>::value, (std::is_placeholder<typename std::remove_cv<_BArgs>::type>::value > 0)>()(declval<_BArgs&>(), declval<_CallArgs&>()))&& ...)>::type [with _Fn = void (PointBroadcaster::* volatile)(); _CallArgs = std::tuple<>; _BArgs = {PointBroadcaster* volatile, volatile std::_Placeholder<1>}; _Functor = void (PointBroadcaster::*)(); _Bound_args = {PointBroadcaster*, std::_Placeholder<1>}][m[K’:
[3.408s] [01m[K/usr/include/c++/11/functional:475:8:[m[K   required by substitution of ‘[01m[Ktemplate<class _Functor, class ... _Bound_args> template<class _CallArgs, template<class _CallArgs, template<class> class __cv_quals> template<class _Functor, class ... _Bound_args> template<class> class __cv_quals> using _Res_type_cv = std::_Bind<_Functor(_Bound_args ...)>::_Res_type_impl<typename __cv_quals<typename std::enable_if<(bool)((std::tuple_size<_Tuple>::value + 1)), _Functor>::type>::type, _CallArgs, typename __cv_quals<_Bound_args>::type ...> [with _CallArgs = std::tuple<>; __cv_quals = std::add_volatile; _Functor = void (PointBroadcaster::*)(); _Bound_args = {PointBroadcaster*, std::_Placeholder<1>}][m[K’
[3.408s] [01m[K/usr/include/c++/11/functional:528:9:[m[K   required from ‘[01m[Kvoid rclcpp::GenericTimer<FunctorT, <anonymous> >::execute_callback_delegate() [with CallbackT = std::_Bind<void (PointBroadcaster::*(PointBroadcaster*, std::_Placeholder<1>))()>; typename std::enable_if<rclcpp::function_traits::same_arguments<CallbackT, std::function<void()> >::value>::type* <anonymous> = 0; FunctorT = std::_Bind<void (PointBroadcaster::*(PointBroadcaster*, std::_Placeholder<1>))()>; typename std::enable_if<(rclcpp::function_traits::same_arguments<FunctorT, std::function<void()> >::value || rclcpp::function_traits::same_arguments<FunctorT, std::function<void(rclcpp::TimerBase&)> >::value)>::type* <anonymous> = 0][m[K’
[3.408s] [01m[K/opt/ros/humble/include/rclcpp/rclcpp/timer.hpp:230:32:[m[K   required from ‘[01m[Kvoid rclcpp::GenericTimer<FunctorT, <anonymous> >::execute_callback() [with FunctorT = std::_Bind<void (PointBroadcaster::*(PointBroadcaster*, std::_Placeholder<1>))()>; typename std::enable_if<(rclcpp::function_traits::same_arguments<FunctorT, std::function<void()> >::value || rclcpp::function_traits::same_arguments<FunctorT, std::function<void(rclcpp::TimerBase&)> >::value)>::type* <anonymous> = 0][m[K’
[3.408s] [01m[K/opt/ros/humble/include/rclcpp/rclcpp/timer.hpp:227:3:[m[K   required from here
[3.408s] [01m[K/usr/include/c++/11/functional:460:13:[m[K [01;31m[Kerror: [m[Kno match for call to ‘[01m[K(std::_Mu<std::_Placeholder<1>, false, true>) (volatile std::_Placeholder<1>&, std::tuple<>&)[m[K’
[3.408s]   460 |             [01;31m[K_Mu<typename remove_cv<_BoundArg>::type>()[m[K(
[3.408s]       |             [01;31m[K^~~~~~~~~~~~~~~~~~~~~~~~~~~~~~~~~~~~~~~~~~[m[K
[3.408s] [01m[K/usr/include/c++/11/functional:363:9:[m[K [01;36m[Knote: [m[Kcandidate: ‘[01m[Ktemplate<class _Tuple> std::_Safe_tuple_element_t<(std::is_placeholder<_Tp>::value - 1), _Tuple>&& std::_Mu<_Arg, false, true>::operator()(const volatile _Arg&, _Tuple&) const volatile [with _Tuple = _Tuple; _Arg = std::_Placeholder<1>][m[K’
[3.408s]   363 |         [01;36m[Koperator[m[K()(const volatile _Arg&, _Tuple& __tuple) const volatile
[3.408s]       |         [01;36m[K^~~~~~~~[m[K
[3.408s] [01m[K/usr/include/c++/11/functional:363:9:[m[K [01;36m[Knote: [m[K  template argument deduction/substitution failed:
[3.408s] /opt/ros/humble/include/rclcpp/rclcpp/timer.hpp: In instantiation of ‘[01m[Kvoid rclcpp::GenericTimer<FunctorT, <anonymous> >::execute_callback_delegate() [with CallbackT = std::_Bind<void (PointBroadcaster::*(PointBroadcaster*, std::_Placeholder<1>))()>; typename std::enable_if<rclcpp::function_traits::same_arguments<CallbackT, std::function<void()> >::value>::type* <anonymous> = 0; FunctorT = std::_Bind<void (PointBroadcaster::*(PointBroadcaster*, std::_Placeholder<1>))()>; typename std::enable_if<(rclcpp::function_traits::same_arguments<FunctorT, std::function<void()> >::value || rclcpp::function_traits::same_arguments<FunctorT, std::function<void(rclcpp::TimerBase&)> >::value)>::type* <anonymous> = 0][m[K’:
[3.409s] [01m[K/opt/ros/humble/include/rclcpp/rclcpp/timer.hpp:230:32:[m[K   required from ‘[01m[Kvoid rclcpp::GenericTimer<FunctorT, <anonymous> >::execute_callback() [with FunctorT = std::_Bind<void (PointBroadcaster::*(PointBroadcaster*, std::_Placeholder<1>))()>; typename std::enable_if<(rclcpp::function_traits::same_arguments<FunctorT, std::function<void()> >::value || rclcpp::function_traits::same_arguments<FunctorT, std::function<void(rclcpp::TimerBase&)> >::value)>::type* <anonymous> = 0][m[K’
[3.409s] [01m[K/opt/ros/humble/include/rclcpp/rclcpp/timer.hpp:227:3:[m[K   required from here
[3.409s] [01m[K/usr/include/c++/11/functional:543:9:[m[K [01;36m[Knote: [m[Kcandidate: ‘[01m[Ktemplate<class ... _Args, class _Result> _Result std::_Bind<_Functor(_Bound_args ...)>::operator()(_Args&& ...) const volatile [with _Args = {_Args ...}; _Result = _Result; _Functor = void (PointBroadcaster::*)(); _Bound_args = {PointBroadcaster*, std::_Placeholder<1>}][m[K’
[3.409s]   543 |         [01;36m[Koperator[m[K()(_Args&&... __args) const volatile
[3.409s]       |         [01;36m[K^~~~~~~~[m[K
[3.409s] [01m[K/usr/include/c++/11/functional:543:9:[m[K [01;36m[Knote: [m[K  template argument deduction/substitution failed:
[3.409s] /usr/include/c++/11/functional: In substitution of ‘[01m[Ktemplate<class _Functor, class ... _Bound_args> template<class _Fn, class _CallArgs, class ... _BArgs> using _Res_type_impl = typename std::result_of<_Fn&(decltype (std::_Mu<typename std::remove_cv<_BArgs>::type, std::is_bind_expression<typename std::remove_cv<_BArgs>::type>::value, (std::is_placeholder<typename std::remove_cv<_BArgs>::type>::value > 0)>()(declval<_BArgs&>(), declval<_CallArgs&>()))&& ...)>::type [with _Fn = void (PointBroadcaster::* const volatile)(); _CallArgs = std::tuple<>; _BArgs = {PointBroadcaster* const volatile, const volatile std::_Placeholder<1>}; _Functor = void (PointBroadcaster::*)(); _Bound_args = {PointBroadcaster*, std::_Placeholder<1>}][m[K’:
[3.409s] [01m[K/usr/include/c++/11/functional:475:8:[m[K   required by substitution of ‘[01m[Ktemplate<class _Functor, class ... _Bound_args> template<class _CallArgs, template<class _CallArgs, template<class> class __cv_quals> template<class _Functor, class ... _Bound_args> template<class> class __cv_quals> using _Res_type_cv = std::_Bind<_Functor(_Bound_args ...)>::_Res_type_impl<typename __cv_quals<typename std::enable_if<(bool)((std::tuple_size<_Tuple>::value + 1)), _Functor>::type>::type, _CallArgs, typename __cv_quals<_Bound_args>::type ...> [with _CallArgs = std::tuple<>; __cv_quals = std::add_cv; _Functor = void (PointBroadcaster::*)(); _Bound_args = {PointBroadcaster*, std::_Placeholder<1>}][m[K’
[3.409s] [01m[K/usr/include/c++/11/functional:540:9:[m[K   required from ‘[01m[Kvoid rclcpp::GenericTimer<FunctorT, <anonymous> >::execute_callback_delegate() [with CallbackT = std::_Bind<void (PointBroadcaster::*(PointBroadcaster*, std::_Placeholder<1>))()>; typename std::enable_if<rclcpp::function_traits::same_arguments<CallbackT, std::function<void()> >::value>::type* <anonymous> = 0; FunctorT = std::_Bind<void (PointBroadcaster::*(PointBroadcaster*, std::_Placeholder<1>))()>; typename std::enable_if<(rclcpp::function_traits::same_arguments<FunctorT, std::function<void()> >::value || rclcpp::function_traits::same_arguments<FunctorT, std::function<void(rclcpp::TimerBase&)> >::value)>::type* <anonymous> = 0][m[K’
[3.409s] [01m[K/opt/ros/humble/include/rclcpp/rclcpp/timer.hpp:230:32:[m[K   required from ‘[01m[Kvoid rclcpp::GenericTimer<FunctorT, <anonymous> >::execute_callback() [with FunctorT = std::_Bind<void (PointBroadcaster::*(PointBroadcaster*, std::_Placeholder<1>))()>; typename std::enable_if<(rclcpp::function_traits::same_arguments<FunctorT, std::function<void()> >::value || rclcpp::function_traits::same_arguments<FunctorT, std::function<void(rclcpp::TimerBase&)> >::value)>::type* <anonymous> = 0][m[K’
[3.409s] [01m[K/opt/ros/humble/include/rclcpp/rclcpp/timer.hpp:227:3:[m[K   required from here
[3.409s] [01m[K/usr/include/c++/11/functional:460:13:[m[K [01;31m[Kerror: [m[Kno match for call to ‘[01m[K(std::_Mu<std::_Placeholder<1>, false, true>) (const volatile std::_Placeholder<1>&, std::tuple<>&)[m[K’
[3.409s]   460 |             [01;31m[K_Mu<typename remove_cv<_BoundArg>::type>()[m[K(
[3.409s]       |             [01;31m[K^~~~~~~~~~~~~~~~~~~~~~~~~~~~~~~~~~~~~~~~~~[m[K
[3.409s] [01m[K/usr/include/c++/11/functional:363:9:[m[K [01;36m[Knote: [m[Kcandidate: ‘[01m[Ktemplate<class _Tuple> std::_Safe_tuple_element_t<(std::is_placeholder<_Tp>::value - 1), _Tuple>&& std::_Mu<_Arg, false, true>::operator()(const volatile _Arg&, _Tuple&) const volatile [with _Tuple = _Tuple; _Arg = std::_Placeholder<1>][m[K’
[3.410s]   363 |         [01;36m[Koperator[m[K()(const volatile _Arg&, _Tuple& __tuple) const volatile
[3.410s]       |         [01;36m[K^~~~~~~~[m[K
[3.410s] [01m[K/usr/include/c++/11/functional:363:9:[m[K [01;36m[Knote: [m[K  template argument deduction/substitution failed:
[3.548s] gmake[2]: *** [CMakeFiles/demo03_point_tf_broadcaster.dir/build.make:76: CMakeFiles/demo03_point_tf_broadcaster.dir/src/demo03_point_tf_broadcaster.cpp.o] Error 1
[3.548s] gmake[1]: *** [CMakeFiles/Makefile2:193: CMakeFiles/demo03_point_tf_broadcaster.dir/all] Error 2
[3.548s] gmake[1]: *** Waiting for unfinished jobs....
[7.801s] [ 83%] [32m[1mLinking CXX executable demo02_dynamic_tf_broadcaster[0m
[8.139s] [ 83%] Built target demo02_dynamic_tf_broadcaster
[8.141s] gmake: *** [Makefile:146: all] Error 2
[8.143s] Invoked command in '/home/pz10on/Work/ws02_tools/build/cpp03_tf_broadcaster' returned '2': CMAKE_PREFIX_PATH=${CMAKE_PREFIX_PATH}:/home/pz10on/Work/ws02_tools/install/py01_launch:/opt/ros/humble /usr/bin/cmake --build /home/pz10on/Work/ws02_tools/build/cpp03_tf_broadcaster -- -j12 -l12
