[0.017s] Invoking command in '/home/pz10on/Work/ws02_tools/build/cpp02_rosbag2': CMAKE_PREFIX_PATH=/opt/ros/humble /usr/bin/cmake --build /home/pz10on/Work/ws02_tools/build/cpp02_rosbag2 -- -j12 -l12
[0.046s] [35m[1mConsolidate compiler generated dependencies of target demo02_read.cpp[0m
[0.046s] [35m[1mConsolidate compiler generated dependencies of target demo01_writer.cpp[0m
[0.059s] [ 50%] [32mBuilding CXX object CMakeFiles/demo01_writer.cpp.dir/src/demo01_writer.cpp.o[0m
[0.060s] [ 50%] [32mBuilding CXX object CMakeFiles/demo02_read.cpp.dir/src/demo02_read.cpp.o[0m
[3.828s] [ 75%] [32m[1mLinking CXX executable demo02_read.cpp[0m
[3.949s] [ 75%] Built target demo02_read.cpp
[7.493s] [100%] [32m[1mLinking CXX executable demo01_writer.cpp[0m
[7.788s] [100%] Built target demo01_writer.cpp
[7.796s] Invoked command in '/home/pz10on/Work/ws02_tools/build/cpp02_rosbag2' returned '0': CMAKE_PREFIX_PATH=/opt/ros/humble /usr/bin/cmake --build /home/pz10on/Work/ws02_tools/build/cpp02_rosbag2 -- -j12 -l12
[7.814s] Invoking command in '/home/pz10on/Work/ws02_tools/build/cpp02_rosbag2': CMAKE_PREFIX_PATH=/opt/ros/humble /usr/bin/cmake --install /home/pz10on/Work/ws02_tools/build/cpp02_rosbag2
[7.820s] -- Install configuration: ""
[7.820s] -- Installing: /home/pz10on/Work/ws02_tools/install/cpp02_rosbag2/lib/cpp02_rosbag2/demo01_writer.cpp
[7.823s] -- Set runtime path of "/home/pz10on/Work/ws02_tools/install/cpp02_rosbag2/lib/cpp02_rosbag2/demo01_writer.cpp" to ""
[7.823s] -- Installing: /home/pz10on/Work/ws02_tools/install/cpp02_rosbag2/lib/cpp02_rosbag2/demo02_read.cpp
[7.823s] -- Set runtime path of "/home/pz10on/Work/ws02_tools/install/cpp02_rosbag2/lib/cpp02_rosbag2/demo02_read.cpp" to ""
[7.823s] -- Up-to-date: /home/pz10on/Work/ws02_tools/install/cpp02_rosbag2/share/ament_index/resource_index/package_run_dependencies/cpp02_rosbag2
[7.824s] -- Up-to-date: /home/pz10on/Work/ws02_tools/install/cpp02_rosbag2/share/ament_index/resource_index/parent_prefix_path/cpp02_rosbag2
[7.824s] -- Up-to-date: /home/pz10on/Work/ws02_tools/install/cpp02_rosbag2/share/cpp02_rosbag2/environment/ament_prefix_path.sh
[7.824s] -- Up-to-date: /home/pz10on/Work/ws02_tools/install/cpp02_rosbag2/share/cpp02_rosbag2/environment/ament_prefix_path.dsv
[7.824s] -- Up-to-date: /home/pz10on/Work/ws02_tools/install/cpp02_rosbag2/share/cpp02_rosbag2/environment/path.sh
[7.824s] -- Up-to-date: /home/pz10on/Work/ws02_tools/install/cpp02_rosbag2/share/cpp02_rosbag2/environment/path.dsv
[7.824s] -- Up-to-date: /home/pz10on/Work/ws02_tools/install/cpp02_rosbag2/share/cpp02_rosbag2/local_setup.bash
[7.824s] -- Up-to-date: /home/pz10on/Work/ws02_tools/install/cpp02_rosbag2/share/cpp02_rosbag2/local_setup.sh
[7.824s] -- Up-to-date: /home/pz10on/Work/ws02_tools/install/cpp02_rosbag2/share/cpp02_rosbag2/local_setup.zsh
[7.824s] -- Up-to-date: /home/pz10on/Work/ws02_tools/install/cpp02_rosbag2/share/cpp02_rosbag2/local_setup.dsv
[7.824s] -- Installing: /home/pz10on/Work/ws02_tools/install/cpp02_rosbag2/share/cpp02_rosbag2/package.dsv
[7.824s] -- Up-to-date: /home/pz10on/Work/ws02_tools/install/cpp02_rosbag2/share/ament_index/resource_index/packages/cpp02_rosbag2
[7.824s] -- Up-to-date: /home/pz10on/Work/ws02_tools/install/cpp02_rosbag2/share/cpp02_rosbag2/cmake/cpp02_rosbag2Config.cmake
[7.824s] -- Up-to-date: /home/pz10on/Work/ws02_tools/install/cpp02_rosbag2/share/cpp02_rosbag2/cmake/cpp02_rosbag2Config-version.cmake
[7.824s] -- Up-to-date: /home/pz10on/Work/ws02_tools/install/cpp02_rosbag2/share/cpp02_rosbag2/package.xml
[7.827s] Invoked command in '/home/pz10on/Work/ws02_tools/build/cpp02_rosbag2' returned '0': CMAKE_PREFIX_PATH=/opt/ros/humble /usr/bin/cmake --install /home/pz10on/Work/ws02_tools/build/cpp02_rosbag2
