[0.010s] Invoking command in '/home/pz10on/Work/ws02_tools/build/cpp04_tf_listener': CMAKE_PREFIX_PATH=/opt/ros/humble /usr/bin/cmake --build /home/pz10on/Work/ws02_tools/build/cpp04_tf_listener -- -j12 -l12
[0.026s] -- Found ament_cmake: 1.3.5 (/opt/ros/humble/share/ament_cmake/cmake)
[0.117s] -- Found rclcpp: 16.0.5 (/opt/ros/humble/share/rclcpp/cmake)
[0.136s] -- Found rosidl_generator_c: 3.1.5 (/opt/ros/humble/share/rosidl_generator_c/cmake)
[0.137s] -- Found rosidl_adapter: 3.1.5 (/opt/ros/humble/share/rosidl_adapter/cmake)
[0.141s] -- Found rosidl_generator_cpp: 3.1.5 (/opt/ros/humble/share/rosidl_generator_cpp/cmake)
[0.149s] -- Using all available rosidl_typesupport_c: rosidl_typesupport_fastrtps_c;rosidl_typesupport_introspection_c
[0.160s] -- Using all available rosidl_typesupport_cpp: rosidl_typesupport_fastrtps_cpp;rosidl_typesupport_introspection_cpp
[0.199s] -- Found rmw_implementation_cmake: 6.1.1 (/opt/ros/humble/share/rmw_implementation_cmake/cmake)
[0.200s] -- Found rmw_fastrtps_cpp: 6.2.3 (/opt/ros/humble/share/rmw_fastrtps_cpp/cmake)
[0.280s] -- Using RMW implementation 'rmw_fastrtps_cpp' as default
[0.380s] -- Found tf2: 0.25.3 (/opt/ros/humble/share/tf2/cmake)
[0.415s] -- Found tf2_ros: 0.25.3 (/opt/ros/humble/share/tf2_ros/cmake)
[0.624s] -- Found tf2_geometry_msgs: 0.25.3 (/opt/ros/humble/share/tf2_geometry_msgs/cmake)
[0.627s] -- Found eigen3_cmake_module: 0.1.1 (/opt/ros/humble/share/eigen3_cmake_module/cmake)
[0.628s] -- Ensuring Eigen3 include directory is part of orocos-kdl CMake target
[0.635s] -- Found ament_lint_auto: 0.12.7 (/opt/ros/humble/share/ament_lint_auto/cmake)
[0.680s] -- Added test 'cppcheck' to perform static code analysis on C / C++ code
[0.680s] -- Configured cppcheck include dirs: $<BUILD_INTERFACE:/home/pz10on/Work/ws02_tools/src/cpp04_tf_listener/include>
[0.680s] -- Configured cppcheck exclude dirs and/or files: 
[0.681s] -- Added test 'lint_cmake' to check CMake code style
[0.681s] -- Added test 'uncrustify' to check C / C++ code style
[0.681s] -- Configured uncrustify additional arguments: 
[0.681s] -- Added test 'xmllint' to check XML markup files
[0.682s] -- Configuring done
[0.692s] -- Generating done
[0.694s] -- Build files have been written to: /home/pz10on/Work/ws02_tools/build/cpp04_tf_listener
[0.713s] [35m[1mConsolidate compiler generated dependencies of target demo01_tf_listener[0m
[0.720s] [ 25%] [32mBuilding CXX object CMakeFiles/demo02_msg_filter.dir/src/demo02_msg_filter.cpp.o[0m
[0.725s] [ 50%] [32mBuilding CXX object CMakeFiles/demo01_tf_listener.dir/src/demo01_tf_listener.cpp.o[0m
[2.751s] [ 75%] [32m[1mLinking CXX executable demo02_msg_filter[0m
[2.870s] [ 75%] Built target demo02_msg_filter
[6.990s] [100%] [32m[1mLinking CXX executable demo01_tf_listener[0m
[7.301s] [100%] Built target demo01_tf_listener
[7.310s] Invoked command in '/home/pz10on/Work/ws02_tools/build/cpp04_tf_listener' returned '0': CMAKE_PREFIX_PATH=/opt/ros/humble /usr/bin/cmake --build /home/pz10on/Work/ws02_tools/build/cpp04_tf_listener -- -j12 -l12
[7.335s] Invoking command in '/home/pz10on/Work/ws02_tools/build/cpp04_tf_listener': CMAKE_PREFIX_PATH=/opt/ros/humble /usr/bin/cmake --install /home/pz10on/Work/ws02_tools/build/cpp04_tf_listener
[7.340s] -- Install configuration: ""
[7.340s] -- Installing: /home/pz10on/Work/ws02_tools/install/cpp04_tf_listener/lib/cpp04_tf_listener/demo01_tf_listener
[7.343s] -- Set runtime path of "/home/pz10on/Work/ws02_tools/install/cpp04_tf_listener/lib/cpp04_tf_listener/demo01_tf_listener" to ""
[7.343s] -- Installing: /home/pz10on/Work/ws02_tools/install/cpp04_tf_listener/lib/cpp04_tf_listener/demo02_msg_filter
[7.343s] -- Set runtime path of "/home/pz10on/Work/ws02_tools/install/cpp04_tf_listener/lib/cpp04_tf_listener/demo02_msg_filter" to ""
[7.343s] -- Installing: /home/pz10on/Work/ws02_tools/install/cpp04_tf_listener/share/ament_index/resource_index/package_run_dependencies/cpp04_tf_listener
[7.343s] -- Installing: /home/pz10on/Work/ws02_tools/install/cpp04_tf_listener/share/ament_index/resource_index/parent_prefix_path/cpp04_tf_listener
[7.344s] -- Up-to-date: /home/pz10on/Work/ws02_tools/install/cpp04_tf_listener/share/cpp04_tf_listener/environment/ament_prefix_path.sh
[7.344s] -- Installing: /home/pz10on/Work/ws02_tools/install/cpp04_tf_listener/share/cpp04_tf_listener/environment/ament_prefix_path.dsv
[7.344s] -- Up-to-date: /home/pz10on/Work/ws02_tools/install/cpp04_tf_listener/share/cpp04_tf_listener/environment/path.sh
[7.344s] -- Installing: /home/pz10on/Work/ws02_tools/install/cpp04_tf_listener/share/cpp04_tf_listener/environment/path.dsv
[7.344s] -- Up-to-date: /home/pz10on/Work/ws02_tools/install/cpp04_tf_listener/share/cpp04_tf_listener/local_setup.bash
[7.344s] -- Up-to-date: /home/pz10on/Work/ws02_tools/install/cpp04_tf_listener/share/cpp04_tf_listener/local_setup.sh
[7.344s] -- Up-to-date: /home/pz10on/Work/ws02_tools/install/cpp04_tf_listener/share/cpp04_tf_listener/local_setup.zsh
[7.344s] -- Installing: /home/pz10on/Work/ws02_tools/install/cpp04_tf_listener/share/cpp04_tf_listener/local_setup.dsv
[7.344s] -- Installing: /home/pz10on/Work/ws02_tools/install/cpp04_tf_listener/share/cpp04_tf_listener/package.dsv
[7.344s] -- Up-to-date: /home/pz10on/Work/ws02_tools/install/cpp04_tf_listener/share/ament_index/resource_index/packages/cpp04_tf_listener
[7.344s] -- Up-to-date: /home/pz10on/Work/ws02_tools/install/cpp04_tf_listener/share/cpp04_tf_listener/cmake/cpp04_tf_listenerConfig.cmake
[7.344s] -- Up-to-date: /home/pz10on/Work/ws02_tools/install/cpp04_tf_listener/share/cpp04_tf_listener/cmake/cpp04_tf_listenerConfig-version.cmake
[7.344s] -- Installing: /home/pz10on/Work/ws02_tools/install/cpp04_tf_listener/share/cpp04_tf_listener/package.xml
[7.346s] Invoked command in '/home/pz10on/Work/ws02_tools/build/cpp04_tf_listener' returned '0': CMAKE_PREFIX_PATH=/opt/ros/humble /usr/bin/cmake --install /home/pz10on/Work/ws02_tools/build/cpp04_tf_listener
