[0.012s] Invoking command in '/home/pz10on/Work/ws02_tools/build/cpp06_urdf': CMAKE_PREFIX_PATH=${CMAKE_PREFIX_PATH}:/home/pz10on/Work/ws02_tools/install/py01_launch:/opt/ros/humble /usr/bin/cmake /home/pz10on/Work/ws02_tools/src/cpp06_urdf -DCMAKE_INSTALL_PREFIX=/home/pz10on/Work/ws02_tools/install/cpp06_urdf
[0.073s] -- The C compiler identification is GNU 11.4.0
[0.126s] -- The CXX compiler identification is GNU 11.4.0
[0.132s] -- Detecting C compiler ABI info
[0.179s] -- Detecting C compiler ABI info - done
[0.184s] -- Check for working C compiler: /usr/bin/cc - skipped
[0.184s] -- Detecting C compile features
[0.185s] -- Detecting C compile features - done
[0.187s] -- Detecting CXX compiler ABI info
[0.243s] -- Detecting CXX compiler ABI info - done
[0.248s] -- Check for working CXX compiler: /usr/bin/c++ - skipped
[0.248s] -- Detecting CXX compile features
[0.249s] -- Detecting CXX compile features - done
[0.251s] -- Found ament_cmake: 1.3.5 (/opt/ros/humble/share/ament_cmake/cmake)
[0.370s] -- Found Python3: /usr/bin/python3.10 (found version "3.10.12") found components: Interpreter 
[0.434s] -- Found ament_lint_auto: 0.12.7 (/opt/ros/humble/share/ament_lint_auto/cmake)
[0.489s] -- Added test 'lint_cmake' to check CMake code style
[0.490s] -- Added test 'xmllint' to check XML markup files
[0.491s] -- Configuring done
[0.493s] -- Generating done
[0.493s] -- Build files have been written to: /home/pz10on/Work/ws02_tools/build/cpp06_urdf
[0.497s] Invoked command in '/home/pz10on/Work/ws02_tools/build/cpp06_urdf' returned '0': CMAKE_PREFIX_PATH=${CMAKE_PREFIX_PATH}:/home/pz10on/Work/ws02_tools/install/py01_launch:/opt/ros/humble /usr/bin/cmake /home/pz10on/Work/ws02_tools/src/cpp06_urdf -DCMAKE_INSTALL_PREFIX=/home/pz10on/Work/ws02_tools/install/cpp06_urdf
[0.499s] Invoking command in '/home/pz10on/Work/ws02_tools/build/cpp06_urdf': CMAKE_PREFIX_PATH=${CMAKE_PREFIX_PATH}:/home/pz10on/Work/ws02_tools/install/py01_launch:/opt/ros/humble /usr/bin/cmake --build /home/pz10on/Work/ws02_tools/build/cpp06_urdf -- -j12 -l12
[0.527s] Invoked command in '/home/pz10on/Work/ws02_tools/build/cpp06_urdf' returned '0': CMAKE_PREFIX_PATH=${CMAKE_PREFIX_PATH}:/home/pz10on/Work/ws02_tools/install/py01_launch:/opt/ros/humble /usr/bin/cmake --build /home/pz10on/Work/ws02_tools/build/cpp06_urdf -- -j12 -l12
[0.549s] Invoking command in '/home/pz10on/Work/ws02_tools/build/cpp06_urdf': CMAKE_PREFIX_PATH=${CMAKE_PREFIX_PATH}:/home/pz10on/Work/ws02_tools/install/py01_launch:/opt/ros/humble /usr/bin/cmake --install /home/pz10on/Work/ws02_tools/build/cpp06_urdf
[0.555s] -- Install configuration: ""
[0.555s] -- Installing: /home/pz10on/Work/ws02_tools/install/cpp06_urdf/lib/cpp06_urdf/launch
[0.555s] [31mCMake Error at cmake_install.cmake:46 (file):
[0.555s]   file INSTALL cannot find
[0.555s]   "/home/pz10on/Work/ws02_tools/src/cpp06_urdf/rviz2": No such file or
[0.555s]   directory.
[0.555s] 
[0.555s] [0m
[0.556s] Invoked command in '/home/pz10on/Work/ws02_tools/build/cpp06_urdf' returned '1': CMAKE_PREFIX_PATH=${CMAKE_PREFIX_PATH}:/home/pz10on/Work/ws02_tools/install/py01_launch:/opt/ros/humble /usr/bin/cmake --install /home/pz10on/Work/ws02_tools/build/cpp06_urdf
