[0.009s] Invoking command in '/home/pz10on/Work/ws02_tools/build/cpp04_tf_listener': CMAKE_PREFIX_PATH=/opt/ros/humble /usr/bin/cmake --build /home/pz10on/Work/ws02_tools/build/cpp04_tf_listener -- -j12 -l12
[0.026s] -- Found ament_cmake: 1.3.5 (/opt/ros/humble/share/ament_cmake/cmake)
[0.116s] -- Found rclcpp: 16.0.5 (/opt/ros/humble/share/rclcpp/cmake)
[0.133s] -- Found rosidl_generator_c: 3.1.5 (/opt/ros/humble/share/rosidl_generator_c/cmake)
[0.135s] -- Found rosidl_adapter: 3.1.5 (/opt/ros/humble/share/rosidl_adapter/cmake)
[0.138s] -- Found rosidl_generator_cpp: 3.1.5 (/opt/ros/humble/share/rosidl_generator_cpp/cmake)
[0.145s] -- Using all available rosidl_typesupport_c: rosidl_typesupport_fastrtps_c;rosidl_typesupport_introspection_c
[0.154s] -- Using all available rosidl_typesupport_cpp: rosidl_typesupport_fastrtps_cpp;rosidl_typesupport_introspection_cpp
[0.189s] -- Found rmw_implementation_cmake: 6.1.1 (/opt/ros/humble/share/rmw_implementation_cmake/cmake)
[0.190s] -- Found rmw_fastrtps_cpp: 6.2.3 (/opt/ros/humble/share/rmw_fastrtps_cpp/cmake)
[0.268s] -- Using RMW implementation 'rmw_fastrtps_cpp' as default
[0.377s] -- Found tf2: 0.25.3 (/opt/ros/humble/share/tf2/cmake)
[0.411s] -- Found tf2_ros: 0.25.3 (/opt/ros/humble/share/tf2_ros/cmake)
[0.621s] -- Found tf2_geometry_msgs: 0.25.3 (/opt/ros/humble/share/tf2_geometry_msgs/cmake)
[0.631s] -- Found eigen3_cmake_module: 0.1.1 (/opt/ros/humble/share/eigen3_cmake_module/cmake)
[0.632s] -- Found Eigen3: TRUE (found version "3.4.0") 
[0.632s] -- Ensuring Eigen3 include directory is part of orocos-kdl CMake target
[0.638s] -- Configuring incomplete, errors occurred!
[0.638s] See also "/home/pz10on/Work/ws02_tools/build/cpp04_tf_listener/CMakeFiles/CMakeOutput.log".
[0.638s] [31mCMake Error at /opt/ros/humble/share/ament_cmake_target_dependencies/cmake/ament_target_dependencies.cmake:77 (message):
[0.638s]   ament_target_dependencies() the passed package name 'tf2_geomrtry_msgs' was
[0.638s]   not found before
[0.638s] Call Stack (most recent call first):
[0.638s]   CMakeLists.txt:23 (ament_target_dependencies)
[0.638s] 
[0.638s] [0m
[0.643s] gmake: *** [Makefile:267: cmake_check_build_system] Error 1
[0.645s] Invoked command in '/home/pz10on/Work/ws02_tools/build/cpp04_tf_listener' returned '2': CMAKE_PREFIX_PATH=/opt/ros/humble /usr/bin/cmake --build /home/pz10on/Work/ws02_tools/build/cpp04_tf_listener -- -j12 -l12
