[0.010s] Invoking command in '/home/pz10on/Work/ws02_tools/build/cpp01_launch': CMAKE_PREFIX_PATH=${CMAKE_PREFIX_PATH}:/home/pz10on/Work/ws02_tools/install/py01_launch:/opt/ros/humble /usr/bin/cmake --build /home/pz10on/Work/ws02_tools/build/cpp01_launch -- -j12 -l12
[0.028s] -- Found ament_cmake: 1.3.5 (/opt/ros/humble/share/ament_cmake/cmake)
[0.124s] -- Found rclcpp: 16.0.5 (/opt/ros/humble/share/rclcpp/cmake)
[0.142s] -- Found rosidl_generator_c: 3.1.5 (/opt/ros/humble/share/rosidl_generator_c/cmake)
[0.144s] -- Found rosidl_adapter: 3.1.5 (/opt/ros/humble/share/rosidl_adapter/cmake)
[0.148s] -- Found rosidl_generator_cpp: 3.1.5 (/opt/ros/humble/share/rosidl_generator_cpp/cmake)
[0.154s] -- Using all available rosidl_typesupport_c: rosidl_typesupport_fastrtps_c;rosidl_typesupport_introspection_c
[0.164s] -- Using all available rosidl_typesupport_cpp: rosidl_typesupport_fastrtps_cpp;rosidl_typesupport_introspection_cpp
[0.200s] -- Found rmw_implementation_cmake: 6.1.1 (/opt/ros/humble/share/rmw_implementation_cmake/cmake)
[0.201s] -- Found rmw_fastrtps_cpp: 6.2.3 (/opt/ros/humble/share/rmw_fastrtps_cpp/cmake)
[0.275s] -- Using RMW implementation 'rmw_fastrtps_cpp' as default
[0.374s] -- Found ament_lint_auto: 0.12.7 (/opt/ros/humble/share/ament_lint_auto/cmake)
[0.420s] -- Added test 'flake8' to check Python code syntax and style conventions
[0.420s] -- Added test 'lint_cmake' to check CMake code style
[0.420s] -- Added test 'pep257' to check Python code against some of the docstring style conventions in PEP 257
[0.420s] -- Added test 'xmllint' to check XML markup files
[0.421s] -- Configuring done
[0.424s] -- Generating done
[0.425s] -- Build files have been written to: /home/pz10on/Work/ws02_tools/build/cpp01_launch
[0.444s] Invoked command in '/home/pz10on/Work/ws02_tools/build/cpp01_launch' returned '0': CMAKE_PREFIX_PATH=${CMAKE_PREFIX_PATH}:/home/pz10on/Work/ws02_tools/install/py01_launch:/opt/ros/humble /usr/bin/cmake --build /home/pz10on/Work/ws02_tools/build/cpp01_launch -- -j12 -l12
[0.465s] Invoking command in '/home/pz10on/Work/ws02_tools/build/cpp01_launch': CMAKE_PREFIX_PATH=${CMAKE_PREFIX_PATH}:/home/pz10on/Work/ws02_tools/install/py01_launch:/opt/ros/humble /usr/bin/cmake --install /home/pz10on/Work/ws02_tools/build/cpp01_launch
[0.470s] -- Install configuration: ""
[0.470s] -- Up-to-date: /home/pz10on/Work/ws02_tools/install/cpp01_launch/share/cpp01_launch/launch
[0.470s] -- Up-to-date: /home/pz10on/Work/ws02_tools/install/cpp01_launch/share/cpp01_launch/launch/py02_node_launch.py
[0.470s] -- Up-to-date: /home/pz10on/Work/ws02_tools/install/cpp01_launch/share/cpp01_launch/launch/config
[0.470s] -- Up-to-date: /home/pz10on/Work/ws02_tools/install/cpp01_launch/share/cpp01_launch/launch/config/haha.yaml
[0.470s] -- Up-to-date: /home/pz10on/Work/ws02_tools/install/cpp01_launch/share/cpp01_launch/launch/py01_exer01_launch.py
[0.470s] [31mCMake Error at cmake_install.cmake:46 (file):
[0.470s]   file INSTALL cannot find "/launch/config": No such file or directory.
[0.470s] 
[0.470s] [0m
[0.472s] Invoked command in '/home/pz10on/Work/ws02_tools/build/cpp01_launch' returned '1': CMAKE_PREFIX_PATH=${CMAKE_PREFIX_PATH}:/home/pz10on/Work/ws02_tools/install/py01_launch:/opt/ros/humble /usr/bin/cmake --install /home/pz10on/Work/ws02_tools/build/cpp01_launch
