[0.185s] DEBUG:colcon:Command line arguments: ['/usr/bin/colcon', 'build']
[0.185s] DEBUG:colcon:Parsed command line arguments: Namespace(log_base=None, log_level=None, verb_name='build', build_base='build', install_base='install', merge_install=False, symlink_install=False, test_result_base=None, continue_on_error=False, executor='parallel', parallel_workers=12, event_handlers=None, ignore_user_meta=False, metas=['./colcon.meta'], base_paths=['.'], packages_ignore=None, packages_ignore_regex=None, paths=None, packages_up_to=None, packages_up_to_regex=None, packages_above=None, packages_above_and_dependencies=None, packages_above_depth=None, packages_select_by_dep=None, packages_skip_by_dep=None, packages_skip_up_to=None, packages_select_build_failed=False, packages_skip_build_finished=False, packages_select_test_failures=False, packages_skip_test_passed=False, packages_select=None, packages_skip=None, packages_select_regex=None, packages_skip_regex=None, packages_start=None, packages_end=None, allow_overriding=[], cmake_args=None, cmake_target=None, cmake_target_skip_unavailable=False, cmake_clean_cache=False, cmake_clean_first=False, cmake_force_configure=False, ament_cmake_args=None, catkin_cmake_args=None, catkin_skip_building_tests=False, verb_parser=<colcon_defaults.argument_parser.defaults.DefaultArgumentsDecorator object at 0x7ff908066950>, verb_extension=<colcon_core.verb.build.BuildVerb object at 0x7ff908880e80>, main=<bound method BuildVerb.main of <colcon_core.verb.build.BuildVerb object at 0x7ff908880e80>>)
[0.205s] Level 1:colcon.colcon_core.package_discovery:discover_packages(colcon_meta) check parameters
[0.205s] Level 1:colcon.colcon_core.package_discovery:discover_packages(recursive) check parameters
[0.205s] Level 1:colcon.colcon_core.package_discovery:discover_packages(ignore) check parameters
[0.205s] Level 1:colcon.colcon_core.package_discovery:discover_packages(path) check parameters
[0.205s] Level 1:colcon.colcon_core.package_discovery:discover_packages(colcon_meta) discover
[0.205s] Level 1:colcon.colcon_core.package_discovery:discover_packages(recursive) discover
[0.205s] INFO:colcon.colcon_core.package_discovery:Crawling recursively for packages in '/home/pz10on/Work/ws02_tools'
[0.205s] Level 1:colcon.colcon_core.package_identification:_identify(.) by extensions ['ignore', 'ignore_ament_install']
[0.205s] Level 1:colcon.colcon_core.package_identification:_identify(.) by extension 'ignore'
[0.205s] Level 1:colcon.colcon_core.package_identification:_identify(.) by extension 'ignore_ament_install'
[0.205s] Level 1:colcon.colcon_core.package_identification:_identify(.) by extensions ['colcon_pkg']
[0.205s] Level 1:colcon.colcon_core.package_identification:_identify(.) by extension 'colcon_pkg'
[0.206s] Level 1:colcon.colcon_core.package_identification:_identify(.) by extensions ['colcon_meta']
[0.206s] Level 1:colcon.colcon_core.package_identification:_identify(.) by extension 'colcon_meta'
[0.206s] Level 1:colcon.colcon_core.package_identification:_identify(.) by extensions ['ros']
[0.206s] Level 1:colcon.colcon_core.package_identification:_identify(.) by extension 'ros'
[0.213s] Level 1:colcon.colcon_core.package_identification:_identify(.) by extensions ['cmake', 'python']
[0.213s] Level 1:colcon.colcon_core.package_identification:_identify(.) by extension 'cmake'
[0.213s] Level 1:colcon.colcon_core.package_identification:_identify(.) by extension 'python'
[0.213s] Level 1:colcon.colcon_core.package_identification:_identify(.) by extensions ['python_setup_py']
[0.213s] Level 1:colcon.colcon_core.package_identification:_identify(.) by extension 'python_setup_py'
[0.213s] Level 1:colcon.colcon_core.package_identification:_identify(build) by extensions ['ignore', 'ignore_ament_install']
[0.213s] Level 1:colcon.colcon_core.package_identification:_identify(build) by extension 'ignore'
[0.213s] Level 1:colcon.colcon_core.package_identification:_identify(build) ignored
[0.213s] Level 1:colcon.colcon_core.package_identification:_identify(install) by extensions ['ignore', 'ignore_ament_install']
[0.213s] Level 1:colcon.colcon_core.package_identification:_identify(install) by extension 'ignore'
[0.213s] Level 1:colcon.colcon_core.package_identification:_identify(install) ignored
[0.213s] Level 1:colcon.colcon_core.package_identification:_identify(log) by extensions ['ignore', 'ignore_ament_install']
[0.213s] Level 1:colcon.colcon_core.package_identification:_identify(log) by extension 'ignore'
[0.213s] Level 1:colcon.colcon_core.package_identification:_identify(log) ignored
[0.213s] Level 1:colcon.colcon_core.package_identification:_identify(my_bag) by extensions ['ignore', 'ignore_ament_install']
[0.214s] Level 1:colcon.colcon_core.package_identification:_identify(my_bag) by extension 'ignore'
[0.214s] Level 1:colcon.colcon_core.package_identification:_identify(my_bag) by extension 'ignore_ament_install'
[0.214s] Level 1:colcon.colcon_core.package_identification:_identify(my_bag) by extensions ['colcon_pkg']
[0.214s] Level 1:colcon.colcon_core.package_identification:_identify(my_bag) by extension 'colcon_pkg'
[0.214s] Level 1:colcon.colcon_core.package_identification:_identify(my_bag) by extensions ['colcon_meta']
[0.214s] Level 1:colcon.colcon_core.package_identification:_identify(my_bag) by extension 'colcon_meta'
[0.214s] Level 1:colcon.colcon_core.package_identification:_identify(my_bag) by extensions ['ros']
[0.214s] Level 1:colcon.colcon_core.package_identification:_identify(my_bag) by extension 'ros'
[0.214s] Level 1:colcon.colcon_core.package_identification:_identify(my_bag) by extensions ['cmake', 'python']
[0.214s] Level 1:colcon.colcon_core.package_identification:_identify(my_bag) by extension 'cmake'
[0.214s] Level 1:colcon.colcon_core.package_identification:_identify(my_bag) by extension 'python'
[0.214s] Level 1:colcon.colcon_core.package_identification:_identify(my_bag) by extensions ['python_setup_py']
[0.214s] Level 1:colcon.colcon_core.package_identification:_identify(my_bag) by extension 'python_setup_py'
[0.214s] Level 1:colcon.colcon_core.package_identification:_identify(my_bag2) by extensions ['ignore', 'ignore_ament_install']
[0.214s] Level 1:colcon.colcon_core.package_identification:_identify(my_bag2) by extension 'ignore'
[0.214s] Level 1:colcon.colcon_core.package_identification:_identify(my_bag2) by extension 'ignore_ament_install'
[0.214s] Level 1:colcon.colcon_core.package_identification:_identify(my_bag2) by extensions ['colcon_pkg']
[0.214s] Level 1:colcon.colcon_core.package_identification:_identify(my_bag2) by extension 'colcon_pkg'
[0.214s] Level 1:colcon.colcon_core.package_identification:_identify(my_bag2) by extensions ['colcon_meta']
[0.214s] Level 1:colcon.colcon_core.package_identification:_identify(my_bag2) by extension 'colcon_meta'
[0.214s] Level 1:colcon.colcon_core.package_identification:_identify(my_bag2) by extensions ['ros']
[0.214s] Level 1:colcon.colcon_core.package_identification:_identify(my_bag2) by extension 'ros'
[0.214s] Level 1:colcon.colcon_core.package_identification:_identify(my_bag2) by extensions ['cmake', 'python']
[0.214s] Level 1:colcon.colcon_core.package_identification:_identify(my_bag2) by extension 'cmake'
[0.214s] Level 1:colcon.colcon_core.package_identification:_identify(my_bag2) by extension 'python'
[0.214s] Level 1:colcon.colcon_core.package_identification:_identify(my_bag2) by extensions ['python_setup_py']
[0.214s] Level 1:colcon.colcon_core.package_identification:_identify(my_bag2) by extension 'python_setup_py'
[0.214s] Level 1:colcon.colcon_core.package_identification:_identify(src) by extensions ['ignore', 'ignore_ament_install']
[0.214s] Level 1:colcon.colcon_core.package_identification:_identify(src) by extension 'ignore'
[0.214s] Level 1:colcon.colcon_core.package_identification:_identify(src) by extension 'ignore_ament_install'
[0.214s] Level 1:colcon.colcon_core.package_identification:_identify(src) by extensions ['colcon_pkg']
[0.214s] Level 1:colcon.colcon_core.package_identification:_identify(src) by extension 'colcon_pkg'
[0.214s] Level 1:colcon.colcon_core.package_identification:_identify(src) by extensions ['colcon_meta']
[0.214s] Level 1:colcon.colcon_core.package_identification:_identify(src) by extension 'colcon_meta'
[0.214s] Level 1:colcon.colcon_core.package_identification:_identify(src) by extensions ['ros']
[0.214s] Level 1:colcon.colcon_core.package_identification:_identify(src) by extension 'ros'
[0.214s] Level 1:colcon.colcon_core.package_identification:_identify(src) by extensions ['cmake', 'python']
[0.214s] Level 1:colcon.colcon_core.package_identification:_identify(src) by extension 'cmake'
[0.215s] Level 1:colcon.colcon_core.package_identification:_identify(src) by extension 'python'
[0.215s] Level 1:colcon.colcon_core.package_identification:_identify(src) by extensions ['python_setup_py']
[0.215s] Level 1:colcon.colcon_core.package_identification:_identify(src) by extension 'python_setup_py'
[0.215s] Level 1:colcon.colcon_core.package_identification:_identify(src/cpp01_launch) by extensions ['ignore', 'ignore_ament_install']
[0.215s] Level 1:colcon.colcon_core.package_identification:_identify(src/cpp01_launch) by extension 'ignore'
[0.215s] Level 1:colcon.colcon_core.package_identification:_identify(src/cpp01_launch) by extension 'ignore_ament_install'
[0.215s] Level 1:colcon.colcon_core.package_identification:_identify(src/cpp01_launch) by extensions ['colcon_pkg']
[0.215s] Level 1:colcon.colcon_core.package_identification:_identify(src/cpp01_launch) by extension 'colcon_pkg'
[0.215s] Level 1:colcon.colcon_core.package_identification:_identify(src/cpp01_launch) by extensions ['colcon_meta']
[0.215s] Level 1:colcon.colcon_core.package_identification:_identify(src/cpp01_launch) by extension 'colcon_meta'
[0.215s] Level 1:colcon.colcon_core.package_identification:_identify(src/cpp01_launch) by extensions ['ros']
[0.215s] Level 1:colcon.colcon_core.package_identification:_identify(src/cpp01_launch) by extension 'ros'
[0.216s] DEBUG:colcon.colcon_core.package_identification:Package 'src/cpp01_launch' with type 'ros.ament_cmake' and name 'cpp01_launch'
[0.216s] Level 1:colcon.colcon_core.package_identification:_identify(src/cpp02_rosbag2) by extensions ['ignore', 'ignore_ament_install']
[0.216s] Level 1:colcon.colcon_core.package_identification:_identify(src/cpp02_rosbag2) by extension 'ignore'
[0.216s] Level 1:colcon.colcon_core.package_identification:_identify(src/cpp02_rosbag2) by extension 'ignore_ament_install'
[0.217s] Level 1:colcon.colcon_core.package_identification:_identify(src/cpp02_rosbag2) by extensions ['colcon_pkg']
[0.217s] Level 1:colcon.colcon_core.package_identification:_identify(src/cpp02_rosbag2) by extension 'colcon_pkg'
[0.217s] Level 1:colcon.colcon_core.package_identification:_identify(src/cpp02_rosbag2) by extensions ['colcon_meta']
[0.217s] Level 1:colcon.colcon_core.package_identification:_identify(src/cpp02_rosbag2) by extension 'colcon_meta'
[0.217s] Level 1:colcon.colcon_core.package_identification:_identify(src/cpp02_rosbag2) by extensions ['ros']
[0.217s] Level 1:colcon.colcon_core.package_identification:_identify(src/cpp02_rosbag2) by extension 'ros'
[0.217s] DEBUG:colcon.colcon_core.package_identification:Package 'src/cpp02_rosbag2' with type 'ros.ament_cmake' and name 'cpp02_rosbag2'
[0.217s] Level 1:colcon.colcon_core.package_identification:_identify(src/kruisee_lidar) by extensions ['ignore', 'ignore_ament_install']
[0.217s] Level 1:colcon.colcon_core.package_identification:_identify(src/kruisee_lidar) by extension 'ignore'
[0.217s] Level 1:colcon.colcon_core.package_identification:_identify(src/kruisee_lidar) by extension 'ignore_ament_install'
[0.217s] Level 1:colcon.colcon_core.package_identification:_identify(src/kruisee_lidar) by extensions ['colcon_pkg']
[0.217s] Level 1:colcon.colcon_core.package_identification:_identify(src/kruisee_lidar) by extension 'colcon_pkg'
[0.217s] Level 1:colcon.colcon_core.package_identification:_identify(src/kruisee_lidar) by extensions ['colcon_meta']
[0.217s] Level 1:colcon.colcon_core.package_identification:_identify(src/kruisee_lidar) by extension 'colcon_meta'
[0.217s] Level 1:colcon.colcon_core.package_identification:_identify(src/kruisee_lidar) by extensions ['ros']
[0.217s] Level 1:colcon.colcon_core.package_identification:_identify(src/kruisee_lidar) by extension 'ros'
[0.218s] DEBUG:colcon.colcon_core.package_identification:Package 'src/kruisee_lidar' with type 'ros.ament_cmake' and name 'kruisee_lidar'
[0.218s] Level 1:colcon.colcon_core.package_discovery:discover_packages(recursive) using defaults
[0.218s] Level 1:colcon.colcon_core.package_discovery:discover_packages(ignore) discover
[0.218s] Level 1:colcon.colcon_core.package_discovery:discover_packages(ignore) using defaults
[0.218s] Level 1:colcon.colcon_core.package_discovery:discover_packages(path) discover
[0.218s] Level 1:colcon.colcon_core.package_discovery:discover_packages(path) using defaults
[0.233s] Level 1:colcon.colcon_core.package_discovery:discover_packages(prefix_path) check parameters
[0.233s] Level 1:colcon.colcon_core.package_discovery:discover_packages(prefix_path) discover
[0.234s] DEBUG:colcon.colcon_installed_package_information.package_discovery:Found 279 installed packages in /opt/ros/humble
[0.235s] Level 1:colcon.colcon_core.package_discovery:discover_packages(prefix_path) using defaults
[0.269s] Level 5:colcon.colcon_core.verb:set package 'cpp01_launch' build argument 'cmake_args' from command line to 'None'
[0.269s] Level 5:colcon.colcon_core.verb:set package 'cpp01_launch' build argument 'cmake_target' from command line to 'None'
[0.269s] Level 5:colcon.colcon_core.verb:set package 'cpp01_launch' build argument 'cmake_target_skip_unavailable' from command line to 'False'
[0.269s] Level 5:colcon.colcon_core.verb:set package 'cpp01_launch' build argument 'cmake_clean_cache' from command line to 'False'
[0.269s] Level 5:colcon.colcon_core.verb:set package 'cpp01_launch' build argument 'cmake_clean_first' from command line to 'False'
[0.269s] Level 5:colcon.colcon_core.verb:set package 'cpp01_launch' build argument 'cmake_force_configure' from command line to 'False'
[0.269s] Level 5:colcon.colcon_core.verb:set package 'cpp01_launch' build argument 'ament_cmake_args' from command line to 'None'
[0.269s] Level 5:colcon.colcon_core.verb:set package 'cpp01_launch' build argument 'catkin_cmake_args' from command line to 'None'
[0.269s] Level 5:colcon.colcon_core.verb:set package 'cpp01_launch' build argument 'catkin_skip_building_tests' from command line to 'False'
[0.269s] DEBUG:colcon.colcon_core.verb:Building package 'cpp01_launch' with the following arguments: {'ament_cmake_args': None, 'build_base': '/home/pz10on/Work/ws02_tools/build/cpp01_launch', 'catkin_cmake_args': None, 'catkin_skip_building_tests': False, 'cmake_args': None, 'cmake_clean_cache': False, 'cmake_clean_first': False, 'cmake_force_configure': False, 'cmake_target': None, 'cmake_target_skip_unavailable': False, 'install_base': '/home/pz10on/Work/ws02_tools/install/cpp01_launch', 'merge_install': False, 'path': '/home/pz10on/Work/ws02_tools/src/cpp01_launch', 'symlink_install': False, 'test_result_base': None}
[0.270s] Level 5:colcon.colcon_core.verb:set package 'cpp02_rosbag2' build argument 'cmake_args' from command line to 'None'
[0.270s] Level 5:colcon.colcon_core.verb:set package 'cpp02_rosbag2' build argument 'cmake_target' from command line to 'None'
[0.270s] Level 5:colcon.colcon_core.verb:set package 'cpp02_rosbag2' build argument 'cmake_target_skip_unavailable' from command line to 'False'
[0.270s] Level 5:colcon.colcon_core.verb:set package 'cpp02_rosbag2' build argument 'cmake_clean_cache' from command line to 'False'
[0.270s] Level 5:colcon.colcon_core.verb:set package 'cpp02_rosbag2' build argument 'cmake_clean_first' from command line to 'False'
[0.270s] Level 5:colcon.colcon_core.verb:set package 'cpp02_rosbag2' build argument 'cmake_force_configure' from command line to 'False'
[0.270s] Level 5:colcon.colcon_core.verb:set package 'cpp02_rosbag2' build argument 'ament_cmake_args' from command line to 'None'
[0.270s] Level 5:colcon.colcon_core.verb:set package 'cpp02_rosbag2' build argument 'catkin_cmake_args' from command line to 'None'
[0.270s] Level 5:colcon.colcon_core.verb:set package 'cpp02_rosbag2' build argument 'catkin_skip_building_tests' from command line to 'False'
[0.270s] DEBUG:colcon.colcon_core.verb:Building package 'cpp02_rosbag2' with the following arguments: {'ament_cmake_args': None, 'build_base': '/home/pz10on/Work/ws02_tools/build/cpp02_rosbag2', 'catkin_cmake_args': None, 'catkin_skip_building_tests': False, 'cmake_args': None, 'cmake_clean_cache': False, 'cmake_clean_first': False, 'cmake_force_configure': False, 'cmake_target': None, 'cmake_target_skip_unavailable': False, 'install_base': '/home/pz10on/Work/ws02_tools/install/cpp02_rosbag2', 'merge_install': False, 'path': '/home/pz10on/Work/ws02_tools/src/cpp02_rosbag2', 'symlink_install': False, 'test_result_base': None}
[0.271s] Level 5:colcon.colcon_core.verb:set package 'kruisee_lidar' build argument 'cmake_args' from command line to 'None'
[0.271s] Level 5:colcon.colcon_core.verb:set package 'kruisee_lidar' build argument 'cmake_target' from command line to 'None'
[0.271s] Level 5:colcon.colcon_core.verb:set package 'kruisee_lidar' build argument 'cmake_target_skip_unavailable' from command line to 'False'
[0.271s] Level 5:colcon.colcon_core.verb:set package 'kruisee_lidar' build argument 'cmake_clean_cache' from command line to 'False'
[0.271s] Level 5:colcon.colcon_core.verb:set package 'kruisee_lidar' build argument 'cmake_clean_first' from command line to 'False'
[0.271s] Level 5:colcon.colcon_core.verb:set package 'kruisee_lidar' build argument 'cmake_force_configure' from command line to 'False'
[0.271s] Level 5:colcon.colcon_core.verb:set package 'kruisee_lidar' build argument 'ament_cmake_args' from command line to 'None'
[0.271s] Level 5:colcon.colcon_core.verb:set package 'kruisee_lidar' build argument 'catkin_cmake_args' from command line to 'None'
[0.271s] Level 5:colcon.colcon_core.verb:set package 'kruisee_lidar' build argument 'catkin_skip_building_tests' from command line to 'False'
[0.271s] DEBUG:colcon.colcon_core.verb:Building package 'kruisee_lidar' with the following arguments: {'ament_cmake_args': None, 'build_base': '/home/pz10on/Work/ws02_tools/build/kruisee_lidar', 'catkin_cmake_args': None, 'catkin_skip_building_tests': False, 'cmake_args': None, 'cmake_clean_cache': False, 'cmake_clean_first': False, 'cmake_force_configure': False, 'cmake_target': None, 'cmake_target_skip_unavailable': False, 'install_base': '/home/pz10on/Work/ws02_tools/install/kruisee_lidar', 'merge_install': False, 'path': '/home/pz10on/Work/ws02_tools/src/kruisee_lidar', 'symlink_install': False, 'test_result_base': None}
[0.271s] INFO:colcon.colcon_core.executor:Executing jobs using 'parallel' executor
[0.273s] DEBUG:colcon.colcon_parallel_executor.executor.parallel:run_until_complete
[0.273s] INFO:colcon.colcon_ros.task.ament_cmake.build:Building ROS package in '/home/pz10on/Work/ws02_tools/src/cpp01_launch' with build type 'ament_cmake'
[0.273s] INFO:colcon.colcon_cmake.task.cmake.build:Building CMake package in '/home/pz10on/Work/ws02_tools/src/cpp01_launch'
[0.276s] INFO:colcon.colcon_core.plugin_system:Skipping extension 'colcon_core.shell.bat': Not used on non-Windows systems
[0.276s] INFO:colcon.colcon_core.shell:Skip shell extension 'powershell' for command environment: Not usable outside of PowerShell
[0.276s] DEBUG:colcon.colcon_core.shell:Skip shell extension 'dsv' for command environment
[0.279s] INFO:colcon.colcon_ros.task.ament_cmake.build:Building ROS package in '/home/pz10on/Work/ws02_tools/src/cpp02_rosbag2' with build type 'ament_cmake'
[0.279s] INFO:colcon.colcon_cmake.task.cmake.build:Building CMake package in '/home/pz10on/Work/ws02_tools/src/cpp02_rosbag2'
[0.280s] INFO:colcon.colcon_core.shell:Skip shell extension 'powershell' for command environment: Not usable outside of PowerShell
[0.281s] DEBUG:colcon.colcon_core.shell:Skip shell extension 'dsv' for command environment
[0.283s] INFO:colcon.colcon_ros.task.ament_cmake.build:Building ROS package in '/home/pz10on/Work/ws02_tools/src/kruisee_lidar' with build type 'ament_cmake'
[0.283s] INFO:colcon.colcon_cmake.task.cmake.build:Building CMake package in '/home/pz10on/Work/ws02_tools/src/kruisee_lidar'
[0.284s] INFO:colcon.colcon_core.shell:Skip shell extension 'powershell' for command environment: Not usable outside of PowerShell
[0.284s] DEBUG:colcon.colcon_core.shell:Skip shell extension 'dsv' for command environment
[0.291s] DEBUG:colcon.colcon_core.event_handler.log_command:Invoking command in '/home/pz10on/Work/ws02_tools/build/cpp01_launch': CMAKE_PREFIX_PATH=/opt/ros/humble /usr/bin/cmake --build /home/pz10on/Work/ws02_tools/build/cpp01_launch -- -j12 -l12
[0.293s] DEBUG:colcon.colcon_core.event_handler.log_command:Invoking command in '/home/pz10on/Work/ws02_tools/build/cpp02_rosbag2': CMAKE_PREFIX_PATH=/opt/ros/humble /usr/bin/cmake --build /home/pz10on/Work/ws02_tools/build/cpp02_rosbag2 -- -j12 -l12
[0.297s] DEBUG:colcon.colcon_core.event_handler.log_command:Invoking command in '/home/pz10on/Work/ws02_tools/build/kruisee_lidar': CMAKE_PREFIX_PATH=/opt/ros/humble /usr/bin/cmake --build /home/pz10on/Work/ws02_tools/build/kruisee_lidar -- -j12 -l12
[0.320s] DEBUG:colcon.colcon_core.event_handler.log_command:Invoked command in '/home/pz10on/Work/ws02_tools/build/cpp01_launch' returned '0': CMAKE_PREFIX_PATH=/opt/ros/humble /usr/bin/cmake --build /home/pz10on/Work/ws02_tools/build/cpp01_launch -- -j12 -l12
[0.339s] DEBUG:colcon.colcon_core.event_handler.log_command:Invoking command in '/home/pz10on/Work/ws02_tools/build/cpp01_launch': CMAKE_PREFIX_PATH=/opt/ros/humble /usr/bin/cmake --install /home/pz10on/Work/ws02_tools/build/cpp01_launch
[0.341s] DEBUG:colcon.colcon_core.event_handler.log_command:Invoked command in '/home/pz10on/Work/ws02_tools/build/cpp02_rosbag2' returned '0': CMAKE_PREFIX_PATH=/opt/ros/humble /usr/bin/cmake --build /home/pz10on/Work/ws02_tools/build/cpp02_rosbag2 -- -j12 -l12
[0.345s] Level 1:colcon.colcon_core.environment:create_environment_scripts_only(cpp01_launch)
[0.346s] DEBUG:colcon.colcon_core.event_handler.log_command:Invoked command in '/home/pz10on/Work/ws02_tools/build/cpp01_launch' returned '0': CMAKE_PREFIX_PATH=/opt/ros/humble /usr/bin/cmake --install /home/pz10on/Work/ws02_tools/build/cpp01_launch
[0.349s] Level 1:colcon.colcon_core.environment:checking '/home/pz10on/Work/ws02_tools/install/cpp01_launch' for CMake module files
[0.349s] Level 1:colcon.colcon_core.environment:checking '/home/pz10on/Work/ws02_tools/install/cpp01_launch' for CMake config files
[0.349s] Level 1:colcon.colcon_core.shell:create_environment_hook('cpp01_launch', 'cmake_prefix_path')
[0.350s] INFO:colcon.colcon_core.shell:Creating environment hook '/home/pz10on/Work/ws02_tools/install/cpp01_launch/share/cpp01_launch/hook/cmake_prefix_path.ps1'
[0.351s] INFO:colcon.colcon_core.shell:Creating environment descriptor '/home/pz10on/Work/ws02_tools/install/cpp01_launch/share/cpp01_launch/hook/cmake_prefix_path.dsv'
[0.351s] INFO:colcon.colcon_core.shell:Creating environment hook '/home/pz10on/Work/ws02_tools/install/cpp01_launch/share/cpp01_launch/hook/cmake_prefix_path.sh'
[0.351s] Level 1:colcon.colcon_core.environment:checking '/home/pz10on/Work/ws02_tools/install/cpp01_launch/bin'
[0.352s] Level 1:colcon.colcon_core.environment:checking '/home/pz10on/Work/ws02_tools/install/cpp01_launch/lib/pkgconfig/cpp01_launch.pc'
[0.352s] Level 1:colcon.colcon_core.environment:checking '/home/pz10on/Work/ws02_tools/install/cpp01_launch/lib/python3.10/site-packages'
[0.352s] Level 1:colcon.colcon_core.environment:checking '/home/pz10on/Work/ws02_tools/install/cpp01_launch/bin'
[0.353s] INFO:colcon.colcon_core.shell:Creating package script '/home/pz10on/Work/ws02_tools/install/cpp01_launch/share/cpp01_launch/package.ps1'
[0.353s] INFO:colcon.colcon_core.shell:Creating package descriptor '/home/pz10on/Work/ws02_tools/install/cpp01_launch/share/cpp01_launch/package.dsv'
[0.353s] INFO:colcon.colcon_core.shell:Creating package script '/home/pz10on/Work/ws02_tools/install/cpp01_launch/share/cpp01_launch/package.sh'
[0.354s] INFO:colcon.colcon_core.shell:Creating package script '/home/pz10on/Work/ws02_tools/install/cpp01_launch/share/cpp01_launch/package.bash'
[0.354s] INFO:colcon.colcon_core.shell:Creating package script '/home/pz10on/Work/ws02_tools/install/cpp01_launch/share/cpp01_launch/package.zsh'
[0.355s] Level 1:colcon.colcon_core.environment:create_file_with_runtime_dependencies(/home/pz10on/Work/ws02_tools/install/cpp01_launch/share/colcon-core/packages/cpp01_launch)
[0.359s] DEBUG:colcon.colcon_core.event_handler.log_command:Invoking command in '/home/pz10on/Work/ws02_tools/build/cpp02_rosbag2': CMAKE_PREFIX_PATH=/opt/ros/humble /usr/bin/cmake --install /home/pz10on/Work/ws02_tools/build/cpp02_rosbag2
[0.365s] Level 1:colcon.colcon_core.environment:create_environment_scripts_only(cpp02_rosbag2)
[0.367s] Level 1:colcon.colcon_core.environment:checking '/home/pz10on/Work/ws02_tools/install/cpp02_rosbag2' for CMake module files
[0.367s] DEBUG:colcon.colcon_core.event_handler.log_command:Invoked command in '/home/pz10on/Work/ws02_tools/build/cpp02_rosbag2' returned '0': CMAKE_PREFIX_PATH=/opt/ros/humble /usr/bin/cmake --install /home/pz10on/Work/ws02_tools/build/cpp02_rosbag2
[0.367s] Level 1:colcon.colcon_core.environment:checking '/home/pz10on/Work/ws02_tools/install/cpp02_rosbag2' for CMake config files
[0.367s] Level 1:colcon.colcon_core.shell:create_environment_hook('cpp02_rosbag2', 'cmake_prefix_path')
[0.368s] INFO:colcon.colcon_core.shell:Creating environment hook '/home/pz10on/Work/ws02_tools/install/cpp02_rosbag2/share/cpp02_rosbag2/hook/cmake_prefix_path.ps1'
[0.369s] INFO:colcon.colcon_core.shell:Creating environment descriptor '/home/pz10on/Work/ws02_tools/install/cpp02_rosbag2/share/cpp02_rosbag2/hook/cmake_prefix_path.dsv'
[0.369s] INFO:colcon.colcon_core.shell:Creating environment hook '/home/pz10on/Work/ws02_tools/install/cpp02_rosbag2/share/cpp02_rosbag2/hook/cmake_prefix_path.sh'
[0.369s] Level 1:colcon.colcon_core.environment:checking '/home/pz10on/Work/ws02_tools/install/cpp02_rosbag2/lib'
[0.369s] Level 1:colcon.colcon_core.environment:checking '/home/pz10on/Work/ws02_tools/install/cpp02_rosbag2/bin'
[0.369s] Level 1:colcon.colcon_core.environment:checking '/home/pz10on/Work/ws02_tools/install/cpp02_rosbag2/lib/pkgconfig/cpp02_rosbag2.pc'
[0.370s] Level 1:colcon.colcon_core.environment:checking '/home/pz10on/Work/ws02_tools/install/cpp02_rosbag2/lib/python3.10/site-packages'
[0.370s] Level 1:colcon.colcon_core.environment:checking '/home/pz10on/Work/ws02_tools/install/cpp02_rosbag2/bin'
[0.371s] INFO:colcon.colcon_core.shell:Creating package script '/home/pz10on/Work/ws02_tools/install/cpp02_rosbag2/share/cpp02_rosbag2/package.ps1'
[0.371s] INFO:colcon.colcon_core.shell:Creating package descriptor '/home/pz10on/Work/ws02_tools/install/cpp02_rosbag2/share/cpp02_rosbag2/package.dsv'
[0.371s] INFO:colcon.colcon_core.shell:Creating package script '/home/pz10on/Work/ws02_tools/install/cpp02_rosbag2/share/cpp02_rosbag2/package.sh'
[0.371s] INFO:colcon.colcon_core.shell:Creating package script '/home/pz10on/Work/ws02_tools/install/cpp02_rosbag2/share/cpp02_rosbag2/package.bash'
[0.371s] INFO:colcon.colcon_core.shell:Creating package script '/home/pz10on/Work/ws02_tools/install/cpp02_rosbag2/share/cpp02_rosbag2/package.zsh'
[0.372s] Level 1:colcon.colcon_core.environment:create_file_with_runtime_dependencies(/home/pz10on/Work/ws02_tools/install/cpp02_rosbag2/share/colcon-core/packages/cpp02_rosbag2)
[0.373s] Level 1:colcon.colcon_core.environment:create_environment_scripts_only(cpp01_launch)
[0.375s] Level 1:colcon.colcon_core.environment:checking '/home/pz10on/Work/ws02_tools/install/cpp01_launch' for CMake module files
[0.375s] Level 1:colcon.colcon_core.environment:checking '/home/pz10on/Work/ws02_tools/install/cpp01_launch' for CMake config files
[0.375s] Level 1:colcon.colcon_core.shell:create_environment_hook('cpp01_launch', 'cmake_prefix_path')
[0.376s] INFO:colcon.colcon_core.shell:Creating environment hook '/home/pz10on/Work/ws02_tools/install/cpp01_launch/share/cpp01_launch/hook/cmake_prefix_path.ps1'
[0.376s] INFO:colcon.colcon_core.shell:Creating environment descriptor '/home/pz10on/Work/ws02_tools/install/cpp01_launch/share/cpp01_launch/hook/cmake_prefix_path.dsv'
[0.377s] INFO:colcon.colcon_core.shell:Creating environment hook '/home/pz10on/Work/ws02_tools/install/cpp01_launch/share/cpp01_launch/hook/cmake_prefix_path.sh'
[0.377s] Level 1:colcon.colcon_core.environment:checking '/home/pz10on/Work/ws02_tools/install/cpp01_launch/bin'
[0.377s] Level 1:colcon.colcon_core.environment:checking '/home/pz10on/Work/ws02_tools/install/cpp01_launch/lib/pkgconfig/cpp01_launch.pc'
[0.377s] Level 1:colcon.colcon_core.environment:checking '/home/pz10on/Work/ws02_tools/install/cpp01_launch/lib/python3.10/site-packages'
[0.377s] Level 1:colcon.colcon_core.environment:checking '/home/pz10on/Work/ws02_tools/install/cpp01_launch/bin'
[0.378s] INFO:colcon.colcon_core.shell:Creating package script '/home/pz10on/Work/ws02_tools/install/cpp01_launch/share/cpp01_launch/package.ps1'
[0.379s] INFO:colcon.colcon_core.shell:Creating package descriptor '/home/pz10on/Work/ws02_tools/install/cpp01_launch/share/cpp01_launch/package.dsv'
[0.379s] INFO:colcon.colcon_core.shell:Creating package script '/home/pz10on/Work/ws02_tools/install/cpp01_launch/share/cpp01_launch/package.sh'
[0.380s] INFO:colcon.colcon_core.shell:Creating package script '/home/pz10on/Work/ws02_tools/install/cpp01_launch/share/cpp01_launch/package.bash'
[0.380s] INFO:colcon.colcon_core.shell:Creating package script '/home/pz10on/Work/ws02_tools/install/cpp01_launch/share/cpp01_launch/package.zsh'
[0.380s] Level 1:colcon.colcon_core.environment:create_file_with_runtime_dependencies(/home/pz10on/Work/ws02_tools/install/cpp01_launch/share/colcon-core/packages/cpp01_launch)
[0.390s] Level 1:colcon.colcon_core.environment:create_environment_scripts_only(cpp02_rosbag2)
[0.391s] Level 1:colcon.colcon_core.environment:checking '/home/pz10on/Work/ws02_tools/install/cpp02_rosbag2' for CMake module files
[0.392s] Level 1:colcon.colcon_core.environment:checking '/home/pz10on/Work/ws02_tools/install/cpp02_rosbag2' for CMake config files
[0.392s] Level 1:colcon.colcon_core.shell:create_environment_hook('cpp02_rosbag2', 'cmake_prefix_path')
[0.393s] INFO:colcon.colcon_core.shell:Creating environment hook '/home/pz10on/Work/ws02_tools/install/cpp02_rosbag2/share/cpp02_rosbag2/hook/cmake_prefix_path.ps1'
[0.394s] INFO:colcon.colcon_core.shell:Creating environment descriptor '/home/pz10on/Work/ws02_tools/install/cpp02_rosbag2/share/cpp02_rosbag2/hook/cmake_prefix_path.dsv'
[0.394s] INFO:colcon.colcon_core.shell:Creating environment hook '/home/pz10on/Work/ws02_tools/install/cpp02_rosbag2/share/cpp02_rosbag2/hook/cmake_prefix_path.sh'
[0.395s] Level 1:colcon.colcon_core.environment:checking '/home/pz10on/Work/ws02_tools/install/cpp02_rosbag2/lib'
[0.395s] Level 1:colcon.colcon_core.environment:checking '/home/pz10on/Work/ws02_tools/install/cpp02_rosbag2/bin'
[0.395s] Level 1:colcon.colcon_core.environment:checking '/home/pz10on/Work/ws02_tools/install/cpp02_rosbag2/lib/pkgconfig/cpp02_rosbag2.pc'
[0.395s] Level 1:colcon.colcon_core.environment:checking '/home/pz10on/Work/ws02_tools/install/cpp02_rosbag2/lib/python3.10/site-packages'
[0.395s] Level 1:colcon.colcon_core.environment:checking '/home/pz10on/Work/ws02_tools/install/cpp02_rosbag2/bin'
[0.397s] INFO:colcon.colcon_core.shell:Creating package script '/home/pz10on/Work/ws02_tools/install/cpp02_rosbag2/share/cpp02_rosbag2/package.ps1'
[0.397s] INFO:colcon.colcon_core.shell:Creating package descriptor '/home/pz10on/Work/ws02_tools/install/cpp02_rosbag2/share/cpp02_rosbag2/package.dsv'
[0.398s] INFO:colcon.colcon_core.shell:Creating package script '/home/pz10on/Work/ws02_tools/install/cpp02_rosbag2/share/cpp02_rosbag2/package.sh'
[0.398s] INFO:colcon.colcon_core.shell:Creating package script '/home/pz10on/Work/ws02_tools/install/cpp02_rosbag2/share/cpp02_rosbag2/package.bash'
[0.399s] INFO:colcon.colcon_core.shell:Creating package script '/home/pz10on/Work/ws02_tools/install/cpp02_rosbag2/share/cpp02_rosbag2/package.zsh'
[0.399s] Level 1:colcon.colcon_core.environment:create_file_with_runtime_dependencies(/home/pz10on/Work/ws02_tools/install/cpp02_rosbag2/share/colcon-core/packages/cpp02_rosbag2)
[3.020s] DEBUG:colcon.colcon_core.event_handler.log_command:Invoked command in '/home/pz10on/Work/ws02_tools/build/kruisee_lidar' returned '2': CMAKE_PREFIX_PATH=/opt/ros/humble /usr/bin/cmake --build /home/pz10on/Work/ws02_tools/build/kruisee_lidar -- -j12 -l12
[3.038s] Level 1:colcon.colcon_core.environment:create_environment_scripts_only(kruisee_lidar)
[3.040s] Level 1:colcon.colcon_core.environment:checking '/home/pz10on/Work/ws02_tools/install/kruisee_lidar' for CMake module files
[3.040s] Level 1:colcon.colcon_core.environment:checking '/home/pz10on/Work/ws02_tools/install/kruisee_lidar' for CMake config files
[3.041s] Level 1:colcon.colcon_core.environment:checking '/home/pz10on/Work/ws02_tools/install/kruisee_lidar/bin'
[3.041s] Level 1:colcon.colcon_core.environment:checking '/home/pz10on/Work/ws02_tools/install/kruisee_lidar/lib/pkgconfig/kruisee_lidar.pc'
[3.041s] Level 1:colcon.colcon_core.environment:checking '/home/pz10on/Work/ws02_tools/install/kruisee_lidar/lib/python3.10/site-packages'
[3.041s] Level 1:colcon.colcon_core.environment:checking '/home/pz10on/Work/ws02_tools/install/kruisee_lidar/bin'
[3.042s] INFO:colcon.colcon_core.shell:Creating package script '/home/pz10on/Work/ws02_tools/install/kruisee_lidar/share/kruisee_lidar/package.ps1'
[3.043s] INFO:colcon.colcon_core.shell:Creating package descriptor '/home/pz10on/Work/ws02_tools/install/kruisee_lidar/share/kruisee_lidar/package.dsv'
[3.043s] INFO:colcon.colcon_core.shell:Creating package script '/home/pz10on/Work/ws02_tools/install/kruisee_lidar/share/kruisee_lidar/package.sh'
[3.044s] INFO:colcon.colcon_core.shell:Creating package script '/home/pz10on/Work/ws02_tools/install/kruisee_lidar/share/kruisee_lidar/package.bash'
[3.044s] INFO:colcon.colcon_core.shell:Creating package script '/home/pz10on/Work/ws02_tools/install/kruisee_lidar/share/kruisee_lidar/package.zsh'
[3.044s] Level 1:colcon.colcon_core.environment:create_file_with_runtime_dependencies(/home/pz10on/Work/ws02_tools/install/kruisee_lidar/share/colcon-core/packages/kruisee_lidar)
[3.055s] DEBUG:colcon.colcon_parallel_executor.executor.parallel:closing loop
[3.055s] DEBUG:colcon.colcon_parallel_executor.executor.parallel:loop closed
[3.055s] DEBUG:colcon.colcon_parallel_executor.executor.parallel:run_until_complete finished with '2'
[3.055s] DEBUG:colcon.colcon_core.event_reactor:joining thread
[3.126s] INFO:colcon.colcon_core.plugin_system:Skipping extension 'colcon_notification.desktop_notification.terminal_notifier': Not used on non-Darwin systems
[3.126s] INFO:colcon.colcon_core.plugin_system:Skipping extension 'colcon_notification.desktop_notification.win32': Not used on non-Windows systems
[3.126s] INFO:colcon.colcon_notification.desktop_notification:Sending desktop notification using 'notify2'
[3.142s] DEBUG:colcon.colcon_core.event_reactor:joined thread
[3.144s] INFO:colcon.colcon_core.shell:Creating prefix script '/home/pz10on/Work/ws02_tools/install/local_setup.ps1'
[3.145s] INFO:colcon.colcon_core.shell:Creating prefix util module '/home/pz10on/Work/ws02_tools/install/_local_setup_util_ps1.py'
[3.146s] INFO:colcon.colcon_core.shell:Creating prefix chain script '/home/pz10on/Work/ws02_tools/install/setup.ps1'
[3.147s] INFO:colcon.colcon_core.shell:Creating prefix script '/home/pz10on/Work/ws02_tools/install/local_setup.sh'
[3.147s] INFO:colcon.colcon_core.shell:Creating prefix util module '/home/pz10on/Work/ws02_tools/install/_local_setup_util_sh.py'
[3.148s] INFO:colcon.colcon_core.shell:Creating prefix chain script '/home/pz10on/Work/ws02_tools/install/setup.sh'
[3.148s] INFO:colcon.colcon_core.shell:Creating prefix script '/home/pz10on/Work/ws02_tools/install/local_setup.bash'
[3.149s] INFO:colcon.colcon_core.shell:Creating prefix chain script '/home/pz10on/Work/ws02_tools/install/setup.bash'
[3.149s] INFO:colcon.colcon_core.shell:Creating prefix script '/home/pz10on/Work/ws02_tools/install/local_setup.zsh'
[3.150s] INFO:colcon.colcon_core.shell:Creating prefix chain script '/home/pz10on/Work/ws02_tools/install/setup.zsh'
