[0.010s] Invoking command in '/home/pz10on/Work/ws02_tools/build/cpp02_rosbag2': CMAKE_PREFIX_PATH=/opt/ros/humble /usr/bin/cmake /home/pz10on/Work/ws02_tools/src/cpp02_rosbag2 -DCMAKE_INSTALL_PREFIX=/home/pz10on/Work/ws02_tools/install/cpp02_rosbag2
[0.044s] -- The C compiler identification is GNU 11.4.0
[0.079s] -- The CXX compiler identification is GNU 11.4.0
[0.084s] -- Detecting C compiler ABI info
[0.128s] -- Detecting C compiler ABI info - done
[0.133s] -- Check for working C compiler: /usr/bin/cc - skipped
[0.133s] -- Detecting C compile features
[0.133s] -- Detecting C compile features - done
[0.135s] -- Detecting CXX compiler ABI info
[0.185s] -- Detecting CXX compiler ABI info - done
[0.190s] -- Check for working CXX compiler: /usr/bin/c++ - skipped
[0.190s] -- Detecting CXX compile features
[0.190s] -- Detecting CXX compile features - done
[0.192s] -- Found ament_cmake: 1.3.5 (/opt/ros/humble/share/ament_cmake/cmake)
[0.304s] -- Found Python3: /usr/bin/python3.10 (found version "3.10.12") found components: Interpreter 
[0.355s] -- Found rclcpp: 16.0.5 (/opt/ros/humble/share/rclcpp/cmake)
[0.378s] -- Found rosidl_generator_c: 3.1.5 (/opt/ros/humble/share/rosidl_generator_c/cmake)
[0.381s] -- Found rosidl_adapter: 3.1.5 (/opt/ros/humble/share/rosidl_adapter/cmake)
[0.385s] -- Found rosidl_generator_cpp: 3.1.5 (/opt/ros/humble/share/rosidl_generator_cpp/cmake)
[0.393s] -- Using all available rosidl_typesupport_c: rosidl_typesupport_fastrtps_c;rosidl_typesupport_introspection_c
[0.404s] -- Using all available rosidl_typesupport_cpp: rosidl_typesupport_fastrtps_cpp;rosidl_typesupport_introspection_cpp
[0.446s] -- Found rmw_implementation_cmake: 6.1.1 (/opt/ros/humble/share/rmw_implementation_cmake/cmake)
[0.447s] -- Found rmw_fastrtps_cpp: 6.2.3 (/opt/ros/humble/share/rmw_fastrtps_cpp/cmake)
[0.504s] -- Found OpenSSL: /usr/lib/x86_64-linux-gnu/libcrypto.so (found version "3.0.2")  
[0.522s] -- Found FastRTPS: /opt/ros/humble/include  
[0.551s] -- Using RMW implementation 'rmw_fastrtps_cpp' as default
[0.556s] -- Looking for pthread.h
[0.601s] -- Looking for pthread.h - found
[0.602s] -- Performing Test CMAKE_HAVE_LIBC_PTHREAD
[0.652s] -- Performing Test CMAKE_HAVE_LIBC_PTHREAD - Success
[0.653s] -- Found Threads: TRUE  
[0.758s] -- Found rosbag2_cpp: 0.15.7 (/opt/ros/humble/share/rosbag2_cpp/cmake)
[0.793s] -- Found geometry_msgs: 4.2.3 (/opt/ros/humble/share/geometry_msgs/cmake)
[0.824s] -- Found ament_lint_auto: 0.12.7 (/opt/ros/humble/share/ament_lint_auto/cmake)
[0.873s] -- Added test 'cppcheck' to perform static code analysis on C / C++ code
[0.873s] -- Configured cppcheck include dirs: $<BUILD_INTERFACE:/home/pz10on/Work/ws02_tools/src/cpp02_rosbag2/include>
[0.873s] -- Configured cppcheck exclude dirs and/or files: 
[0.873s] -- Added test 'lint_cmake' to check CMake code style
[0.874s] -- Added test 'uncrustify' to check C / C++ code style
[0.874s] -- Configured uncrustify additional arguments: 
[0.874s] -- Added test 'xmllint' to check XML markup files
[0.875s] -- Configuring done
[0.881s] -- Generating done
[0.882s] -- Build files have been written to: /home/pz10on/Work/ws02_tools/build/cpp02_rosbag2
[0.891s] Invoked command in '/home/pz10on/Work/ws02_tools/build/cpp02_rosbag2' returned '0': CMAKE_PREFIX_PATH=/opt/ros/humble /usr/bin/cmake /home/pz10on/Work/ws02_tools/src/cpp02_rosbag2 -DCMAKE_INSTALL_PREFIX=/home/pz10on/Work/ws02_tools/install/cpp02_rosbag2
[0.891s] Invoking command in '/home/pz10on/Work/ws02_tools/build/cpp02_rosbag2': CMAKE_PREFIX_PATH=/opt/ros/humble /usr/bin/cmake --build /home/pz10on/Work/ws02_tools/build/cpp02_rosbag2 -- -j12 -l12
[0.925s] [ 50%] [32mBuilding CXX object CMakeFiles/demo01_writer.cpp.dir/src/demo01_writer.cpp.cpp.o[0m
[2.827s] [100%] [32m[1mLinking CXX executable demo01_writer.cpp[0m
[2.910s] [100%] Built target demo01_writer.cpp
[2.918s] Invoked command in '/home/pz10on/Work/ws02_tools/build/cpp02_rosbag2' returned '0': CMAKE_PREFIX_PATH=/opt/ros/humble /usr/bin/cmake --build /home/pz10on/Work/ws02_tools/build/cpp02_rosbag2 -- -j12 -l12
[2.940s] Invoking command in '/home/pz10on/Work/ws02_tools/build/cpp02_rosbag2': CMAKE_PREFIX_PATH=/opt/ros/humble /usr/bin/cmake --install /home/pz10on/Work/ws02_tools/build/cpp02_rosbag2
[2.945s] -- Install configuration: ""
[2.945s] -- Installing: /home/pz10on/Work/ws02_tools/install/cpp02_rosbag2/lib/cpp02_rosbag2/demo01_writer.cpp
[2.945s] -- Set runtime path of "/home/pz10on/Work/ws02_tools/install/cpp02_rosbag2/lib/cpp02_rosbag2/demo01_writer.cpp" to ""
[2.945s] -- Installing: /home/pz10on/Work/ws02_tools/install/cpp02_rosbag2/share/ament_index/resource_index/package_run_dependencies/cpp02_rosbag2
[2.945s] -- Installing: /home/pz10on/Work/ws02_tools/install/cpp02_rosbag2/share/ament_index/resource_index/parent_prefix_path/cpp02_rosbag2
[2.945s] -- Installing: /home/pz10on/Work/ws02_tools/install/cpp02_rosbag2/share/cpp02_rosbag2/environment/ament_prefix_path.sh
[2.945s] -- Installing: /home/pz10on/Work/ws02_tools/install/cpp02_rosbag2/share/cpp02_rosbag2/environment/ament_prefix_path.dsv
[2.945s] -- Installing: /home/pz10on/Work/ws02_tools/install/cpp02_rosbag2/share/cpp02_rosbag2/environment/path.sh
[2.945s] -- Installing: /home/pz10on/Work/ws02_tools/install/cpp02_rosbag2/share/cpp02_rosbag2/environment/path.dsv
[2.945s] -- Installing: /home/pz10on/Work/ws02_tools/install/cpp02_rosbag2/share/cpp02_rosbag2/local_setup.bash
[2.945s] -- Installing: /home/pz10on/Work/ws02_tools/install/cpp02_rosbag2/share/cpp02_rosbag2/local_setup.sh
[2.945s] -- Installing: /home/pz10on/Work/ws02_tools/install/cpp02_rosbag2/share/cpp02_rosbag2/local_setup.zsh
[2.945s] -- Installing: /home/pz10on/Work/ws02_tools/install/cpp02_rosbag2/share/cpp02_rosbag2/local_setup.dsv
[2.946s] -- Installing: /home/pz10on/Work/ws02_tools/install/cpp02_rosbag2/share/cpp02_rosbag2/package.dsv
[2.946s] -- Installing: /home/pz10on/Work/ws02_tools/install/cpp02_rosbag2/share/ament_index/resource_index/packages/cpp02_rosbag2
[2.946s] -- Installing: /home/pz10on/Work/ws02_tools/install/cpp02_rosbag2/share/cpp02_rosbag2/cmake/cpp02_rosbag2Config.cmake
[2.946s] -- Installing: /home/pz10on/Work/ws02_tools/install/cpp02_rosbag2/share/cpp02_rosbag2/cmake/cpp02_rosbag2Config-version.cmake
[2.946s] -- Installing: /home/pz10on/Work/ws02_tools/install/cpp02_rosbag2/share/cpp02_rosbag2/package.xml
[2.948s] Invoked command in '/home/pz10on/Work/ws02_tools/build/cpp02_rosbag2' returned '0': CMAKE_PREFIX_PATH=/opt/ros/humble /usr/bin/cmake --install /home/pz10on/Work/ws02_tools/build/cpp02_rosbag2
