[0.009s] Invoking command in '/home/pz10on/Work/ws02_tools/build/cpp04_tf_listener': CMAKE_PREFIX_PATH=${CMAKE_PREFIX_PATH}:/home/pz10on/Work/ws02_tools/install/py01_launch:/opt/ros/humble /usr/bin/cmake /home/pz10on/Work/ws02_tools/src/cpp04_tf_listener -DCMAKE_INSTALL_PREFIX=/home/pz10on/Work/ws02_tools/install/cpp04_tf_listener
[0.047s] -- The C compiler identification is GNU 11.4.0
[0.083s] -- The CXX compiler identification is GNU 11.4.0
[0.087s] -- Detecting C compiler ABI info
[0.134s] -- Detecting C compiler ABI info - done
[0.139s] -- Check for working C compiler: /usr/bin/cc - skipped
[0.139s] -- Detecting C compile features
[0.139s] -- Detecting C compile features - done
[0.141s] -- Detecting CXX compiler ABI info
[0.192s] -- Detecting CXX compiler ABI info - done
[0.197s] -- Check for working CXX compiler: /usr/bin/c++ - skipped
[0.197s] -- Detecting CXX compile features
[0.197s] -- Detecting CXX compile features - done
[0.201s] -- Found ament_cmake: 1.3.5 (/opt/ros/humble/share/ament_cmake/cmake)
[0.318s] -- Found Python3: /usr/bin/python3.10 (found version "3.10.12") found components: Interpreter 
[0.381s] -- Found rclcpp: 16.0.5 (/opt/ros/humble/share/rclcpp/cmake)
[0.410s] -- Found rosidl_generator_c: 3.1.5 (/opt/ros/humble/share/rosidl_generator_c/cmake)
[0.413s] -- Found rosidl_adapter: 3.1.5 (/opt/ros/humble/share/rosidl_adapter/cmake)
[0.419s] -- Found rosidl_generator_cpp: 3.1.5 (/opt/ros/humble/share/rosidl_generator_cpp/cmake)
[0.428s] -- Using all available rosidl_typesupport_c: rosidl_typesupport_fastrtps_c;rosidl_typesupport_introspection_c
[0.441s] -- Using all available rosidl_typesupport_cpp: rosidl_typesupport_fastrtps_cpp;rosidl_typesupport_introspection_cpp
[0.486s] -- Found rmw_implementation_cmake: 6.1.1 (/opt/ros/humble/share/rmw_implementation_cmake/cmake)
[0.487s] -- Found rmw_fastrtps_cpp: 6.2.3 (/opt/ros/humble/share/rmw_fastrtps_cpp/cmake)
[0.551s] -- Found OpenSSL: /usr/lib/x86_64-linux-gnu/libcrypto.so (found version "3.0.2")  
[0.570s] -- Found FastRTPS: /opt/ros/humble/include  
[0.600s] -- Using RMW implementation 'rmw_fastrtps_cpp' as default
[0.606s] -- Looking for pthread.h
[0.656s] -- Looking for pthread.h - found
[0.656s] -- Performing Test CMAKE_HAVE_LIBC_PTHREAD
[0.704s] -- Performing Test CMAKE_HAVE_LIBC_PTHREAD - Success
[0.705s] -- Found Threads: TRUE  
[0.809s] -- Found tf2: 0.25.3 (/opt/ros/humble/share/tf2/cmake)
[0.850s] -- Found tf2_ros: 0.25.3 (/opt/ros/humble/share/tf2_ros/cmake)
[1.072s] -- Found ament_lint_auto: 0.12.7 (/opt/ros/humble/share/ament_lint_auto/cmake)
[1.123s] -- Added test 'cppcheck' to perform static code analysis on C / C++ code
[1.123s] -- Configured cppcheck include dirs: $<BUILD_INTERFACE:/home/pz10on/Work/ws02_tools/src/cpp04_tf_listener/include>
[1.124s] -- Configured cppcheck exclude dirs and/or files: 
[1.124s] -- Added test 'lint_cmake' to check CMake code style
[1.124s] -- Added test 'uncrustify' to check C / C++ code style
[1.124s] -- Configured uncrustify additional arguments: 
[1.125s] -- Added test 'xmllint' to check XML markup files
[1.126s] -- Configuring done
[1.134s] -- Generating done
[1.135s] -- Build files have been written to: /home/pz10on/Work/ws02_tools/build/cpp04_tf_listener
[1.143s] Invoked command in '/home/pz10on/Work/ws02_tools/build/cpp04_tf_listener' returned '0': CMAKE_PREFIX_PATH=${CMAKE_PREFIX_PATH}:/home/pz10on/Work/ws02_tools/install/py01_launch:/opt/ros/humble /usr/bin/cmake /home/pz10on/Work/ws02_tools/src/cpp04_tf_listener -DCMAKE_INSTALL_PREFIX=/home/pz10on/Work/ws02_tools/install/cpp04_tf_listener
[1.144s] Invoking command in '/home/pz10on/Work/ws02_tools/build/cpp04_tf_listener': CMAKE_PREFIX_PATH=${CMAKE_PREFIX_PATH}:/home/pz10on/Work/ws02_tools/install/py01_launch:/opt/ros/humble /usr/bin/cmake --build /home/pz10on/Work/ws02_tools/build/cpp04_tf_listener -- -j12 -l12
[1.177s] [ 50%] [32mBuilding CXX object CMakeFiles/demo01_tf_listener.dir/src/demo01_tf_listener.cpp.o[0m
[2.885s] In file included from [01m[K/opt/ros/humble/include/rclcpp/rclcpp/logging.hpp:24[m[K,
[2.885s]                  from [01m[K/opt/ros/humble/include/rclcpp/rclcpp/client.hpp:40[m[K,
[2.885s]                  from [01m[K/opt/ros/humble/include/rclcpp/rclcpp/callback_group.hpp:24[m[K,
[2.885s]                  from [01m[K/opt/ros/humble/include/rclcpp/rclcpp/any_executable.hpp:20[m[K,
[2.885s]                  from [01m[K/opt/ros/humble/include/rclcpp/rclcpp/memory_strategy.hpp:25[m[K,
[2.885s]                  from [01m[K/opt/ros/humble/include/rclcpp/rclcpp/memory_strategies.hpp:18[m[K,
[2.885s]                  from [01m[K/opt/ros/humble/include/rclcpp/rclcpp/executor_options.hpp:20[m[K,
[2.885s]                  from [01m[K/opt/ros/humble/include/rclcpp/rclcpp/executor.hpp:37[m[K,
[2.885s]                  from [01m[K/opt/ros/humble/include/rclcpp/rclcpp/executors/multi_threaded_executor.hpp:25[m[K,
[2.885s]                  from [01m[K/opt/ros/humble/include/rclcpp/rclcpp/executors.hpp:21[m[K,
[2.885s]                  from [01m[K/opt/ros/humble/include/rclcpp/rclcpp/rclcpp.hpp:155[m[K,
[2.885s]                  from [01m[K/home/pz10on/Work/ws02_tools/src/cpp04_tf_listener/src/demo01_tf_listener.cpp:15[m[K:
[2.885s] [01m[K/home/pz10on/Work/ws02_tools/src/cpp04_tf_listener/src/demo01_tf_listener.cpp:[m[K In member function ‘[01m[Kvoid TFListener::on_timer_()[m[K’:
[2.885s] [01m[K/home/pz10on/Work/ws02_tools/src/cpp04_tf_listener/src/demo01_tf_listener.cpp:42:9:[m[K [01;31m[Kerror: [m[Kexpected primary-expression before ‘[01m[K)[m[K’ token
[2.885s]    42 |         [01;31m[KRCLCPP_INFO[m[K(
[2.885s]       |         [01;31m[K^~~~~~~~~~~[m[K
[4.679s] gmake[2]: *** [CMakeFiles/demo01_tf_listener.dir/build.make:76: CMakeFiles/demo01_tf_listener.dir/src/demo01_tf_listener.cpp.o] Error 1
[4.680s] gmake[1]: *** [CMakeFiles/Makefile2:137: CMakeFiles/demo01_tf_listener.dir/all] Error 2
[4.680s] gmake: *** [Makefile:146: all] Error 2
[4.682s] Invoked command in '/home/pz10on/Work/ws02_tools/build/cpp04_tf_listener' returned '2': CMAKE_PREFIX_PATH=${CMAKE_PREFIX_PATH}:/home/pz10on/Work/ws02_tools/install/py01_launch:/opt/ros/humble /usr/bin/cmake --build /home/pz10on/Work/ws02_tools/build/cpp04_tf_listener -- -j12 -l12
