[0.009s] Invoking command in '/home/pz10on/Work/ws02_tools/build/cpp03_tf_broadcaster': CMAKE_PREFIX_PATH=/opt/ros/humble /usr/bin/cmake --build /home/pz10on/Work/ws02_tools/build/cpp03_tf_broadcaster -- -j12 -l12
[0.038s] [35m[1mConsolidate compiler generated dependencies of target demo01_static_tf_broadcaster[0m
[0.038s] [35m[1mConsolidate compiler generated dependencies of target demo02_dynamic_tf_broadcaster[0m
[0.045s] [ 25%] [32mBuilding CXX object CMakeFiles/demo01_static_tf_broadcaster.dir/src/demo01_static_tf_broadcaster.cpp.o[0m
[0.049s] [ 75%] Built target demo02_dynamic_tf_broadcaster
[1.966s] [100%] [32m[1mLinking CXX executable demo01_static_tf_broadcaster[0m
[2.048s] [100%] Built target demo01_static_tf_broadcaster
[2.055s] Invoked command in '/home/pz10on/Work/ws02_tools/build/cpp03_tf_broadcaster' returned '0': CMAKE_PREFIX_PATH=/opt/ros/humble /usr/bin/cmake --build /home/pz10on/Work/ws02_tools/build/cpp03_tf_broadcaster -- -j12 -l12
[2.078s] Invoking command in '/home/pz10on/Work/ws02_tools/build/cpp03_tf_broadcaster': CMAKE_PREFIX_PATH=/opt/ros/humble /usr/bin/cmake --install /home/pz10on/Work/ws02_tools/build/cpp03_tf_broadcaster
[2.083s] -- Install configuration: ""
[2.083s] -- Installing: /home/pz10on/Work/ws02_tools/install/cpp03_tf_broadcaster/lib/cpp03_tf_broadcaster/demo01_static_tf_broadcaster
[2.083s] -- Set runtime path of "/home/pz10on/Work/ws02_tools/install/cpp03_tf_broadcaster/lib/cpp03_tf_broadcaster/demo01_static_tf_broadcaster" to ""
[2.083s] -- Installing: /home/pz10on/Work/ws02_tools/install/cpp03_tf_broadcaster/lib/cpp03_tf_broadcaster/demo02_dynamic_tf_broadcaster
[2.084s] -- Set runtime path of "/home/pz10on/Work/ws02_tools/install/cpp03_tf_broadcaster/lib/cpp03_tf_broadcaster/demo02_dynamic_tf_broadcaster" to ""
[2.084s] -- Installing: /home/pz10on/Work/ws02_tools/install/cpp03_tf_broadcaster/share/ament_index/resource_index/package_run_dependencies/cpp03_tf_broadcaster
[2.084s] -- Installing: /home/pz10on/Work/ws02_tools/install/cpp03_tf_broadcaster/share/ament_index/resource_index/parent_prefix_path/cpp03_tf_broadcaster
[2.084s] -- Installing: /home/pz10on/Work/ws02_tools/install/cpp03_tf_broadcaster/share/cpp03_tf_broadcaster/environment/ament_prefix_path.sh
[2.084s] -- Installing: /home/pz10on/Work/ws02_tools/install/cpp03_tf_broadcaster/share/cpp03_tf_broadcaster/environment/ament_prefix_path.dsv
[2.084s] -- Installing: /home/pz10on/Work/ws02_tools/install/cpp03_tf_broadcaster/share/cpp03_tf_broadcaster/environment/path.sh
[2.084s] -- Installing: /home/pz10on/Work/ws02_tools/install/cpp03_tf_broadcaster/share/cpp03_tf_broadcaster/environment/path.dsv
[2.084s] -- Installing: /home/pz10on/Work/ws02_tools/install/cpp03_tf_broadcaster/share/cpp03_tf_broadcaster/local_setup.bash
[2.084s] -- Installing: /home/pz10on/Work/ws02_tools/install/cpp03_tf_broadcaster/share/cpp03_tf_broadcaster/local_setup.sh
[2.084s] -- Installing: /home/pz10on/Work/ws02_tools/install/cpp03_tf_broadcaster/share/cpp03_tf_broadcaster/local_setup.zsh
[2.084s] -- Installing: /home/pz10on/Work/ws02_tools/install/cpp03_tf_broadcaster/share/cpp03_tf_broadcaster/local_setup.dsv
[2.084s] -- Installing: /home/pz10on/Work/ws02_tools/install/cpp03_tf_broadcaster/share/cpp03_tf_broadcaster/package.dsv
[2.085s] -- Installing: /home/pz10on/Work/ws02_tools/install/cpp03_tf_broadcaster/share/ament_index/resource_index/packages/cpp03_tf_broadcaster
[2.085s] -- Installing: /home/pz10on/Work/ws02_tools/install/cpp03_tf_broadcaster/share/cpp03_tf_broadcaster/cmake/cpp03_tf_broadcasterConfig.cmake
[2.085s] -- Installing: /home/pz10on/Work/ws02_tools/install/cpp03_tf_broadcaster/share/cpp03_tf_broadcaster/cmake/cpp03_tf_broadcasterConfig-version.cmake
[2.085s] -- Installing: /home/pz10on/Work/ws02_tools/install/cpp03_tf_broadcaster/share/cpp03_tf_broadcaster/package.xml
[2.086s] Invoked command in '/home/pz10on/Work/ws02_tools/build/cpp03_tf_broadcaster' returned '0': CMAKE_PREFIX_PATH=/opt/ros/humble /usr/bin/cmake --install /home/pz10on/Work/ws02_tools/build/cpp03_tf_broadcaster
