[0.010s] Invoking command in '/home/pz10on/Work/ws02_tools/build/cpp01_launch': CMAKE_PREFIX_PATH=${CMAKE_PREFIX_PATH}:/home/pz10on/Work/ws02_tools/install/py01_launch:/opt/ros/humble /usr/bin/cmake --build /home/pz10on/Work/ws02_tools/build/cpp01_launch -- -j12 -l12
[0.026s] -- Found ament_cmake: 1.3.5 (/opt/ros/humble/share/ament_cmake/cmake)
[0.122s] -- Found rclcpp: 16.0.5 (/opt/ros/humble/share/rclcpp/cmake)
[0.141s] -- Found rosidl_generator_c: 3.1.5 (/opt/ros/humble/share/rosidl_generator_c/cmake)
[0.142s] -- Found rosidl_adapter: 3.1.5 (/opt/ros/humble/share/rosidl_adapter/cmake)
[0.147s] -- Found rosidl_generator_cpp: 3.1.5 (/opt/ros/humble/share/rosidl_generator_cpp/cmake)
[0.155s] -- Using all available rosidl_typesupport_c: rosidl_typesupport_fastrtps_c;rosidl_typesupport_introspection_c
[0.164s] -- Using all available rosidl_typesupport_cpp: rosidl_typesupport_fastrtps_cpp;rosidl_typesupport_introspection_cpp
[0.202s] -- Found rmw_implementation_cmake: 6.1.1 (/opt/ros/humble/share/rmw_implementation_cmake/cmake)
[0.203s] -- Found rmw_fastrtps_cpp: 6.2.3 (/opt/ros/humble/share/rmw_fastrtps_cpp/cmake)
[0.281s] -- Using RMW implementation 'rmw_fastrtps_cpp' as default
[0.386s] -- Found ament_lint_auto: 0.12.7 (/opt/ros/humble/share/ament_lint_auto/cmake)
[0.444s] -- Added test 'flake8' to check Python code syntax and style conventions
[0.444s] -- Added test 'lint_cmake' to check CMake code style
[0.445s] -- Added test 'pep257' to check Python code against some of the docstring style conventions in PEP 257
[0.445s] -- Added test 'xmllint' to check XML markup files
[0.446s] -- Configuring done
[0.448s] -- Generating done
[0.449s] -- Build files have been written to: /home/pz10on/Work/ws02_tools/build/cpp01_launch
[0.467s] Invoked command in '/home/pz10on/Work/ws02_tools/build/cpp01_launch' returned '0': CMAKE_PREFIX_PATH=${CMAKE_PREFIX_PATH}:/home/pz10on/Work/ws02_tools/install/py01_launch:/opt/ros/humble /usr/bin/cmake --build /home/pz10on/Work/ws02_tools/build/cpp01_launch -- -j12 -l12
[0.487s] Invoking command in '/home/pz10on/Work/ws02_tools/build/cpp01_launch': CMAKE_PREFIX_PATH=${CMAKE_PREFIX_PATH}:/home/pz10on/Work/ws02_tools/install/py01_launch:/opt/ros/humble /usr/bin/cmake --install /home/pz10on/Work/ws02_tools/build/cpp01_launch
[0.492s] -- Install configuration: ""
[0.492s] -- Up-to-date: /home/pz10on/Work/ws02_tools/install/cpp01_launch/share/cpp01_launch/launch
[0.492s] -- Installing: /home/pz10on/Work/ws02_tools/install/cpp01_launch/share/cpp01_launch/launch/py02_node_launch.py
[0.492s] -- Installing: /home/pz10on/Work/ws02_tools/install/cpp01_launch/share/cpp01_launch/launch/config
[0.492s] -- Installing: /home/pz10on/Work/ws02_tools/install/cpp01_launch/share/cpp01_launch/launch/config/haha.yaml
[0.492s] -- Up-to-date: /home/pz10on/Work/ws02_tools/install/cpp01_launch/share/cpp01_launch/launch/py01_exer01_launch.py
[0.492s] [31mCMake Error at cmake_install.cmake:46 (file):
[0.492s]   file INSTALL cannot find
[0.492s]   "/home/pz10on/Work/ws02_tools/src/cpp01_launch/config": No such file or
[0.492s]   directory.
[0.492s] 
[0.492s] [0m
[0.493s] Invoked command in '/home/pz10on/Work/ws02_tools/build/cpp01_launch' returned '1': CMAKE_PREFIX_PATH=${CMAKE_PREFIX_PATH}:/home/pz10on/Work/ws02_tools/install/py01_launch:/opt/ros/humble /usr/bin/cmake --install /home/pz10on/Work/ws02_tools/build/cpp01_launch
