[0.010s] Invoking command in '/home/pz10on/Work/ws02_tools/build/pz_car': /usr/bin/cmake /home/pz10on/Work/ws02_tools/src/pz_car -DCATKIN_INSTALL_INTO_PREFIX_ROOT=0 -DCMAKE_INSTALL_PREFIX=/home/pz10on/Work/ws02_tools/install/pz_car
[0.015s] [0mCMake Deprecation Warning at CMakeLists.txt:1 (cmake_minimum_required):
[0.015s]   Compatibility with CMake < 2.8.12 will be removed from a future version of
[0.015s]   CMake.
[0.015s] 
[0.015s]   Update the VERSION argument <min> value or use a ...<max> suffix to tell
[0.015s]   CMake that the project does not need compatibility with older versions.
[0.015s] 
[0.015s] [0m
[0.047s] -- The C compiler identification is GNU 11.4.0
[0.085s] -- The CXX compiler identification is GNU 11.4.0
[0.090s] -- Detecting C compiler ABI info
[0.136s] -- Detecting C compiler ABI info - done
[0.141s] -- Check for working C compiler: /usr/bin/cc - skipped
[0.141s] -- Detecting C compile features
[0.141s] -- Detecting C compile features - done
[0.144s] -- Detecting CXX compiler ABI info
[0.195s] -- Detecting CXX compiler ABI info - done
[0.201s] -- Check for working CXX compiler: /usr/bin/c++ - skipped
[0.201s] -- Detecting CXX compile features
[0.201s] -- Detecting CXX compile features - done
[0.209s] -- Configuring incomplete, errors occurred!
[0.209s] See also "/home/pz10on/Work/ws02_tools/build/pz_car/CMakeFiles/CMakeOutput.log".
[0.209s] [31mCMake Error at CMakeLists.txt:5 (find_package):
[0.209s]   By not providing "Findcatkin.cmake" in CMAKE_MODULE_PATH this project has
[0.209s]   asked CMake to find a package configuration file provided by "catkin", but
[0.209s]   CMake did not find one.
[0.209s] 
[0.209s]   Could not find a package configuration file provided by "catkin" with any
[0.209s]   of the following names:
[0.209s] 
[0.209s]     catkinConfig.cmake
[0.209s]     catkin-config.cmake
[0.209s] 
[0.209s]   Add the installation prefix of "catkin" to CMAKE_PREFIX_PATH or set
[0.209s]   "catkin_DIR" to a directory containing one of the above files.  If "catkin"
[0.209s]   provides a separate development package or SDK, be sure it has been
[0.209s]   installed.
[0.210s] 
[0.210s] [0m
[0.212s] Invoked command in '/home/pz10on/Work/ws02_tools/build/pz_car' returned '1': /usr/bin/cmake /home/pz10on/Work/ws02_tools/src/pz_car -DCATKIN_INSTALL_INTO_PREFIX_ROOT=0 -DCMAKE_INSTALL_PREFIX=/home/pz10on/Work/ws02_tools/install/pz_car
