[0.391s] Invoking command in '/home/pz10on/Work/ws02_tools/src/py01_launch': PYTHONPATH=/home/pz10on/Work/ws02_tools/build/py01_launch/prefix_override:/home/pz10on/Work/ws02_tools/install/py01_launch/lib/python3.10/site-packages:${PYTHONPATH} /usr/bin/python3 setup.py egg_info --egg-base ../../build/py01_launch build --build-base /home/pz10on/Work/ws02_tools/build/py01_launch/build install --record /home/pz10on/Work/ws02_tools/build/py01_launch/install.log --single-version-externally-managed
[0.548s] running egg_info
[0.548s] creating ../../build/py01_launch/py01_launch.egg-info
[0.548s] writing ../../build/py01_launch/py01_launch.egg-info/PKG-INFO
[0.549s] writing dependency_links to ../../build/py01_launch/py01_launch.egg-info/dependency_links.txt
[0.549s] writing entry points to ../../build/py01_launch/py01_launch.egg-info/entry_points.txt
[0.549s] writing requirements to ../../build/py01_launch/py01_launch.egg-info/requires.txt
[0.549s] writing top-level names to ../../build/py01_launch/py01_launch.egg-info/top_level.txt
[0.549s] writing manifest file '../../build/py01_launch/py01_launch.egg-info/SOURCES.txt'
[0.551s] reading manifest file '../../build/py01_launch/py01_launch.egg-info/SOURCES.txt'
[0.551s] writing manifest file '../../build/py01_launch/py01_launch.egg-info/SOURCES.txt'
[0.551s] running build
[0.551s] running build_py
[0.552s] creating /home/pz10on/Work/ws02_tools/build/py01_launch/build
[0.552s] creating /home/pz10on/Work/ws02_tools/build/py01_launch/build/lib
[0.552s] creating /home/pz10on/Work/ws02_tools/build/py01_launch/build/lib/py01_launch
[0.552s] copying py01_launch/__init__.py -> /home/pz10on/Work/ws02_tools/build/py01_launch/build/lib/py01_launch
[0.552s] running install
[0.552s] /usr/lib/python3/dist-packages/setuptools/command/install.py:34: SetuptoolsDeprecationWarning: setup.py install is deprecated. Use build and pip and other standards-based tools.
[0.552s]   warnings.warn(
[0.552s] running install_lib
[0.553s] creating /home/pz10on/Work/ws02_tools/install/py01_launch/lib/python3.10/site-packages/py01_launch
[0.553s] copying /home/pz10on/Work/ws02_tools/build/py01_launch/build/lib/py01_launch/__init__.py -> /home/pz10on/Work/ws02_tools/install/py01_launch/lib/python3.10/site-packages/py01_launch
[0.553s] byte-compiling /home/pz10on/Work/ws02_tools/install/py01_launch/lib/python3.10/site-packages/py01_launch/__init__.py to __init__.cpython-310.pyc
[0.553s] running install_data
[0.553s] creating /home/pz10on/Work/ws02_tools/install/py01_launch/share/ament_index
[0.554s] creating /home/pz10on/Work/ws02_tools/install/py01_launch/share/ament_index/resource_index
[0.554s] creating /home/pz10on/Work/ws02_tools/install/py01_launch/share/ament_index/resource_index/packages
[0.554s] copying resource/py01_launch -> /home/pz10on/Work/ws02_tools/install/py01_launch/share/ament_index/resource_index/packages
[0.554s] copying package.xml -> /home/pz10on/Work/ws02_tools/install/py01_launch/share/py01_launch
[0.554s] running install_egg_info
[0.555s] Copying ../../build/py01_launch/py01_launch.egg-info to /home/pz10on/Work/ws02_tools/install/py01_launch/lib/python3.10/site-packages/py01_launch-0.0.0-py3.10.egg-info
[0.556s] running install_scripts
[0.572s] writing list of installed files to '/home/pz10on/Work/ws02_tools/build/py01_launch/install.log'
[0.594s] Invoked command in '/home/pz10on/Work/ws02_tools/src/py01_launch' returned '0': PYTHONPATH=/home/pz10on/Work/ws02_tools/build/py01_launch/prefix_override:/home/pz10on/Work/ws02_tools/install/py01_launch/lib/python3.10/site-packages:${PYTHONPATH} /usr/bin/python3 setup.py egg_info --egg-base ../../build/py01_launch build --build-base /home/pz10on/Work/ws02_tools/build/py01_launch/build install --record /home/pz10on/Work/ws02_tools/build/py01_launch/install.log --single-version-externally-managed
